Log file open, 02/23/18 19:10:33
LogWindows: Failed to load 'aqProf.dll' (GetLastError=126)
LogWindows: File 'aqProf.dll' does not exist
LogWindows: Failed to load 'VtuneApi.dll' (GetLastError=126)
LogWindows: File 'VtuneApi.dll' does not exist
LogWindows: Failed to load 'VtuneApi32e.dll' (GetLastError=126)
LogWindows: File 'VtuneApi32e.dll' does not exist
LogInit: Display: Running engine for game: VR_PRO_18
LogPlatformFile: Not using cached read wrapper
LogInit: Display: RandInit(-775974337) SRandInit(-775974337).
LogInit: Read version file with build ID '3709383'
LogInit: Overriding engine version to CL 3832480, compatible CL 3709383
LogInit: Registered custom module enumerator with build ID '3709383'
LogTaskGraph: Started task graph with 5 named threads and 14 total threads with 3 sets of task threads.
LogStats: Stats thread started at 0.329995
LogD3D11RHI: Aftermath initialized
LogModuleManager: Display: Found up-to-date module file ../../../Engine/Plugins/2D/Paper2D/Binaries/Win64/UE4Editor-Paper2D.dll (API version 3709383).
LogModuleManager: Display: Found up-to-date module file ../../../Engine/Plugins/2D/Paper2D/Binaries/Win64/UE4Editor-Paper2DEditor.dll (API version 3709383).
LogModuleManager: Display: Found up-to-date module file ../../../Engine/Plugins/2D/Paper2D/Binaries/Win64/UE4Editor-PaperSpriteSheetImporter.dll (API version 3709383).
LogModuleManager: Display: Found up-to-date module file ../../../Engine/Plugins/2D/Paper2D/Binaries/Win64/UE4Editor-PaperTiledImporter.dll (API version 3709383).
LogModuleManager: Display: Found up-to-date module file ../../../Engine/Plugins/2D/Paper2D/Binaries/Win64/UE4Editor-SmartSnapping.dll (API version 3709383).
LogModuleManager: Display: Found up-to-date module file ../../../Engine/Plugins/Blendables/LightPropagationVolume/Binaries/Win64/UE4Editor-LightPropagationVolumeRuntime.dll (API version 3709383).
LogModuleManager: Display: Found up-to-date module file ../../../Engine/Plugins/Blendables/LightPropagationVolume/Binaries/Win64/UE4Editor-LightPropagationVolumeEditor.dll (API version 3709383).
LogModuleManager: Display: Found up-to-date module file ../../../Engine/Plugins/Developer/GitSourceControl/Binaries/Win64/UE4Editor-GitSourceControl.dll (API version 3709383).
LogModuleManager: Display: Found up-to-date module file ../../../Engine/Plugins/Developer/PerforceSourceControl/Binaries/Win64/UE4Editor-PerforceSourceControl.dll (API version 3709383).
LogModuleManager: Display: Found up-to-date module file ../../../Engine/Plugins/Developer/SubversionSourceControl/Binaries/Win64/UE4Editor-SubversionSourceControl.dll (API version 3709383).
LogModuleManager: Display: Found up-to-date module file ../../../Engine/Plugins/Developer/UObjectPlugin/Binaries/Win64/UE4Editor-UObjectPlugin.dll (API version 3709383).
LogModuleManager: Display: Found up-to-date module file ../../../Engine/Plugins/Developer/VisualStudioCodeSourceCodeAccess/Binaries/Win64/UE4Editor-VisualStudioCodeSourceCodeAccess.dll (API version 3709383).
LogModuleManager: Display: Found up-to-date module file ../../../Engine/Plugins/Developer/VisualStudioSourceCodeAccess/Binaries/Win64/UE4Editor-VisualStudioSourceCodeAccess.dll (API version 3709383).
LogModuleManager: Display: Found up-to-date module file ../../../Engine/Plugins/Editor/AssetManagerEditor/Binaries/Win64/UE4Editor-AssetManagerEditor.dll (API version 3709383).
LogModuleManager: Display: Found up-to-date module file ../../../Engine/Plugins/Editor/AudioCapture/Binaries/Win64/UE4Editor-AudioCapture.dll (API version 3709383).
LogModuleManager: Display: Found up-to-date module file ../../../Engine/Plugins/Editor/FacialAnimation/Binaries/Win64/UE4Editor-FacialAnimation.dll (API version 3709383).
LogModuleManager: Display: Found up-to-date module file ../../../Engine/Plugins/Editor/FacialAnimation/Binaries/Win64/UE4Editor-FacialAnimationEditor.dll (API version 3709383).
LogModuleManager: Display: Found up-to-date module file ../../../Engine/Plugins/Editor/GameplayTagsEditor/Binaries/Win64/UE4Editor-GameplayTagsEditor.dll (API version 3709383).
LogModuleManager: Display: Found up-to-date module file ../../../Engine/Plugins/Editor/MobileLauncherProfileWizard/Binaries/Win64/UE4Editor-MobileLauncherProfileWizard.dll (API version 3709383).
LogModuleManager: Display: Found up-to-date module file ../../../Engine/Plugins/Editor/PluginBrowser/Binaries/Win64/UE4Editor-PluginBrowser.dll (API version 3709383).
LogModuleManager: Display: Found up-to-date module file ../../../Engine/Plugins/Editor/SpeedTreeImporter/Binaries/Win64/UE4Editor-SpeedTreeImporter.dll (API version 3709383).
LogModuleManager: Display: Found up-to-date module file ../../../Engine/Plugins/Experimental/AlembicImporter/Binaries/Win64/UE4Editor-AlembicImporter.dll (API version 3709383).
LogModuleManager: Display: Found up-to-date module file ../../../Engine/Plugins/Experimental/AlembicImporter/Binaries/Win64/UE4Editor-AlembicLibrary.dll (API version 3709383).
LogModuleManager: Display: Found up-to-date module file ../../../Engine/Plugins/Experimental/CharacterAI/Binaries/Win64/UE4Editor-CharacterAI.dll (API version 3709383).
LogModuleManager: Display: Found up-to-date module file ../../../Engine/Plugins/Experimental/HTML5Networking/Binaries/Win64/UE4Editor-HTML5Networking.dll (API version 3709383).
LogModuleManager: Display: Found up-to-date module file ../../../Engine/Plugins/Media/AndroidMedia/Binaries/Win64/UE4Editor-AndroidMediaEditor.dll (API version 3709383).
LogModuleManager: Display: Found up-to-date module file ../../../Engine/Plugins/Media/AndroidMedia/Binaries/Win64/UE4Editor-AndroidMediaFactory.dll (API version 3709383).
LogModuleManager: Display: Found up-to-date module file ../../../Engine/Plugins/Media/AvfMedia/Binaries/Win64/UE4Editor-AvfMediaEditor.dll (API version 3709383).
LogModuleManager: Display: Found up-to-date module file ../../../Engine/Plugins/Media/AvfMedia/Binaries/Win64/UE4Editor-AvfMediaFactory.dll (API version 3709383).
LogModuleManager: Display: Found up-to-date module file ../../../Engine/Plugins/Media/AvfMedia/Binaries/Win64/UE4Editor-AvfMediaFactory.dll (API version 3709383).
LogModuleManager: Display: Found up-to-date module file ../../../Engine/Plugins/Media/ImgMedia/Binaries/Win64/UE4Editor-ImgMedia.dll (API version 3709383).
LogModuleManager: Display: Found up-to-date module file ../../../Engine/Plugins/Media/ImgMedia/Binaries/Win64/UE4Editor-ImgMediaEditor.dll (API version 3709383).
LogModuleManager: Display: Found up-to-date module file ../../../Engine/Plugins/Media/ImgMedia/Binaries/Win64/UE4Editor-ImgMediaFactory.dll (API version 3709383).
LogModuleManager: Display: Found up-to-date module file ../../../Engine/Plugins/Media/ImgMedia/Binaries/Win64/UE4Editor-ImgMediaFactory.dll (API version 3709383).
LogModuleManager: Display: Found up-to-date module file ../../../Engine/Plugins/Media/ImgMedia/Binaries/Win64/UE4Editor-OpenExrWrapper.dll (API version 3709383).
LogModuleManager: Display: Found up-to-date module file ../../../Engine/Plugins/Media/MediaCompositing/Binaries/Win64/UE4Editor-MediaCompositing.dll (API version 3709383).
LogModuleManager: Display: Found up-to-date module file ../../../Engine/Plugins/Media/MediaCompositing/Binaries/Win64/UE4Editor-MediaCompositingEditor.dll (API version 3709383).
LogModuleManager: Display: Found up-to-date module file ../../../Engine/Plugins/Media/MediaPlayerEditor/Binaries/Win64/UE4Editor-MediaPlayerEditor.dll (API version 3709383).
LogModuleManager: Display: Found up-to-date module file ../../../Engine/Plugins/Media/WmfMedia/Binaries/Win64/UE4Editor-WmfMedia.dll (API version 3709383).
LogModuleManager: Display: Found up-to-date module file ../../../Engine/Plugins/Media/WmfMedia/Binaries/Win64/UE4Editor-WmfMediaEditor.dll (API version 3709383).
LogModuleManager: Display: Found up-to-date module file ../../../Engine/Plugins/Media/WmfMedia/Binaries/Win64/UE4Editor-WmfMediaFactory.dll (API version 3709383).
LogModuleManager: Display: Found up-to-date module file ../../../Engine/Plugins/Media/WmfMedia/Binaries/Win64/UE4Editor-WmfMediaFactory.dll (API version 3709383).
LogModuleManager: Display: Found up-to-date module file ../../../Engine/Plugins/Messaging/TcpMessaging/Binaries/Win64/UE4Editor-TcpMessaging.dll (API version 3709383).
LogModuleManager: Display: Found up-to-date module file ../../../Engine/Plugins/Messaging/UdpMessaging/Binaries/Win64/UE4Editor-UdpMessaging.dll (API version 3709383).
LogModuleManager: Display: Found up-to-date module file ../../../Engine/Plugins/MovieScene/ActorSequence/Binaries/Win64/UE4Editor-ActorSequence.dll (API version 3709383).
LogModuleManager: Display: Found up-to-date module file ../../../Engine/Plugins/MovieScene/LevelSequenceEditor/Binaries/Win64/UE4Editor-LevelSequenceEditor.dll (API version 3709383).
LogModuleManager: Display: Found up-to-date module file ../../../Engine/Plugins/MovieScene/MatineeToLevelSequence/Binaries/Win64/UE4Editor-MatineeToLevelSequence.dll (API version 3709383).
LogModuleManager: Display: Found up-to-date module file ../../../Engine/Plugins/Online/OnlineSubsystem/Binaries/Win64/UE4Editor-OnlineSubsystem.dll (API version 3709383).
LogModuleManager: Display: Found up-to-date module file ../../../Engine/Plugins/Runtime/AndroidPermission/Binaries/Win64/UE4Editor-AndroidPermission.dll (API version 3709383).
LogModuleManager: Display: Found up-to-date module file ../../../Engine/Plugins/Online/OnlineSubsystemNull/Binaries/Win64/UE4Editor-OnlineSubsystemNull.dll (API version 3709383).
LogModuleManager: Display: Found up-to-date module file ../../../Engine/Plugins/Online/OnlineSubsystemUtils/Binaries/Win64/UE4Editor-OnlineSubsystemUtils.dll (API version 3709383).
LogModuleManager: Display: Found up-to-date module file ../../../Engine/Plugins/Online/OnlineSubsystemUtils/Binaries/Win64/UE4Editor-OnlineBlueprintSupport.dll (API version 3709383).
LogModuleManager: Display: Found up-to-date module file ../../../Engine/Plugins/Runtime/AndroidDeviceProfileSelector/Binaries/Win64/UE4Editor-AndroidDeviceProfileSelector.dll (API version 3709383).
LogModuleManager: Display: Found up-to-date module file ../../../Engine/Plugins/Runtime/AppleARKit/Binaries/Win64/UE4Editor-AppleARKit.dll (API version 3709383).
LogModuleManager: Display: Found up-to-date module file ../../../Engine/Plugins/Runtime/ArchVisCharacter/Binaries/Win64/UE4Editor-ArchVisCharacter.dll (API version 3709383).
LogModuleManager: Display: Found up-to-date module file ../../../Engine/Plugins/Runtime/CableComponent/Binaries/Win64/UE4Editor-CableComponent.dll (API version 3709383).
LogModuleManager: Display: Found up-to-date module file ../../../Engine/Plugins/Runtime/CustomMeshComponent/Binaries/Win64/UE4Editor-CustomMeshComponent.dll (API version 3709383).
LogModuleManager: Display: Found up-to-date module file ../../../Engine/Plugins/Runtime/ExampleDeviceProfileSelector/Binaries/Win64/UE4Editor-ExampleDeviceProfileSelector.dll (API version 3709383).
LogModuleManager: Display: Found up-to-date module file ../../../Engine/Plugins/Runtime/ImmediatePhysics/Binaries/Win64/UE4Editor-ImmediatePhysics.dll (API version 3709383).
LogModuleManager: Display: Found up-to-date module file ../../../Engine/Plugins/Runtime/ImmediatePhysics/Binaries/Win64/UE4Editor-ImmediatePhysicsEditor.dll (API version 3709383).
LogModuleManager: Display: Found up-to-date module file ../../../Engine/Plugins/Runtime/LocationServicesBPLibrary/Binaries/Win64/UE4Editor-LocationServicesBPLibrary.dll (API version 3709383).
LogModuleManager: Display: Found up-to-date module file ../../../Engine/Plugins/Runtime/MobilePatchingUtils/Binaries/Win64/UE4Editor-MobilePatchingUtils.dll (API version 3709383).
LogModuleManager: Display: Found up-to-date module file ../../../Engine/Plugins/Runtime/Oculus/OculusVR/Binaries/Win64/UE4Editor-OculusHMD.dll (API version 3709383).
LogModuleManager: Display: Found up-to-date module file ../../../Engine/Plugins/Runtime/Oculus/OculusVR/Binaries/Win64/UE4Editor-OculusInput.dll (API version 3709383).
LogModuleManager: Display: Found up-to-date module file ../../../Engine/Plugins/Runtime/Oculus/OculusVR/Binaries/Win64/UE4Editor-OculusEditor.dll (API version 3709383).
LogModuleManager: Display: Found up-to-date module file ../../../Engine/Plugins/Runtime/PhysXVehicles/Binaries/Win64/UE4Editor-PhysXVehicles.dll (API version 3709383).
LogModuleManager: Display: Found up-to-date module file ../../../Engine/Plugins/Runtime/PhysXVehicles/Binaries/Win64/UE4Editor-PhysXVehiclesEditor.dll (API version 3709383).
LogModuleManager: Display: Found up-to-date module file ../../../Engine/Plugins/Runtime/ProceduralMeshComponent/Binaries/Win64/UE4Editor-ProceduralMeshComponent.dll (API version 3709383).
LogModuleManager: Display: Found up-to-date module file ../../../Engine/Plugins/Runtime/ProceduralMeshComponent/Binaries/Win64/UE4Editor-ProceduralMeshComponentEditor.dll (API version 3709383).
LogModuleManager: Display: Found up-to-date module file ../../../Engine/Plugins/Runtime/RuntimePhysXCooking/Binaries/Win64/UE4Editor-RuntimePhysXCooking.dll (API version 3709383).
LogModuleManager: Display: Found up-to-date module file ../../../Engine/Plugins/Runtime/Steam/SteamVR/Binaries/Win64/UE4Editor-SteamVR.dll (API version 3709383).
LogModuleManager: Display: Found up-to-date module file ../../../Engine/Plugins/Runtime/Steam/SteamVR/Binaries/Win64/UE4Editor-SteamVRController.dll (API version 3709383).
LogModuleManager: Display: Found up-to-date module file ../../../Engine/Plugins/Runtime/WindowsMoviePlayer/Binaries/Win64/UE4Editor-WindowsMoviePlayer.dll (API version 3709383).
LogModuleManager: Display: Found up-to-date module file ../../../Engine/Plugins/UE4Duino/Binaries/Win64/UE4Editor-UE4Duino.dll (API version 3709383).
LogPluginManager: Mounting plugin Paper2D
LogPluginManager: Mounting plugin LightPropagationVolume
LogPluginManager: Mounting plugin CodeLiteSourceCodeAccess
LogPluginManager: Mounting plugin GitSourceControl
LogPluginManager: Mounting plugin KDevelopSourceCodeAccess
LogPluginManager: Mounting plugin NullSourceCodeAccess
LogPluginManager: Mounting plugin PerforceSourceControl
LogPluginManager: Mounting plugin SubversionSourceControl
LogPluginManager: Mounting plugin UObjectPlugin
LogPluginManager: Mounting plugin VisualStudioCodeSourceCodeAccess
LogPluginManager: Mounting plugin VisualStudioSourceCodeAccess
LogPluginManager: Mounting plugin XCodeSourceCodeAccess
LogPluginManager: Mounting plugin AssetManagerEditor
LogPluginManager: Mounting plugin AudioCapture
LogPluginManager: Mounting plugin FacialAnimation
LogPluginManager: Mounting plugin GameplayTagsEditor
LogPluginManager: Mounting plugin MobileLauncherProfileWizard
LogPluginManager: Mounting plugin PluginBrowser
LogPluginManager: Mounting plugin SpeedTreeImporter
LogPluginManager: Mounting plugin AlembicImporter
LogPluginManager: Mounting plugin CharacterAI
LogPluginManager: Mounting plugin HTML5Networking
LogPluginManager: Mounting plugin AndroidMedia
LogPluginManager: Mounting plugin AvfMedia
LogPluginManager: Mounting plugin ImgMedia
LogPluginManager: Mounting plugin MediaCompositing
LogPluginManager: Mounting plugin MediaPlayerEditor
LogPluginManager: Mounting plugin WmfMedia
LogPluginManager: Mounting plugin TcpMessaging
LogPluginManager: Mounting plugin UdpMessaging
LogPluginManager: Mounting plugin ActorSequence
LogPluginManager: Mounting plugin LevelSequenceEditor
LogPluginManager: Mounting plugin MatineeToLevelSequence
LogPluginManager: Mounting plugin OnlineSubsystemGooglePlay
LogPluginManager: Mounting plugin OnlineSubsystemIOS
LogPluginManager: Mounting plugin OnlineSubsystem
LogPluginManager: Mounting plugin OnlineSubsystemNull
LogPluginManager: Mounting plugin OnlineSubsystemUtils
LogPluginManager: Mounting plugin AndroidDeviceProfileSelector
LogPluginManager: Mounting plugin AndroidMoviePlayer
LogPluginManager: Mounting plugin AndroidPermission
LogPluginManager: Mounting plugin AppleARKit
LogPluginManager: Mounting plugin AppleMoviePlayer
LogPluginManager: Mounting plugin ArchVisCharacter
LogPluginManager: Mounting plugin CableComponent
LogPluginManager: Mounting plugin CustomMeshComponent
LogPluginManager: Mounting plugin ExampleDeviceProfileSelector
LogPluginManager: Mounting plugin GoogleCloudMessaging
LogPluginManager: Mounting plugin ImmediatePhysics
LogPluginManager: Mounting plugin IOSDeviceProfileSelector
LogPluginManager: Mounting plugin LinuxDeviceProfileSelector
LogPluginManager: Mounting plugin LocationServicesBPLibrary
LogPluginManager: Mounting plugin MobilePatchingUtils
LogPluginManager: Mounting plugin OculusVR
LogPluginManager: Plugin shader directory ../../../Engine/Plugins/Runtime/Oculus/OculusVR/Shaders found
LogPluginManager: Mapping shader source directory ../../../Engine/Plugins/Runtime/Oculus/OculusVR/Shaders to virtual directory /Plugin/OculusVR
LogPluginManager: Mounting plugin PhysXVehicles
LogPluginManager: Mounting plugin ProceduralMeshComponent
LogPluginManager: Mounting plugin RuntimePhysXCooking
LogPluginManager: Mounting plugin SteamVR
LogPluginManager: Mounting plugin WindowsMoviePlayer
LogPluginManager: Mounting plugin UE4Duino
LogInit: Using libcurl 7.47.1
LogInit:  - built for x86_64-pc-win32
LogInit:  - supports SSL with OpenSSL/1.0.2g
LogInit:  - supports HTTP deflate (compression) using libz 1.2.8
LogInit:  - other features:
LogInit:      CURL_VERSION_SSL
LogInit:      CURL_VERSION_LIBZ
LogInit:      CURL_VERSION_IPV6
LogInit:      CURL_VERSION_ASYNCHDNS
LogInit:      CURL_VERSION_LARGEFILE
LogInit:      CURL_VERSION_IDN
LogInit:  CurlRequestOptions (configurable via config and command line):
LogInit:  - bVerifyPeer = false  - Libcurl will NOT verify peer certificate
LogInit:  - bUseHttpProxy = false  - Libcurl will NOT use HTTP proxy
LogInit:  - bDontReuseConnections = false  - Libcurl will reuse connections
LogInit:  - CertBundlePath = nullptr  - Libcurl will use whatever was configured at build time.
LogInit: Build: ++UE4+Release-4.18-CL-3832480
LogInit: Engine Version: 4.18.3-3832480+++UE4+Release-4.18
LogInit: Compatible Engine Version: 4.18.0-3709383+++UE4+Release-4.18
LogInit: Net CL: 3709383
LogDevObjectVersion: Number of dev versions registered: 16
LogDevObjectVersion:   Dev-Blueprints (B0D832E4-1F89-4F0D-ACCF-7EB736FD4AA2): 10
LogDevObjectVersion:   Dev-Build (E1C64328-A22C-4D53-A36C-8E866417BD8C): 0
LogDevObjectVersion:   Dev-Core (375EC13C-06E4-48FB-B500-84F0262A717E): 2
LogDevObjectVersion:   Dev-Editor (E4B068ED-F494-42E9-A231-DA0B2E46BB41): 20
LogDevObjectVersion:   Dev-Framework (CFFC743F-43B0-4480-9391-14DF171D2073): 30
LogDevObjectVersion:   Dev-Mobile (B02B49B5-BB20-44E9-A304-32B752E40360): 0
LogDevObjectVersion:   Dev-Networking (A4E4105C-59A1-49B5-A7C5-40C4547EDFEE): 0
LogDevObjectVersion:   Dev-Online (39C831C9-5AE6-47DC-9A44-9C173E1C8E7C): 0
LogDevObjectVersion:   Dev-Physics (78F01B33-EBEA-4F98-B9B4-84EACCB95AA2): 0
LogDevObjectVersion:   Dev-Platform (6631380F-2D4D-43E0-8009-CF276956A95A): 0
LogDevObjectVersion:   Dev-Rendering (12F88B9F-8875-4AFC-A67C-D90C383ABD29): 20
LogDevObjectVersion:   Dev-Sequencer (7B5AE74C-D270-4C10-A958-57980B212A5A): 4
LogDevObjectVersion:   Dev-VR (D7296918-1DD6-4BDD-9DE2-64A83CC13884): 0
LogDevObjectVersion:   Dev-LoadTimes (C2A15278-BFE7-4AFE-6C17-90FF531DF755): 1
LogDevObjectVersion:   Private-Geometry (6EACA3D4-40EC-4CC1-B786-8BED09428FC5): 1
LogDevObjectVersion:   Dev-AnimPhys (29E575DD-E0A3-4627-9D10-D276232CDCEA): 12
LogInit: Compiled (64-bit): Jan 12 2018 02:04:55
LogInit: Compiled with Visual C++: 19.00.24215.01
LogInit: Build Configuration: Development
LogInit: Branch Name: ++UE4+Release-4.18
LogInit: Command line: 
LogInit: Base directory: C:/Program Files/Epic Games/UE_4.18/Engine/Binaries/Win64/
LogInit: Installed Engine Build: 1
LogInit: Presizing for max 8388607 objects, including 0 objects not considered by GC, pre-allocating 0 bytes for permanent pool.
LogInit: Object subsystem initialized
[2018.02.24-01.10.39:110][  0]LogInit: Selected Device Profile: [Windows]
[2018.02.24-01.10.39:110][  0]LogInit: Applying CVar settings loaded from the selected device profile: [Windows]
[2018.02.24-01.10.39:189][  0]LogInit: Computer: ACDEC
[2018.02.24-01.10.39:189][  0]LogInit: User: estebancarranza
[2018.02.24-01.10.39:189][  0]LogInit: CPU Page size=4096, Cores=4
[2018.02.24-01.10.39:189][  0]LogInit: High frequency timer resolution =1.852006 MHz
[2018.02.24-01.10.39:189][  0]LogMemory: Memory total: Physical=10.9GB (11GB approx)
[2018.02.24-01.10.39:189][  0]LogMemory: Platform Memory Stats for Windows
[2018.02.24-01.10.39:189][  0]LogMemory: Process Physical Memory: 271.12 MB used, 271.12 MB peak
[2018.02.24-01.10.39:190][  0]LogMemory: Process Virtual Memory: 269.67 MB used, 269.67 MB peak
[2018.02.24-01.10.39:190][  0]LogMemory: Physical Memory: 2720.13 MB used,  8490.13 MB free, 11210.26 MB total
[2018.02.24-01.10.39:190][  0]LogMemory: Virtual Memory: 623.26 MB used,  8490.13 MB free, 134217728.00 MB total
[2018.02.24-01.10.39:681][  0]LogInit: Overriding language with editor language configuration option (en).
[2018.02.24-01.10.39:681][  0]LogInit: Overriding locale with editor culture configuration option ().
[2018.02.24-01.10.39:681][  0]LogInit: Using OS detected locale (es-MX).
[2018.02.24-01.10.40:806][  0]LogInit: Setting process to per monitor DPI aware
[2018.02.24-01.10.41:561][  0]LogD3D11RHI: D3D11 adapters:
[2018.02.24-01.10.41:592][  0]LogD3D11RHI:    0. 'AMD Radeon(TM) R6 Graphics' (Feature Level 11_0)
[2018.02.24-01.10.41:592][  0]LogD3D11RHI:       989/0/3840 MB DedicatedVideo/DedicatedSystem/SharedSystem, Outputs:1, VendorId:0x1002
[2018.02.24-01.10.41:595][  0]LogD3D11RHI:    1. 'Microsoft Basic Render Driver' (Feature Level 11_0)
[2018.02.24-01.10.41:595][  0]LogD3D11RHI:       0/0/256 MB DedicatedVideo/DedicatedSystem/SharedSystem, Outputs:0, VendorId:0x1414
[2018.02.24-01.10.41:595][  0]LogD3D11RHI: Chosen D3D11 Adapter: 0
[2018.02.24-01.10.41:608][  0]LogD3D11RHI: Creating new Direct3DDevice
[2018.02.24-01.10.41:608][  0]LogD3D11RHI:     GPU DeviceId: 0x130a (for the marketing name, search the web for "GPU Device Id")
[2018.02.24-01.10.41:608][  0]LogWindows: EnumDisplayDevices:
[2018.02.24-01.10.41:609][  0]LogWindows:    0. 'AMD Radeon(TM) R6 Graphics' (P:1 D:1)
[2018.02.24-01.10.41:610][  0]LogWindows:    1. 'AMD Radeon(TM) R6 Graphics' (P:0 D:0)
[2018.02.24-01.10.41:610][  0]LogWindows:    2. 'AMD Radeon(TM) R6 Graphics' (P:0 D:0)
[2018.02.24-01.10.41:611][  0]LogWindows:    3. 'AMD Radeon(TM) R6 Graphics' (P:0 D:0)
[2018.02.24-01.10.41:611][  0]LogWindows: DebugString: FoundDriverCount:4 
[2018.02.24-01.10.41:611][  0]LogD3D11RHI:     Adapter Name: AMD Radeon(TM) R6 Graphics
[2018.02.24-01.10.41:612][  0]LogD3D11RHI:   Driver Version: Crimson ReLive 16.12.2 (internal:21.19.407.0, unified:21.19.407.0)
[2018.02.24-01.10.41:612][  0]LogD3D11RHI:      Driver Date: 12-23-2016
[2018.02.24-01.10.41:612][  0]LogRHI: Texture pool is 692 MB (70% of 989 MB)
[2018.02.24-01.10.41:680][  0]LogD3D11RHI: Async texture creation enabled
[2018.02.24-01.10.41:698][  0]LogD3D11RHI: GPU Timing Frequency: 100.000000 (Debug: 2 1)
[2018.02.24-01.10.41:701][  0]LogShaderCompilers: Guid format shader working directory is -19 characters bigger than the processId version (../../../../../../Users/esteban.carranza/Documents/Unreal Projects/VR_PRO_18/Intermediate/Shaders/WorkingDirectory/3856/).
[2018.02.24-01.10.41:702][  0]LogShaderCompilers: Cleaned the shader compiler working directory 'C:/Users/esteban.carranza/AppData/Local/Temp/UnrealShaderWorkingDir/204DC27349B4ED546CB3B488ED0C8E22/'.
[2018.02.24-01.10.41:702][  0]LogShaderCompilers: Display: Using Local Shader Compiler.
[2018.02.24-01.10.44:708][  0]LogTemp: Display: Loaded TP AllDesktopTargetPlatform
[2018.02.24-01.10.44:885][  0]LogTemp: Display: Loaded TP MacClientTargetPlatform
[2018.02.24-01.10.45:062][  0]LogTemp: Display: Loaded TP MacNoEditorTargetPlatform
[2018.02.24-01.10.45:238][  0]LogTemp: Display: Loaded TP MacServerTargetPlatform
[2018.02.24-01.10.45:411][  0]LogTemp: Display: Loaded TP MacTargetPlatform
[2018.02.24-01.10.45:586][  0]LogTemp: Display: Loaded TP WindowsClientTargetPlatform
[2018.02.24-01.10.45:760][  0]LogTemp: Display: Loaded TP WindowsNoEditorTargetPlatform
[2018.02.24-01.10.45:933][  0]LogTemp: Display: Loaded TP WindowsServerTargetPlatform
[2018.02.24-01.10.46:084][  0]LogTemp: Display: Loaded TP WindowsTargetPlatform
[2018.02.24-01.10.46:264][  0]LogTemp: Display: Loaded TP Android_ASTCTargetPlatform
[2018.02.24-01.10.46:449][  0]LogTemp: Display: Loaded TP Android_ATCTargetPlatform
[2018.02.24-01.10.46:625][  0]LogTemp: Display: Loaded TP Android_DXTTargetPlatform
[2018.02.24-01.10.46:811][  0]LogTemp: Display: Loaded TP Android_ETC1TargetPlatform
[2018.02.24-01.10.46:994][  0]LogTemp: Display: Loaded TP Android_ETC2TargetPlatform
[2018.02.24-01.10.47:347][  0]LogTemp: Display: Loaded TP Android_MultiTargetPlatform
[2018.02.24-01.10.47:347][  0]LogTemp: Display: Loaded TP Android_PVRTCTargetPlatform
[2018.02.24-01.10.47:527][  0]LogTemp: Display: Loaded TP AndroidTargetPlatform
[2018.02.24-01.10.47:672][  0]LogTemp: Display: Loaded TP HTML5TargetPlatform
[2018.02.24-01.10.47:936][  0]LogTemp: Display: Loaded TP IOSTargetPlatform
[2018.02.24-01.10.48:045][  0]LogTemp: Display: Loaded TP TVOSTargetPlatform
[2018.02.24-01.10.48:218][  0]LogTemp: Display: Loaded TP LinuxClientTargetPlatform
[2018.02.24-01.10.48:387][  0]LogTemp: Display: Loaded TP LinuxNoEditorTargetPlatform
[2018.02.24-01.10.48:557][  0]LogTemp: Display: Loaded TP LinuxServerTargetPlatform
[2018.02.24-01.10.48:728][  0]LogTemp: Display: Loaded TP LinuxTargetPlatform
[2018.02.24-01.10.48:728][  0]LogTargetPlatformManager: Display: Building Assets For Windows
[2018.02.24-01.10.50:335][  0]LogDerivedDataCache: Display: Max Cache Size: 512 MB
[2018.02.24-01.10.50:719][  0]LogDerivedDataCache: Loaded boot cache 0.38s 92MB C:/Users/esteban.carranza/AppData/Local/UnrealEngine/4.18/DerivedDataCache/Boot.ddc.
[2018.02.24-01.10.50:720][  0]LogDerivedDataCache: Display: Loaded Boot cache: C:/Users/esteban.carranza/AppData/Local/UnrealEngine/4.18/DerivedDataCache/Boot.ddc
[2018.02.24-01.10.50:720][  0]LogDerivedDataCache: FDerivedDataBackendGraph:  Pak pak cache file ../../../../../../Users/esteban.carranza/Documents/Unreal Projects/VR_PRO_18/DerivedDataCache/DDC.ddp not found, will not use a pak cache.
[2018.02.24-01.10.50:720][  0]LogDerivedDataCache: Unable to find inner node Pak for hierarchical cache Hierarchy.
[2018.02.24-01.10.50:720][  0]LogDerivedDataCache: FDerivedDataBackendGraph:  CompressedPak pak cache file ../../../../../../Users/esteban.carranza/Documents/Unreal Projects/VR_PRO_18/DerivedDataCache/Compressed.ddp not found, will not use a pak cache.
[2018.02.24-01.10.50:720][  0]LogDerivedDataCache: Unable to find inner node CompressedPak for hierarchical cache Hierarchy.
[2018.02.24-01.10.50:769][  0]LogDerivedDataCache: Display: Pak cache opened for reading ../../../Engine/DerivedDataCache/Compressed.ddp.
[2018.02.24-01.10.50:785][  0]LogDerivedDataCache: Using Local data cache path C:/Users/esteban.carranza/AppData/Local/UnrealEngine/Common/DerivedDataCache: Writable
[2018.02.24-01.10.50:820][  0]LogMaterial: Verifying Global Shaders for PCD3D_SM5
[2018.02.24-01.10.50:821][  0]LogSlate: Using Freetype 2.6.0
[2018.02.24-01.10.50:823][  0]LogSlate: SlateFontCache - WITH_FREETYPE: 1, WITH_HARFBUZZ: 1
[2018.02.24-01.10.50:823][  0]LogSlate: SlateFontCache - WITH_FREETYPE: 1, WITH_HARFBUZZ: 1
[2018.02.24-01.10.52:012][  0]LogInit: Selected Device Profile: [Windows]
[2018.02.24-01.10.53:124][  0]LogSimplygon: Simplygon DLL not present - disabling.
[2018.02.24-01.10.53:262][  0]LogMeshReduction: Using SimplygonSwarm for distributed automatic mesh merging
[2018.02.24-01.10.53:262][  0]LogMeshReduction: Using QuadricMeshReduction for automatic static mesh reduction
[2018.02.24-01.10.53:262][  0]LogMeshReduction: No automatic skeletal mesh reduction module available
[2018.02.24-01.10.53:262][  0]LogMeshReduction: No automatic mesh merging module available
[2018.02.24-01.10.53:262][  0]LogMeshMerging: No automatic mesh merging module available
[2018.02.24-01.10.53:349][  0]LogNetVersion: VR_PRO_18 , NetCL: 3709383, EngineNetVer: 2, GameNetVer: 0 (Checksum: 3504906314)
[2018.02.24-01.10.53:900][  0]LogAssetRegistry: FAssetRegistry took 0.0393 seconds to start up
[2018.02.24-01.10.56:060][  0]LogPackageLocalizationCache: Processed 7 localized package path(s) for 1 prioritized culture(s) in 0.542787 seconds
[2018.02.24-01.10.56:081][  0]LogUObjectArray: 35870 objects as part of root set at end of initial load.
[2018.02.24-01.10.56:081][  0]LogUObjectAllocator: 7363704 out of 0 bytes used by permanent object pool.
[2018.02.24-01.10.56:081][  0]LogUObjectArray: CloseDisregardForGC: 0/0 objects in disregard for GC pool
[2018.02.24-01.10.56:319][  0]LogInit: WinSock: version 1.1 (2.2), MaxSocks=32767, MaxUdp=65467
[2018.02.24-01.11.05:322][  0]LogTcpMessaging: Initializing TcpMessaging bridge
[2018.02.24-01.11.05:451][  0]LogUdpMessaging: Initializing bridge on interface 0.0.0.0:0 to multicast group 230.0.0.1:6666.
[2018.02.24-01.11.07:028][  0]UE4DuinoLog: Warning: UE4Duino: Log Started
[2018.02.24-01.11.07:846][  0]LogMaterial: Uniform references updated for custom material expression Custom.
[2018.02.24-01.11.09:351][  0]SourceControl: Source control is disabled
[2018.02.24-01.11.09:351][  0]SourceControl: Source control is disabled
[2018.02.24-01.11.09:542][  0]SourceControl: Source control is disabled
[2018.02.24-01.11.09:728][  0]SourceControl: Source control is disabled
[2018.02.24-01.11.12:628][  0]LogAndroidPermission: UAndroidPermissionCallbackProxy::GetInstance
[2018.02.24-01.11.13:612][  0]LogOcInput: OculusInput pre-init called
[2018.02.24-01.11.14:591][  0]LogEngine: Initializing Engine...
[2018.02.24-01.11.14:598][  0]LogHMD: Failed to initialize OpenVR with code 110
[2018.02.24-01.11.15:334][  0]LogStats: UGameplayTagsManager::ConstructGameplayTagTree: Construct from data asset -  0.000 s
[2018.02.24-01.11.15:335][  0]LogStats: UGameplayTagsManager::ConstructGameplayTagTree: GameplayTagTreeChangedEvent.Broadcast -  0.000 s
[2018.02.24-01.11.15:806][  0]LogAIModule: Creating AISystem for world Untitled
[2018.02.24-01.11.15:824][  0]LogInit: XAudio2 using 'Altavoces (Realtek High Definition Audio)' : 2 channels at 48 kHz using 32 bits per sample (channel mask 0x3)
[2018.02.24-01.11.15:886][  0]LogInit: FAudioDevice initialized.
[2018.02.24-01.11.16:154][  0]LogDerivedDataCache: Saved boot cache 0.27s 92MB C:/Users/esteban.carranza/AppData/Local/UnrealEngine/4.18/DerivedDataCache/Boot.ddc.
[2018.02.24-01.11.16:228][  0]LogInit: Texture streaming: Enabled
[2018.02.24-01.11.16:588][  0]LogEngineSessionManager: EngineSessionManager initialized
[2018.02.24-01.11.17:036][  0]LogInit: Transaction tracking system initialized
[2018.02.24-01.11.18:143][  0]BlueprintLog: New page: Editor Load
[2018.02.24-01.11.21:351][  0]LocalizationService: Localization service is disabled
[2018.02.24-01.11.23:932][  0]LogConsoleResponse: Display: 
[2018.02.24-01.11.25:033][  0]LogCook: Display: Max memory allowance for cook 16384mb min free memory 0mb
[2018.02.24-01.11.25:033][  0]LogCook: Display: Mobile HDR setting 1
[2018.02.24-01.11.25:033][  0]LogGameplayTags: Display: UGameplayTagsManager::DoneAddingNativeTags. DelegateIsBound: 0
[2018.02.24-01.11.25:571][  0]LogFileCache: Scanning file cache for directory 'C:/Users/esteban.carranza/Documents/Unreal Projects/VR_PRO_18/Content/' took 0.04s
[2018.02.24-01.11.29:320][  0]SourceControl: Source control is disabled
[2018.02.24-01.11.29:321][  0]Cmd: MAP LOAD FILE="../../../../../../Users/esteban.carranza/Documents/Unreal Projects/VR_PRO_18/Content/VirtualRealityBP/Maps/StartupMap.umap" TEMPLATE=0 SHOWPROGRESS=1 FEATURELEVEL=3
[2018.02.24-01.11.29:366][  0]LightingResults: New page: Lighting Build
[2018.02.24-01.11.29:509][  0]MapCheck: New page: Map Check
[2018.02.24-01.11.29:509][  0]LightingResults: New page: Lighting Build
[2018.02.24-01.11.30:801][  0]LogAIModule: Creating AISystem for world StartupMap
[2018.02.24-01.11.30:919][  0]LogEditorServer: Finished looking for orphan Actors (0.000 secs)
[2018.02.24-01.11.30:979][  0]Cmd: MAP CHECKDEP NOCLEARLOG
[2018.02.24-01.11.31:174][  0]MapCheck: Map check complete: 0 Error(s), 0 Warning(s), took 195.138ms to complete.
[2018.02.24-01.11.31:175][  0]LogFileHelpers: Loading map 'StartupMap' took 1.854
[2018.02.24-01.11.31:246][  0]LogWindowsTextInputMethodSystem: Display: IME system now deactivated.
[2018.02.24-01.11.32:014][  0]LogCollectionManager: Loaded 0 collections in 0.005357 seconds
[2018.02.24-01.11.32:364][  0]LogFileCache: Scanning file cache for directory 'C:/Users/esteban.carranza/Documents/Unreal Projects/VR_PRO_18/Saved/Collections/' took 0.01s
[2018.02.24-01.11.32:364][  0]LogFileCache: Scanning file cache for directory 'C:/Users/esteban.carranza/Documents/Unreal Projects/VR_PRO_18/Content/Developers/estebancarranza/Collections/' took 0.01s
[2018.02.24-01.11.32:364][  0]LogFileCache: Scanning file cache for directory 'C:/Users/esteban.carranza/Documents/Unreal Projects/VR_PRO_18/Content/Collections/' took 0.01s
[2018.02.24-01.11.32:364][  0]LogCollectionManager: Rebuilt the GUID cache for 0 collections in 0.000002 seconds
[2018.02.24-01.11.32:395][  0]LogContentBrowser: Native class hierarchy populated in 0.0282 seconds. Added 2364 classes and 522 folders.
[2018.02.24-01.11.32:689][  0]LogContentBrowser: Native class hierarchy updated for 'WidgetCarousel' in 0.0007 seconds. Added 0 classes and 0 folders.
[2018.02.24-01.11.34:745][  0]LogContentBrowser: Native class hierarchy updated for 'AddContentDialog' in 0.0010 seconds. Added 0 classes and 0 folders.
[2018.02.24-01.11.35:110][  0]LogContentBrowser: Native class hierarchy updated for 'SceneOutliner' in 0.0009 seconds. Added 1 classes and 2 folders.
[2018.02.24-01.11.35:654][  0]LogSlate: Took 0.000917 seconds to synchronously load lazily loaded font '../../../Engine/Content/Slate/Fonts/Roboto-Regular.ttf' (155K)
[2018.02.24-01.11.35:674][  0]LogSlate: Took 0.000919 seconds to synchronously load lazily loaded font '../../../Engine/Content/Slate/Fonts/Roboto-Bold.ttf' (160K)
[2018.02.24-01.11.35:732][  0]LogSlate: Took 0.015023 seconds to synchronously load lazily loaded font '../../../Engine/Content/Editor/Slate/Fonts/FontAwesome.ttf' (139K)
[2018.02.24-01.11.36:495][  0]LogRenderer: Reallocating scene render targets to support 672x296 Format 26 NumSamples 1 (Frame:1).
[2018.02.24-01.11.37:267][  0]LogContentBrowser: Native class hierarchy updated for 'HierarchicalLODOutliner' in 0.0009 seconds. Added 1 classes and 2 folders.
[2018.02.24-01.11.37:267][  0]LogLoad: (Engine Initialization) Total time: 67.56 seconds
[2018.02.24-01.11.37:267][  0]LogLoad: (Engine Initialization) Total Blueprint compile time: 0.00 seconds
[2018.02.24-01.11.37:267][  0]LogExternalProfiler: Found external profiler: VSPerf
[2018.02.24-01.11.37:267][  0]LogExternalProfiler: Using external profiler: VSPerf
[2018.02.24-01.11.37:346][  0]LogContentStreaming: Texture pool size now 1000 MB
[2018.02.24-01.11.37:899][  3]LogAssetRegistry: Asset discovery search completed in 44.0220 seconds
[2018.02.24-01.11.37:903][  3]LogCollectionManager: Rebuilt the object cache for 0 collections in 0.000001 seconds (found 0 objects)
[2018.02.24-01.11.37:903][  3]LogCollectionManager: Fixed up redirectors for 0 collections in 0.000133 seconds (updated 0 objects)
[2018.02.24-01.11.38:382][ 23]LogSlate: Took 0.015632 seconds to synchronously load lazily loaded font '../../../Engine/Content/Slate/Fonts/Roboto-Light.ttf' (159K)
[2018.02.24-01.11.41:603][210]LogSlate: Took 0.000847 seconds to synchronously load lazily loaded font '../../../Engine/Content/Slate/Fonts/Roboto-Light.ttf' (159K)
[2018.02.24-01.11.51:187][739]LogSlate: Took 0.000621 seconds to synchronously load lazily loaded font '../../../Engine/Content/Slate/Fonts/Roboto-Light.ttf' (159K)
[2018.02.24-01.11.52:073][739]LogSlate: Took 0.000645 seconds to synchronously load lazily loaded font '../../../Engine/Content/Slate/Fonts/Roboto-Regular.ttf' (155K)
[2018.02.24-01.11.57:416][739]LogAIModule: Creating AISystem for world LakeWater_Example
[2018.02.24-01.11.57:417][739]LogActorComponent: RegisterComponentWithWorld: (/Game/WaterPlane/Maps/LakeWater_Example.LakeWater_Example:PersistentLevel.WorldSettings_1.StaticMeshComponent0) Trying to register component with IsPendingKill() == true. Aborting.
[2018.02.24-01.11.57:614][739]Cmd: MAP LOAD FILE="../../../../../../Users/esteban.carranza/Documents/Unreal Projects/VR_PRO_18/Content/WaterPlane/Maps/LakeWater_Example.umap" TEMPLATE=0 SHOWPROGRESS=1 FEATURELEVEL=3
[2018.02.24-01.11.57:614][739]LightingResults: New page: Lighting Build
[2018.02.24-01.11.57:616][739]LoadErrors: New page: Loading map: LakeWater_Example.umap
[2018.02.24-01.11.57:618][739]MapCheck: New page: Map Check
[2018.02.24-01.11.57:619][739]LightingResults: New page: Lighting Build
[2018.02.24-01.11.57:698][739]LogEditorServer: Finished looking for orphan Actors (0.000 secs)
[2018.02.24-01.11.57:817][739]Cmd: MAP CHECKDEP NOCLEARLOG
[2018.02.24-01.11.58:070][739]MapCheck: Map check complete: 0 Error(s), 0 Warning(s), took 252.06ms to complete.
[2018.02.24-01.11.58:073][739]LogFileHelpers: Loading map 'LakeWater_Example' took 0.461
[2018.02.24-01.12.14:916][560]LogAIModule: Creating AISystem for world OceanWater_Example
[2018.02.24-01.12.14:917][560]LogActorComponent: RegisterComponentWithWorld: (/Game/WaterPlane/Maps/OceanWater_Example.OceanWater_Example:PersistentLevel.WorldSettings_1.StaticMeshComponent0) Trying to register component with IsPendingKill() == true. Aborting.
[2018.02.24-01.12.14:977][560]Cmd: MAP LOAD FILE="../../../../../../Users/esteban.carranza/Documents/Unreal Projects/VR_PRO_18/Content/WaterPlane/Maps/OceanWater_Example.umap" TEMPLATE=0 SHOWPROGRESS=1 FEATURELEVEL=3
[2018.02.24-01.12.14:977][560]LightingResults: New page: Lighting Build
[2018.02.24-01.12.14:979][560]LoadErrors: New page: Loading map: OceanWater_Example.umap
[2018.02.24-01.12.14:981][560]MapCheck: New page: Map Check
[2018.02.24-01.12.14:981][560]LightingResults: New page: Lighting Build
[2018.02.24-01.12.15:064][560]LogEditorServer: Finished looking for orphan Actors (0.000 secs)
[2018.02.24-01.12.15:165][560]Cmd: MAP CHECKDEP NOCLEARLOG
[2018.02.24-01.12.15:394][560]MapCheck: Map check complete: 0 Error(s), 0 Warning(s), took 228.355ms to complete.
[2018.02.24-01.12.15:397][560]LogFileHelpers: Loading map 'OceanWater_Example' took 0.422
[2018.02.24-01.12.38:894][517]LogAIModule: Creating AISystem for world TranslucentWater_Example
[2018.02.24-01.12.38:895][517]LogActorComponent: RegisterComponentWithWorld: (/Game/WaterPlane/Maps/TranslucentWater_Example.TranslucentWater_Example:PersistentLevel.WorldSettings_1.StaticMeshComponent0) Trying to register component with IsPendingKill() == true. Aborting.
[2018.02.24-01.12.39:016][517]Cmd: MAP LOAD FILE="../../../../../../Users/esteban.carranza/Documents/Unreal Projects/VR_PRO_18/Content/WaterPlane/Maps/TranslucentWater_Example.umap" TEMPLATE=0 SHOWPROGRESS=1 FEATURELEVEL=3
[2018.02.24-01.12.39:016][517]LightingResults: New page: Lighting Build
[2018.02.24-01.12.39:018][517]LoadErrors: New page: Loading map: TranslucentWater_Example.umap
[2018.02.24-01.12.39:020][517]MapCheck: New page: Map Check
[2018.02.24-01.12.39:020][517]LightingResults: New page: Lighting Build
[2018.02.24-01.12.39:206][517]LogEditorServer: Finished looking for orphan Actors (0.000 secs)
[2018.02.24-01.12.39:312][517]Cmd: MAP CHECKDEP NOCLEARLOG
[2018.02.24-01.12.39:539][517]MapCheck: Map check complete: 0 Error(s), 0 Warning(s), took 226.424ms to complete.
[2018.02.24-01.12.39:542][517]LogFileHelpers: Loading map 'TranslucentWater_Example' took 0.528
[2018.02.24-01.12.40:035][521]LogHttp: Warning: 000000B111540B80: request failed, libcurl error: 6 (Couldn't resolve host name)
[2018.02.24-01.12.40:035][521]LogHttp: Warning: 000000B111540B80: libcurl info message cache 0 (Could not resolve host: datarouter.ol.epicgames.com)
[2018.02.24-01.12.40:035][521]LogHttp: Warning: 000000B111540B80: libcurl info message cache 1 (Closing connection 0)
[2018.02.24-01.12.47:843][972]LogEditorViewport: Clicking on Actor (double click): StaticMeshActor (SM_Rock4)
[2018.02.24-01.13.14:733][315]LogAIModule: Creating AISystem for world OceanWater_Example
[2018.02.24-01.13.14:734][315]LogActorComponent: RegisterComponentWithWorld: (/Game/WaterPlane/Maps/OceanWater_Example.OceanWater_Example:PersistentLevel.WorldSettings_1.StaticMeshComponent0) Trying to register component with IsPendingKill() == true. Aborting.
[2018.02.24-01.13.14:789][315]Cmd: MAP LOAD FILE="../../../../../../Users/esteban.carranza/Documents/Unreal Projects/VR_PRO_18/Content/WaterPlane/Maps/OceanWater_Example.umap" TEMPLATE=0 SHOWPROGRESS=1 FEATURELEVEL=3
[2018.02.24-01.13.14:790][315]LightingResults: New page: Lighting Build
[2018.02.24-01.13.14:791][315]LoadErrors: New page: Loading map: OceanWater_Example.umap
[2018.02.24-01.13.14:806][315]MapCheck: New page: Map Check
[2018.02.24-01.13.14:807][315]LightingResults: New page: Lighting Build
[2018.02.24-01.13.14:868][315]LogEditorServer: Finished looking for orphan Actors (0.000 secs)
[2018.02.24-01.13.14:983][315]Cmd: MAP CHECKDEP NOCLEARLOG
[2018.02.24-01.13.15:216][315]MapCheck: Map check complete: 0 Error(s), 0 Warning(s), took 233.076ms to complete.
[2018.02.24-01.13.15:219][315]LogFileHelpers: Loading map 'OceanWater_Example' took 0.432
[2018.02.24-01.13.22:751][664]LogEditorViewport: Clicking on Actor (double click): BP_OceanWater_C (BP_OceanWater_2)
[2018.02.24-01.14.14:011][672]LogAIModule: Creating AISystem for world isla
[2018.02.24-01.14.14:118][672]Cmd: MAP LOAD FILE="../../../../../../Users/esteban.carranza/Documents/Unreal Projects/VR_PRO_18/Content/RV_MAPA/isla.umap" TEMPLATE=0 SHOWPROGRESS=1 FEATURELEVEL=3
[2018.02.24-01.14.14:118][672]LightingResults: New page: Lighting Build
[2018.02.24-01.14.14:120][672]LoadErrors: New page: Loading map: isla.umap
[2018.02.24-01.14.14:123][672]MapCheck: New page: Map Check
[2018.02.24-01.14.14:123][672]LightingResults: New page: Lighting Build
[2018.02.24-01.14.17:062][672]LogEditorServer: Finished looking for orphan Actors (0.000 secs)
[2018.02.24-01.14.17:166][672]Cmd: MAP CHECKDEP NOCLEARLOG
[2018.02.24-01.14.17:420][672]MapCheck: Map check complete: 0 Error(s), 0 Warning(s), took 253.379ms to complete.
[2018.02.24-01.14.17:435][672]LogFileHelpers: Loading map 'isla' took 3.320
[2018.02.24-01.14.38:263][788]LogWindowsTextInputMethodSystem: Display: IME system now deactivated.
[2018.02.24-01.14.38:597][789]Cmd: QUIT_EDITOR
[2018.02.24-01.14.38:689][789]LogExit: Preparing to exit.
[2018.02.24-01.14.39:604][789]LogDirectoryWatcher: A directory notification for 'C:/Users/esteban.carranza/Documents/Unreal Projects/VR_PRO_18/Content/' was aborted.
[2018.02.24-01.14.39:697][789]LogExit: Editor shut down
[2018.02.24-01.14.39:715][789]LogExit: Transaction tracking system shut down
[2018.02.24-01.14.39:971][789]LogDirectoryWatcher: A directory notification for '../../../Engine/Content/' was aborted.
[2018.02.24-01.14.39:972][789]LogDirectoryWatcher: A directory notification for '../../../../../../Users/esteban.carranza/Documents/Unreal Projects/VR_PRO_18/Content/' was aborted.
[2018.02.24-01.14.39:972][789]LogDirectoryWatcher: A directory notification for '../../../Engine/Plugins/2D/Paper2D/Content/' was aborted.
[2018.02.24-01.14.39:972][789]LogDirectoryWatcher: A directory notification for '../../../Engine/Plugins/Media/MediaCompositing/Content/' was aborted.
[2018.02.24-01.14.39:972][789]LogDirectoryWatcher: A directory notification for '../../../Engine/Plugins/Runtime/AppleARKit/Content/' was aborted.
[2018.02.24-01.14.39:972][789]LogDirectoryWatcher: A directory notification for '../../../Engine/Plugins/Runtime/Oculus/OculusVR/Content/' was aborted.
[2018.02.24-01.14.39:973][789]LogDirectoryWatcher: A directory notification for '../../../Engine/Plugins/Runtime/Steam/SteamVR/Content/' was aborted.
[2018.02.24-01.14.40:107][789]LogExit: Object subsystem successfully closed.
[2018.02.24-01.14.40:150][789]LogD3D11RHI: Shutdown
[2018.02.24-01.14.40:150][789]LogD3D11RHI: CleanupD3DDevice
[2018.02.24-01.14.40:156][789]LogD3D11RHI: ~FD3D11DynamicRHI
[2018.02.24-01.14.40:217][789]LogModuleManager: Shutting down and abandoning module HierarchicalLODOutliner (550)
[2018.02.24-01.14.40:217][789]LogModuleManager: Shutting down and abandoning module SceneOutliner (548)
[2018.02.24-01.14.40:217][789]LogModuleManager: Shutting down and abandoning module AddContentDialog (546)
[2018.02.24-01.14.40:218][789]LogDirectoryWatcher: A directory notification for 'C:/Program Files/Epic Games/UE_4.18/FeaturePacks/' was aborted.
[2018.02.24-01.14.40:221][789]LogModuleManager: Shutting down and abandoning module WidgetCarousel (545)
[2018.02.24-01.14.40:221][789]LogModuleManager: Shutting down and abandoning module EditorWidgets (542)
[2018.02.24-01.14.40:221][789]LogModuleManager: Shutting down and abandoning module CollectionManager (540)
[2018.02.24-01.14.40:221][789]LogDirectoryWatcher: A directory notification for 'C:/Users/esteban.carranza/Documents/Unreal Projects/VR_PRO_18/Content/Collections/' was aborted.
[2018.02.24-01.14.40:222][789]LogDirectoryWatcher: A directory notification for 'C:/Users/esteban.carranza/Documents/Unreal Projects/VR_PRO_18/Content/Developers/estebancarranza/Collections/' was aborted.
[2018.02.24-01.14.40:222][789]LogDirectoryWatcher: A directory notification for 'C:/Users/esteban.carranza/Documents/Unreal Projects/VR_PRO_18/Saved/Collections/' was aborted.
[2018.02.24-01.14.40:222][789]LogModuleManager: Shutting down and abandoning module StatsViewer (538)
[2018.02.24-01.14.40:222][789]LogModuleManager: Shutting down and abandoning module FoliageEdit (536)
[2018.02.24-01.14.40:222][789]LogModuleManager: Shutting down and abandoning module LandscapeEditor (534)
[2018.02.24-01.14.40:222][789]LogModuleManager: Shutting down and abandoning module MeshPaintMode (532)
[2018.02.24-01.14.40:223][789]LogModuleManager: Shutting down and abandoning module SceneDepthPickerMode (530)
[2018.02.24-01.14.40:223][789]LogModuleManager: Shutting down and abandoning module ActorPickerMode (528)
[2018.02.24-01.14.40:223][789]LogModuleManager: Shutting down and abandoning module GeometryMode (526)
[2018.02.24-01.14.40:223][789]LogModuleManager: Shutting down and abandoning module TextureAlignMode (524)
[2018.02.24-01.14.40:223][789]LogModuleManager: Shutting down and abandoning module BspMode (522)
[2018.02.24-01.14.40:223][789]LogModuleManager: Shutting down and abandoning module PIEPreviewDeviceProfileSelector (520)
[2018.02.24-01.14.40:223][789]LogModuleManager: Shutting down and abandoning module HardwareSurvey (518)
[2018.02.24-01.14.40:223][789]LogModuleManager: Shutting down and abandoning module SequenceRecorderSections (516)
[2018.02.24-01.14.40:223][789]LogModuleManager: Shutting down and abandoning module AutomationWorker (514)
[2018.02.24-01.14.40:223][789]LogModuleManager: Shutting down and abandoning module MatineeToLevelSequence (512)
[2018.02.24-01.14.40:223][789]LogModuleManager: Shutting down and abandoning module LevelSequenceEditor (510)
[2018.02.24-01.14.40:223][789]LogModuleManager: Shutting down and abandoning module PlacementMode (509)
[2018.02.24-01.14.40:223][789]LogModuleManager: Shutting down and abandoning module WmfMediaFactory (506)
[2018.02.24-01.14.40:224][789]LogModuleManager: Shutting down and abandoning module WmfMediaEditor (504)
[2018.02.24-01.14.40:224][789]LogModuleManager: Shutting down and abandoning module OpenExrWrapper (502)
[2018.02.24-01.14.40:224][789]LogModuleManager: Shutting down and abandoning module ImgMediaFactory (500)
[2018.02.24-01.14.40:224][789]LogModuleManager: Shutting down and abandoning module ImgMediaEditor (498)
[2018.02.24-01.14.40:224][789]LogModuleManager: Shutting down and abandoning module AvfMediaFactory (496)
[2018.02.24-01.14.40:224][789]LogModuleManager: Shutting down and abandoning module AvfMediaEditor (494)
[2018.02.24-01.14.40:224][789]LogModuleManager: Shutting down and abandoning module AndroidMediaFactory (492)
[2018.02.24-01.14.40:224][789]LogModuleManager: Shutting down and abandoning module AndroidMediaEditor (490)
[2018.02.24-01.14.40:224][789]LogModuleManager: Shutting down and abandoning module CharacterAI (488)
[2018.02.24-01.14.40:224][789]LogModuleManager: Shutting down and abandoning module AudioCapture (486)
[2018.02.24-01.14.40:224][789]LogModuleManager: Shutting down and abandoning module SequenceRecorder (485)
[2018.02.24-01.14.40:224][789]LogModuleManager: Shutting down and abandoning module SmartSnapping (482)
[2018.02.24-01.14.40:224][789]LogModuleManager: Shutting down and abandoning module SessionServices (480)
[2018.02.24-01.14.40:224][789]LogModuleManager: Shutting down and abandoning module ViewportSnapping (478)
[2018.02.24-01.14.40:224][789]LogModuleManager: Shutting down and abandoning module ViewportInteraction (476)
[2018.02.24-01.14.40:224][789]LogModuleManager: Shutting down and abandoning module ClothPainter (474)
[2018.02.24-01.14.40:224][789]LogModuleManager: Shutting down and abandoning module SkeletalMeshEditor (473)
[2018.02.24-01.14.40:224][789]LogModuleManager: Shutting down and abandoning module LogVisualizer (470)
[2018.02.24-01.14.40:225][789]LogModuleManager: Shutting down and abandoning module IntroTutorials (468)
[2018.02.24-01.14.40:225][789]LogModuleManager: Shutting down and abandoning module GameProjectGeneration (467)
[2018.02.24-01.14.40:225][789]LogModuleManager: Shutting down and abandoning module IOSPlatformEditor (464)
[2018.02.24-01.14.40:225][789]LogModuleManager: Shutting down and abandoning module HTML5PlatformEditor (462)
[2018.02.24-01.14.40:225][789]LogModuleManager: Shutting down and abandoning module AndroidPlatformEditor (460)
[2018.02.24-01.14.40:225][789]LogModuleManager: Shutting down and abandoning module AndroidDeviceDetection (459)
[2018.02.24-01.14.40:790][789]LogModuleManager: Shutting down and abandoning module WindowsPlatformEditor (456)
[2018.02.24-01.14.40:791][789]LogModuleManager: Shutting down and abandoning module IOSRuntimeSettings (454)
[2018.02.24-01.14.40:791][789]LogModuleManager: Shutting down and abandoning module AndroidRuntimeSettings (452)
[2018.02.24-01.14.40:791][789]LogModuleManager: Shutting down and abandoning module InputBindingEditor (450)
[2018.02.24-01.14.40:791][789]LogModuleManager: Shutting down and abandoning module MergeActors (448)
[2018.02.24-01.14.40:791][789]LogModuleManager: Shutting down and abandoning module SizeMap (446)
[2018.02.24-01.14.40:791][789]LogModuleManager: Shutting down and abandoning module TreeMap (444)
[2018.02.24-01.14.40:791][789]LogModuleManager: Shutting down and abandoning module ReferenceViewer (442)
[2018.02.24-01.14.40:791][789]LogModuleManager: Shutting down and abandoning module LocalizationDashboard (440)
[2018.02.24-01.14.40:791][789]LogModuleManager: Shutting down and abandoning module LocalizationService (439)
[2018.02.24-01.14.40:791][789]LogModuleManager: Shutting down and abandoning module HardwareTargeting (436)
[2018.02.24-01.14.40:791][789]LogModuleManager: Shutting down and abandoning module DeviceProfileEditor (434)
[2018.02.24-01.14.40:791][789]LogModuleManager: Shutting down and abandoning module UndoHistory (432)
[2018.02.24-01.14.40:791][789]LogModuleManager: Shutting down and abandoning module XmlParser (430)
[2018.02.24-01.14.40:792][789]LogModuleManager: Shutting down and abandoning module Blutility (428)
[2018.02.24-01.14.40:792][789]LogModuleManager: Shutting down and abandoning module ProjectSettingsViewer (426)
[2018.02.24-01.14.40:792][789]LogModuleManager: Shutting down and abandoning module ProjectTargetPlatformEditor (425)
[2018.02.24-01.14.40:792][789]LogModuleManager: Shutting down and abandoning module EditorSettingsViewer (422)
[2018.02.24-01.14.40:792][789]LogModuleManager: Shutting down and abandoning module SettingsEditor (420)
[2018.02.24-01.14.40:792][789]LogModuleManager: Shutting down and abandoning module ProjectLauncher (418)
[2018.02.24-01.14.40:792][789]LogModuleManager: Shutting down and abandoning module SessionFrontend (416)
[2018.02.24-01.14.40:793][789]LogModuleManager: Shutting down and abandoning module ProfilerClient (414)
[2018.02.24-01.14.40:793][789]LogModuleManager: Shutting down and abandoning module DeviceManager (412)
[2018.02.24-01.14.40:793][789]LogModuleManager: Shutting down and abandoning module TargetDeviceServices (411)
[2018.02.24-01.14.40:847][789]LogModuleManager: Shutting down and abandoning module AutomationController (408)
[2018.02.24-01.14.40:847][789]LogModuleManager: Shutting down and abandoning module AutomationWindow (406)
[2018.02.24-01.14.40:847][789]LogModuleManager: Shutting down and abandoning module Layers (404)
[2018.02.24-01.14.40:847][789]LogModuleManager: Shutting down and abandoning module ComponentVisualizers (402)
[2018.02.24-01.14.40:847][789]LogModuleManager: Shutting down and abandoning module DetailCustomizations (400)
[2018.02.24-01.14.40:847][789]LogModuleManager: Shutting down and abandoning module PackagesDialog (398)
[2018.02.24-01.14.40:847][789]LogModuleManager: Shutting down and abandoning module Persona (396)
[2018.02.24-01.14.40:847][789]LogModuleManager: Shutting down and abandoning module AdvancedPreviewScene (395)
[2018.02.24-01.14.40:847][789]LogModuleManager: Shutting down and abandoning module AnimGraph (393)
[2018.02.24-01.14.40:847][789]LogModuleManager: Shutting down and abandoning module Kismet (390)
[2018.02.24-01.14.40:849][789]LogModuleManager: Shutting down and abandoning module ClassViewer (388)
[2018.02.24-01.14.40:849][789]LogModuleManager: Shutting down and abandoning module Toolbox (386)
[2018.02.24-01.14.40:849][789]LogModuleManager: Shutting down and abandoning module ModuleUI (384)
[2018.02.24-01.14.40:849][789]LogModuleManager: Shutting down and abandoning module MovieSceneTools (382)
[2018.02.24-01.14.40:849][789]LogModuleManager: Shutting down and abandoning module OutputLog (380)
[2018.02.24-01.14.40:849][789]LogModuleManager: Shutting down and abandoning module GammaUI (378)
[2018.02.24-01.14.40:850][789]LogModuleManager: Shutting down and abandoning module Documentation (376)
[2018.02.24-01.14.40:850][789]LogModuleManager: Shutting down and abandoning module MovieSceneTracks (374)
[2018.02.24-01.14.40:850][789]LogModuleManager: Shutting down and abandoning module MovieScene (372)
[2018.02.24-01.14.40:850][789]LogModuleManager: Shutting down and abandoning module StreamingPauseRendering (370)
[2018.02.24-01.14.40:850][789]LogModuleManager: Shutting down and abandoning module LauncherPlatform (368)
[2018.02.24-01.14.40:850][789]LogModuleManager: Shutting down and abandoning module AnalyticsET (366)
[2018.02.24-01.14.40:850][789]LogModuleManager: Shutting down and abandoning module PortalServices (364)
[2018.02.24-01.14.40:850][789]LogModuleManager: Shutting down and abandoning module PortalRpc (362)
[2018.02.24-01.14.40:850][789]LogModuleManager: Shutting down and abandoning module MessagingRpc (360)
[2018.02.24-01.14.40:850][789]LogModuleManager: Shutting down and abandoning module AIModule (358)
[2018.02.24-01.14.40:850][789]LogModuleManager: Shutting down and abandoning module GameplayDebugger (357)
[2018.02.24-01.14.40:850][789]LogModuleManager: Shutting down and abandoning module AITestSuite (355)
[2018.02.24-01.14.40:850][789]LogModuleManager: Shutting down and abandoning module DesktopPlatform (352)
[2018.02.24-01.14.40:850][789]LogModuleManager: Shutting down and abandoning module ProfilerService (350)
[2018.02.24-01.14.40:890][789]LogModuleManager: Shutting down and abandoning module TaskGraph (348)
[2018.02.24-01.14.40:890][789]LogModuleManager: Shutting down and abandoning module SteamVRController (346)
[2018.02.24-01.14.40:890][789]LogModuleManager: Shutting down and abandoning module ProceduralMeshComponentEditor (344)
[2018.02.24-01.14.40:890][789]LogModuleManager: Shutting down and abandoning module ProceduralMeshComponent (342)
[2018.02.24-01.14.40:890][789]LogModuleManager: Shutting down and abandoning module OculusInput (340)
[2018.02.24-01.14.40:890][789]LogModuleManager: Shutting down and abandoning module MobilePatchingUtils (338)
[2018.02.24-01.14.40:890][789]LogModuleManager: Shutting down and abandoning module CustomMeshComponent (336)
[2018.02.24-01.14.40:890][789]LogModuleManager: Shutting down and abandoning module CableComponent (334)
[2018.02.24-01.14.40:890][789]LogModuleManager: Shutting down and abandoning module ArchVisCharacter (332)
[2018.02.24-01.14.40:890][789]LogModuleManager: Shutting down and abandoning module AndroidPermission (330)
[2018.02.24-01.14.40:890][789]LogModuleManager: Shutting down and abandoning module ActorSequence (326)
[2018.02.24-01.14.40:890][789]LogModuleManager: Shutting down and abandoning module MediaPlayerEditor (324)
[2018.02.24-01.14.40:891][789]LogModuleManager: Shutting down and abandoning module MediaCompositingEditor (322)
[2018.02.24-01.14.40:891][789]LogModuleManager: Shutting down and abandoning module MediaCompositing (320)
[2018.02.24-01.14.40:891][789]LogModuleManager: Shutting down and abandoning module HTML5Networking (318)
[2018.02.24-01.14.40:891][789]LogModuleManager: Shutting down and abandoning module AlembicImporter (316)
[2018.02.24-01.14.40:891][789]LogModuleManager: Shutting down and abandoning module AlembicLibrary (315)
[2018.02.24-01.14.40:891][789]LogModuleManager: Shutting down and abandoning module GeometryCache (314)
[2018.02.24-01.14.40:891][789]LogModuleManager: Shutting down and abandoning module GeometryCacheEd (313)
[2018.02.24-01.14.40:891][789]LogModuleManager: Shutting down and abandoning module SpeedTreeImporter (308)
[2018.02.24-01.14.40:891][789]LogModuleManager: Shutting down and abandoning module PluginBrowser (306)
[2018.02.24-01.14.40:891][789]LogModuleManager: Shutting down and abandoning module MobileLauncherProfileWizard (304)
[2018.02.24-01.14.40:891][789]LogModuleManager: Shutting down and abandoning module VisualStudioSourceCodeAccess (302)
[2018.02.24-01.14.40:892][789]LogModuleManager: Shutting down and abandoning module VisualStudioCodeSourceCodeAccess (300)
[2018.02.24-01.14.40:892][789]LogModuleManager: Shutting down and abandoning module UObjectPlugin (298)
[2018.02.24-01.14.40:892][789]LogModuleManager: Shutting down and abandoning module SubversionSourceControl (296)
[2018.02.24-01.14.40:892][789]LogModuleManager: Shutting down and abandoning module PerforceSourceControl (294)
[2018.02.24-01.14.40:892][789]LogModuleManager: Shutting down and abandoning module GitSourceControl (292)
[2018.02.24-01.14.40:892][789]LogModuleManager: Shutting down and abandoning module SourceControl (291)
[2018.02.24-01.14.40:892][789]LogModuleManager: Shutting down and abandoning module LightPropagationVolumeEditor (288)
[2018.02.24-01.14.40:892][789]LogModuleManager: Shutting down and abandoning module PaperTiledImporter (286)
[2018.02.24-01.14.40:892][789]LogModuleManager: Shutting down and abandoning module PaperSpriteSheetImporter (284)
[2018.02.24-01.14.40:892][789]LogModuleManager: Shutting down and abandoning module Paper2DEditor (282)
[2018.02.24-01.14.40:892][789]LogModuleManager: Shutting down and abandoning module MeshPaint (281)
[2018.02.24-01.14.40:893][789]LogModuleManager: Shutting down and abandoning module LevelEditor (279)
[2018.02.24-01.14.40:895][789]LogModuleManager: Shutting down and abandoning module PixelInspectorModule (278)
[2018.02.24-01.14.40:895][789]LogModuleManager: Shutting down and abandoning module MainFrame (276)
[2018.02.24-01.14.40:896][789]LogModuleManager: Shutting down and abandoning module HotReload (275)
[2018.02.24-01.14.40:897][789]LogModuleManager: Shutting down and abandoning module UE4Duino (270)
[2018.02.24-01.14.40:897][789]UE4DuinoLog: Warning: UE4Duino: Log Ended
[2018.02.24-01.14.40:897][789]LogModuleManager: Shutting down and abandoning module RuntimePhysXCooking (268)
[2018.02.24-01.14.40:897][789]LogModuleManager: Shutting down and abandoning module PhysXVehiclesEditor (266)
[2018.02.24-01.14.40:897][789]LogModuleManager: Shutting down and abandoning module PhysXVehicles (264)
[2018.02.24-01.14.40:897][789]LogModuleManager: Shutting down and abandoning module OculusEditor (262)
[2018.02.24-01.14.40:897][789]LogModuleManager: Shutting down and abandoning module LocationServicesBPLibrary (260)
[2018.02.24-01.14.40:897][789]LogModuleManager: Shutting down and abandoning module ImmediatePhysicsEditor (258)
[2018.02.24-01.14.40:897][789]LogModuleManager: Shutting down and abandoning module ImmediatePhysics (256)
[2018.02.24-01.14.40:898][789]LogModuleManager: Shutting down and abandoning module UdpMessaging (254)
[2018.02.24-01.14.40:999][789]LogModuleManager: Shutting down and abandoning module TcpMessaging (252)
[2018.02.24-01.14.41:100][789]LogModuleManager: Shutting down and abandoning module GameplayTagsEditor (250)
[2018.02.24-01.14.41:100][789]LogModuleManager: Shutting down and abandoning module FacialAnimationEditor (248)
[2018.02.24-01.14.41:100][789]LogModuleManager: Shutting down and abandoning module FacialAnimation (246)
[2018.02.24-01.14.41:100][789]LogModuleManager: Shutting down and abandoning module AssetManagerEditor (244)
[2018.02.24-01.14.41:100][789]LogModuleManager: Shutting down and abandoning module GraphEditor (243)
[2018.02.24-01.14.41:101][789]LogModuleManager: Shutting down and abandoning module ContentBrowser (241)
[2018.02.24-01.14.41:104][789]LogModuleManager: Shutting down and abandoning module LightPropagationVolumeRuntime (238)
[2018.02.24-01.14.41:104][789]LogModuleManager: Shutting down and abandoning module Paper2D (236)
[2018.02.24-01.14.41:104][789]LogModuleManager: Shutting down and abandoning module WindowsMoviePlayer (234)
[2018.02.24-01.14.41:104][789]LogModuleManager: Shutting down and abandoning module WmfMedia (232)
[2018.02.24-01.14.41:104][789]LogModuleManager: Shutting down and abandoning module ImgMedia (230)
[2018.02.24-01.14.41:104][789]LogModuleManager: Shutting down and abandoning module PacketHandler (228)
[2018.02.24-01.14.41:105][789]LogModuleManager: Shutting down and abandoning module ClothingSystemEditor (226)
[2018.02.24-01.14.41:105][789]LogModuleManager: Shutting down and abandoning module ClothingSystemRuntime (224)
[2018.02.24-01.14.41:105][789]LogModuleManager: Shutting down and abandoning module MediaAssets (222)
[2018.02.24-01.14.41:105][789]LogModuleManager: Shutting down and abandoning module Media (221)
[2018.02.24-01.14.41:113][789]LogModuleManager: Shutting down and abandoning module Overlay (218)
[2018.02.24-01.14.41:113][789]LogModuleManager: Shutting down and abandoning module OverlayEditor (217)
[2018.02.24-01.14.41:113][789]LogModuleManager: Shutting down and abandoning module VREditor (214)
[2018.02.24-01.14.41:113][789]LogModuleManager: Shutting down and abandoning module StringTableEditor (212)
[2018.02.24-01.14.41:113][789]LogModuleManager: Shutting down and abandoning module GameplayTasksEditor (210)
[2018.02.24-01.14.41:113][789]LogModuleManager: Shutting down and abandoning module BehaviorTreeEditor (208)
[2018.02.24-01.14.41:113][789]LogModuleManager: Shutting down and abandoning module FunctionalTesting (206)
[2018.02.24-01.14.41:114][789]LogModuleManager: Shutting down and abandoning module CollisionAnalyzer (204)
[2018.02.24-01.14.41:114][789]LogModuleManager: Shutting down and abandoning module WorkspaceMenuStructure (203)
[2018.02.24-01.14.41:114][789]LogModuleManager: Shutting down and abandoning module UMG (200)
[2018.02.24-01.14.41:114][789]LogModuleManager: Shutting down and abandoning module UMGEditor (199)
[2018.02.24-01.14.41:114][789]LogModuleManager: Shutting down and abandoning module Sequencer (198)
[2018.02.24-01.14.41:114][789]LogModuleManager: Shutting down and abandoning module MessageLog (195)
[2018.02.24-01.14.41:114][789]LogModuleManager: Shutting down and abandoning module SlateReflector (190)
[2018.02.24-01.14.41:115][789]LogModuleManager: Shutting down and abandoning module Slate (188)
[2018.02.24-01.14.41:115][789]LogModuleManager: Shutting down and abandoning module EditorStyle (186)
[2018.02.24-01.14.41:124][789]LogModuleManager: Shutting down and abandoning module MRMesh (184)
[2018.02.24-01.14.41:124][789]LogModuleManager: Shutting down and abandoning module SourceCodeAccess (182)
[2018.02.24-01.14.41:124][789]LogModuleManager: Shutting down and abandoning module HeadMountedDisplay (180)
[2018.02.24-01.14.41:124][789]LogModuleManager: Shutting down and abandoning module XAudio2 (178)
[2018.02.24-01.14.41:124][789]LogModuleManager: Shutting down and abandoning module Networking (176)
[2018.02.24-01.14.41:124][789]LogModuleManager: Shutting down and abandoning module Core (172)
[2018.02.24-01.14.41:124][789]LogModuleManager: Shutting down and abandoning module LevelSequence (168)
[2018.02.24-01.14.41:124][789]LogModuleManager: Shutting down and abandoning module DirectoryWatcher (166)
[2018.02.24-01.14.41:127][789]LogModuleManager: Shutting down and abandoning module KismetCompiler (164)
[2018.02.24-01.14.41:128][789]LogModuleManager: Shutting down and abandoning module MeshUtilities (162)
[2018.02.24-01.14.41:128][789]LogModuleManager: Shutting down and abandoning module MeshMergeUtilities (161)
[2018.02.24-01.14.41:128][789]LogModuleManager: Shutting down and abandoning module MeshReductionInterface (160)
[2018.02.24-01.14.41:128][789]LogModuleManager: Shutting down and abandoning module SimplygonSwarm (159)
[2018.02.24-01.14.41:128][789]LogModuleManager: Shutting down and abandoning module SimplygonMeshReduction (157)
[2018.02.24-01.14.41:128][789]LogModuleManager: Shutting down and abandoning module QuadricMeshReduction (155)
[2018.02.24-01.14.41:128][789]LogModuleManager: Shutting down and abandoning module MaterialBaking (151)
[2018.02.24-01.14.41:128][789]LogModuleManager: Shutting down and abandoning module DerivedDataCache (148)
[2018.02.24-01.14.41:148][789]LogDerivedDataCache: Shutdown
[2018.02.24-01.14.41:148][789]LogModuleManager: Shutting down and abandoning module TargetPlatform (146)
[2018.02.24-01.14.41:148][789]LogModuleManager: Shutting down and abandoning module VulkanShaderFormat (145)
[2018.02.24-01.14.41:148][789]LogModuleManager: Shutting down and abandoning module ShaderFormatVectorVM (143)
[2018.02.24-01.14.41:148][789]LogModuleManager: Shutting down and abandoning module ShaderFormatOpenGL (141)
[2018.02.24-01.14.41:148][789]LogModuleManager: Shutting down and abandoning module ShaderFormatD3D (139)
[2018.02.24-01.14.41:148][789]LogModuleManager: Shutting down and abandoning module MetalShaderFormat (137)
[2018.02.24-01.14.41:148][789]LogModuleManager: Shutting down and abandoning module TextureFormatUncompressed (135)
[2018.02.24-01.14.41:148][789]LogModuleManager: Shutting down and abandoning module TextureFormatPVR (133)
[2018.02.24-01.14.41:148][789]LogModuleManager: Shutting down and abandoning module TextureFormatDXT (131)
[2018.02.24-01.14.41:148][789]LogModuleManager: Shutting down and abandoning module TextureFormatIntelISPCTexComp (129)
[2018.02.24-01.14.41:149][789]LogModuleManager: Shutting down and abandoning module TextureFormatASTC (127)
[2018.02.24-01.14.41:149][789]LogModuleManager: Shutting down and abandoning module ImageWrapper (126)
[2018.02.24-01.14.41:149][789]LogModuleManager: Shutting down and abandoning module TextureFormatAndroid (123)
[2018.02.24-01.14.41:149][789]LogModuleManager: Shutting down and abandoning module AudioFormatOpus (121)
[2018.02.24-01.14.41:149][789]LogModuleManager: Shutting down and abandoning module AudioFormatOgg (119)
[2018.02.24-01.14.41:149][789]LogModuleManager: Shutting down and abandoning module AudioFormatADPCM (117)
[2018.02.24-01.14.41:149][789]LogModuleManager: Shutting down and abandoning module LinuxTargetPlatform (115)
[2018.02.24-01.14.41:149][789]LogModuleManager: Shutting down and abandoning module LinuxServerTargetPlatform (113)
[2018.02.24-01.14.41:149][789]LogModuleManager: Shutting down and abandoning module LinuxNoEditorTargetPlatform (111)
[2018.02.24-01.14.41:149][789]LogModuleManager: Shutting down and abandoning module LinuxClientTargetPlatform (109)
[2018.02.24-01.14.41:149][789]LogModuleManager: Shutting down and abandoning module TVOSTargetPlatform (107)
[2018.02.24-01.14.41:149][789]LogModuleManager: Shutting down and abandoning module Messaging (105)
[2018.02.24-01.14.41:149][789]LogModuleManager: Shutting down and abandoning module IOSTargetPlatform (103)
[2018.02.24-01.14.41:149][789]LogModuleManager: Shutting down and abandoning module HTML5TargetPlatform (101)
[2018.02.24-01.14.41:149][789]LogModuleManager: Shutting down and abandoning module AndroidTargetPlatform (99)
[2018.02.24-01.14.41:150][789]LogModuleManager: Shutting down and abandoning module Android_PVRTCTargetPlatform (97)
[2018.02.24-01.14.41:150][789]LogModuleManager: Shutting down and abandoning module Android_MultiTargetPlatform (95)
[2018.02.24-01.14.41:150][789]LogModuleManager: Shutting down and abandoning module Android_ETC2TargetPlatform (93)
[2018.02.24-01.14.41:150][789]LogModuleManager: Shutting down and abandoning module Android_ETC1TargetPlatform (91)
[2018.02.24-01.14.41:150][789]LogModuleManager: Shutting down and abandoning module Android_DXTTargetPlatform (89)
[2018.02.24-01.14.41:150][789]LogModuleManager: Shutting down and abandoning module Android_ATCTargetPlatform (87)
[2018.02.24-01.14.41:150][789]LogModuleManager: Shutting down and abandoning module Android_ASTCTargetPlatform (85)
[2018.02.24-01.14.41:150][789]LogModuleManager: Shutting down and abandoning module WindowsTargetPlatform (83)
[2018.02.24-01.14.41:150][789]LogModuleManager: Shutting down and abandoning module WindowsServerTargetPlatform (81)
[2018.02.24-01.14.41:150][789]LogModuleManager: Shutting down and abandoning module WindowsNoEditorTargetPlatform (79)
[2018.02.24-01.14.41:150][789]LogModuleManager: Shutting down and abandoning module WindowsClientTargetPlatform (77)
[2018.02.24-01.14.41:150][789]LogModuleManager: Shutting down and abandoning module MacTargetPlatform (75)
[2018.02.24-01.14.41:150][789]LogModuleManager: Shutting down and abandoning module MacServerTargetPlatform (73)
[2018.02.24-01.14.41:150][789]LogModuleManager: Shutting down and abandoning module MacNoEditorTargetPlatform (71)
[2018.02.24-01.14.41:150][789]LogModuleManager: Shutting down and abandoning module MacClientTargetPlatform (69)
[2018.02.24-01.14.41:150][789]LogModuleManager: Shutting down and abandoning module AllDesktopTargetPlatform (67)
[2018.02.24-01.14.41:150][789]LogModuleManager: Shutting down and abandoning module InputCore (64)
[2018.02.24-01.14.41:151][789]LogModuleManager: Shutting down and abandoning module Settings (62)
[2018.02.24-01.14.41:151][789]LogModuleManager: Shutting down and abandoning module PhysXCooking (60)
[2018.02.24-01.14.41:151][789]LogModuleManager: Shutting down and abandoning module SteamVR (58)
[2018.02.24-01.14.41:151][789]LogModuleManager: Shutting down and abandoning module OculusHMD (56)
[2018.02.24-01.14.41:151][789]LogModuleManager: Shutting down and abandoning module ExampleDeviceProfileSelector (54)
[2018.02.24-01.14.41:151][789]LogModuleManager: Shutting down and abandoning module AppleARKit (52)
[2018.02.24-01.14.41:151][789]LogModuleManager: Shutting down and abandoning module AugmentedReality (51)
[2018.02.24-01.14.41:151][789]LogModuleManager: Shutting down and abandoning module OnlineBlueprintSupport (48)
[2018.02.24-01.14.41:151][789]LogModuleManager: Shutting down and abandoning module OnlineSubsystem (44)
[2018.02.24-01.14.41:151][789]LogModuleManager: Shutting down and abandoning module XMPP (43)
[2018.02.24-01.14.41:151][789]LogModuleManager: Shutting down and abandoning module HTTP (41)
[2018.02.24-01.14.41:151][789]LogHttp: Display: Http module shutting down, but needs to wait on 1 outstanding Http requests:
[2018.02.24-01.14.41:151][789]LogHttp: Display: 	verb=[POST] url=[https://datarouter.ol.epicgames.com/datarouter/api/v1/public/data?SessionID=%7B9EEF5B15-4298-31B0-FC49-939C2935B98F%7D&AppID=UEEditor.Rocket.Release&AppVersion=4.18.3-3832480%2B%2B%2BUE4%2BRelease-4.18&UserID=915d635a4579fc537f044ab8e64ed013%7C002c4ca9bc2045268f2c52cab84c1cbe%7C7803239d-59ff-4edf-84e8-3fe14d75a807&AppEnvironment=datacollector-binary&UploadType=eteventstream] status=Processing
[2018.02.24-01.14.41:152][789]LogHttp: Warning: 000000B16C1C2080: request failed, libcurl error: 6 (Couldn't resolve host name)
[2018.02.24-01.14.41:152][789]LogHttp: Warning: 000000B16C1C2080: libcurl info message cache 0 (Could not resolve host: datarouter.ol.epicgames.com)
[2018.02.24-01.14.41:152][789]LogHttp: Warning: 000000B16C1C2080: libcurl info message cache 1 (Closing connection 1)
[2018.02.24-01.14.41:184][789]LogModuleManager: Shutting down and abandoning module SSL (40)
[2018.02.24-01.14.41:189][789]LogModuleManager: Shutting down and abandoning module AnimationModifiers (36)
[2018.02.24-01.14.41:189][789]LogModuleManager: Shutting down and abandoning module PropertyEditor (35)
[2018.02.24-01.14.41:189][789]LogModuleManager: Shutting down and abandoning module AudioEditor (32)
[2018.02.24-01.14.41:189][789]LogModuleManager: Shutting down and abandoning module TextureCompressor (30)
[2018.02.24-01.14.41:189][789]LogModuleManager: Shutting down and abandoning module ShaderCore (28)
[2018.02.24-01.14.41:190][789]LogModuleManager: Shutting down and abandoning module Landscape (26)
[2018.02.24-01.14.41:190][789]LogModuleManager: Shutting down and abandoning module SlateRHIRenderer (24)
[2018.02.24-01.14.41:193][789]LogModuleManager: Shutting down and abandoning module OpenGLDrv (22)
[2018.02.24-01.14.41:194][789]LogModuleManager: Shutting down and abandoning module D3D11RHI (20)
[2018.02.24-01.14.41:194][789]LogModuleManager: Shutting down and abandoning module AnimGraphRuntime (18)
[2018.02.24-01.14.41:194][789]LogModuleManager: Shutting down and abandoning module Renderer (16)
[2018.02.24-01.14.41:194][789]LogModuleManager: Shutting down and abandoning module Engine (14)
[2018.02.24-01.14.41:194][789]LogModuleManager: Shutting down and abandoning module CoreUObject (12)
[2018.02.24-01.14.41:194][789]LogModuleManager: Shutting down and abandoning module NetworkFile (10)
[2018.02.24-01.14.41:194][789]LogModuleManager: Shutting down and abandoning module CookedIterativeFile (8)
[2018.02.24-01.14.41:194][789]LogModuleManager: Shutting down and abandoning module StreamingFile (6)
[2018.02.24-01.14.41:194][789]LogModuleManager: Shutting down and abandoning module SandboxFile (4)
[2018.02.24-01.14.41:194][789]LogModuleManager: Shutting down and abandoning module PakFile (2)
[2018.02.24-01.14.41:207][789]LogExit: Exiting.
[2018.02.24-01.14.41:246][789]Log file closed, 02/23/18 19:14:41
