Log file open, 02/23/18 18:13:04
LogWindows: Failed to load 'aqProf.dll' (GetLastError=126)
LogWindows: File 'aqProf.dll' does not exist
LogWindows: Failed to load 'VtuneApi.dll' (GetLastError=126)
LogWindows: File 'VtuneApi.dll' does not exist
LogWindows: Failed to load 'VtuneApi32e.dll' (GetLastError=126)
LogWindows: File 'VtuneApi32e.dll' does not exist
LogInit: Display: Running engine for game: VR_PRO_18
LogPlatformFile: Not using cached read wrapper
LogInit: Display: RandInit(-1880597201) SRandInit(-1880597201).
LogInit: Read version file with build ID '3709383'
LogInit: Overriding engine version to CL 3832480, compatible CL 3709383
LogInit: Registered custom module enumerator with build ID '3709383'
LogTaskGraph: Started task graph with 5 named threads and 14 total threads with 3 sets of task threads.
LogStats: Stats thread started at 0.313929
LogD3D11RHI: Aftermath initialized
LogModuleManager: Display: Found up-to-date module file ../../../Engine/Plugins/2D/Paper2D/Binaries/Win64/UE4Editor-Paper2D.dll (API version 3709383).
LogModuleManager: Display: Found up-to-date module file ../../../Engine/Plugins/2D/Paper2D/Binaries/Win64/UE4Editor-Paper2DEditor.dll (API version 3709383).
LogModuleManager: Display: Found up-to-date module file ../../../Engine/Plugins/2D/Paper2D/Binaries/Win64/UE4Editor-PaperSpriteSheetImporter.dll (API version 3709383).
LogModuleManager: Display: Found up-to-date module file ../../../Engine/Plugins/2D/Paper2D/Binaries/Win64/UE4Editor-PaperTiledImporter.dll (API version 3709383).
LogModuleManager: Display: Found up-to-date module file ../../../Engine/Plugins/2D/Paper2D/Binaries/Win64/UE4Editor-SmartSnapping.dll (API version 3709383).
LogModuleManager: Display: Found up-to-date module file ../../../Engine/Plugins/Blendables/LightPropagationVolume/Binaries/Win64/UE4Editor-LightPropagationVolumeRuntime.dll (API version 3709383).
LogModuleManager: Display: Found up-to-date module file ../../../Engine/Plugins/Blendables/LightPropagationVolume/Binaries/Win64/UE4Editor-LightPropagationVolumeEditor.dll (API version 3709383).
LogModuleManager: Display: Found up-to-date module file ../../../Engine/Plugins/Developer/GitSourceControl/Binaries/Win64/UE4Editor-GitSourceControl.dll (API version 3709383).
LogModuleManager: Display: Found up-to-date module file ../../../Engine/Plugins/Developer/PerforceSourceControl/Binaries/Win64/UE4Editor-PerforceSourceControl.dll (API version 3709383).
LogModuleManager: Display: Found up-to-date module file ../../../Engine/Plugins/Developer/SubversionSourceControl/Binaries/Win64/UE4Editor-SubversionSourceControl.dll (API version 3709383).
LogModuleManager: Display: Found up-to-date module file ../../../Engine/Plugins/Developer/UObjectPlugin/Binaries/Win64/UE4Editor-UObjectPlugin.dll (API version 3709383).
LogModuleManager: Display: Found up-to-date module file ../../../Engine/Plugins/Developer/VisualStudioCodeSourceCodeAccess/Binaries/Win64/UE4Editor-VisualStudioCodeSourceCodeAccess.dll (API version 3709383).
LogModuleManager: Display: Found up-to-date module file ../../../Engine/Plugins/Developer/VisualStudioSourceCodeAccess/Binaries/Win64/UE4Editor-VisualStudioSourceCodeAccess.dll (API version 3709383).
LogModuleManager: Display: Found up-to-date module file ../../../Engine/Plugins/Editor/AssetManagerEditor/Binaries/Win64/UE4Editor-AssetManagerEditor.dll (API version 3709383).
LogModuleManager: Display: Found up-to-date module file ../../../Engine/Plugins/Editor/AudioCapture/Binaries/Win64/UE4Editor-AudioCapture.dll (API version 3709383).
LogModuleManager: Display: Found up-to-date module file ../../../Engine/Plugins/Editor/FacialAnimation/Binaries/Win64/UE4Editor-FacialAnimation.dll (API version 3709383).
LogModuleManager: Display: Found up-to-date module file ../../../Engine/Plugins/Editor/FacialAnimation/Binaries/Win64/UE4Editor-FacialAnimationEditor.dll (API version 3709383).
LogModuleManager: Display: Found up-to-date module file ../../../Engine/Plugins/Editor/GameplayTagsEditor/Binaries/Win64/UE4Editor-GameplayTagsEditor.dll (API version 3709383).
LogModuleManager: Display: Found up-to-date module file ../../../Engine/Plugins/Editor/MobileLauncherProfileWizard/Binaries/Win64/UE4Editor-MobileLauncherProfileWizard.dll (API version 3709383).
LogModuleManager: Display: Found up-to-date module file ../../../Engine/Plugins/Editor/PluginBrowser/Binaries/Win64/UE4Editor-PluginBrowser.dll (API version 3709383).
LogModuleManager: Display: Found up-to-date module file ../../../Engine/Plugins/Editor/SpeedTreeImporter/Binaries/Win64/UE4Editor-SpeedTreeImporter.dll (API version 3709383).
LogModuleManager: Display: Found up-to-date module file ../../../Engine/Plugins/Experimental/AlembicImporter/Binaries/Win64/UE4Editor-AlembicImporter.dll (API version 3709383).
LogModuleManager: Display: Found up-to-date module file ../../../Engine/Plugins/Experimental/AlembicImporter/Binaries/Win64/UE4Editor-AlembicLibrary.dll (API version 3709383).
LogModuleManager: Display: Found up-to-date module file ../../../Engine/Plugins/Experimental/CharacterAI/Binaries/Win64/UE4Editor-CharacterAI.dll (API version 3709383).
LogModuleManager: Display: Found up-to-date module file ../../../Engine/Plugins/Experimental/HTML5Networking/Binaries/Win64/UE4Editor-HTML5Networking.dll (API version 3709383).
LogModuleManager: Display: Found up-to-date module file ../../../Engine/Plugins/Media/AndroidMedia/Binaries/Win64/UE4Editor-AndroidMediaEditor.dll (API version 3709383).
LogModuleManager: Display: Found up-to-date module file ../../../Engine/Plugins/Media/AndroidMedia/Binaries/Win64/UE4Editor-AndroidMediaFactory.dll (API version 3709383).
LogModuleManager: Display: Found up-to-date module file ../../../Engine/Plugins/Media/AvfMedia/Binaries/Win64/UE4Editor-AvfMediaEditor.dll (API version 3709383).
LogModuleManager: Display: Found up-to-date module file ../../../Engine/Plugins/Media/AvfMedia/Binaries/Win64/UE4Editor-AvfMediaFactory.dll (API version 3709383).
LogModuleManager: Display: Found up-to-date module file ../../../Engine/Plugins/Media/AvfMedia/Binaries/Win64/UE4Editor-AvfMediaFactory.dll (API version 3709383).
LogModuleManager: Display: Found up-to-date module file ../../../Engine/Plugins/Media/ImgMedia/Binaries/Win64/UE4Editor-ImgMedia.dll (API version 3709383).
LogModuleManager: Display: Found up-to-date module file ../../../Engine/Plugins/Media/ImgMedia/Binaries/Win64/UE4Editor-ImgMediaEditor.dll (API version 3709383).
LogModuleManager: Display: Found up-to-date module file ../../../Engine/Plugins/Media/ImgMedia/Binaries/Win64/UE4Editor-ImgMediaFactory.dll (API version 3709383).
LogModuleManager: Display: Found up-to-date module file ../../../Engine/Plugins/Media/ImgMedia/Binaries/Win64/UE4Editor-ImgMediaFactory.dll (API version 3709383).
LogModuleManager: Display: Found up-to-date module file ../../../Engine/Plugins/Media/ImgMedia/Binaries/Win64/UE4Editor-OpenExrWrapper.dll (API version 3709383).
LogModuleManager: Display: Found up-to-date module file ../../../Engine/Plugins/Media/MediaCompositing/Binaries/Win64/UE4Editor-MediaCompositing.dll (API version 3709383).
LogModuleManager: Display: Found up-to-date module file ../../../Engine/Plugins/Media/MediaCompositing/Binaries/Win64/UE4Editor-MediaCompositingEditor.dll (API version 3709383).
LogModuleManager: Display: Found up-to-date module file ../../../Engine/Plugins/Media/MediaPlayerEditor/Binaries/Win64/UE4Editor-MediaPlayerEditor.dll (API version 3709383).
LogModuleManager: Display: Found up-to-date module file ../../../Engine/Plugins/Media/WmfMedia/Binaries/Win64/UE4Editor-WmfMedia.dll (API version 3709383).
LogModuleManager: Display: Found up-to-date module file ../../../Engine/Plugins/Media/WmfMedia/Binaries/Win64/UE4Editor-WmfMediaEditor.dll (API version 3709383).
LogModuleManager: Display: Found up-to-date module file ../../../Engine/Plugins/Media/WmfMedia/Binaries/Win64/UE4Editor-WmfMediaFactory.dll (API version 3709383).
LogModuleManager: Display: Found up-to-date module file ../../../Engine/Plugins/Media/WmfMedia/Binaries/Win64/UE4Editor-WmfMediaFactory.dll (API version 3709383).
LogModuleManager: Display: Found up-to-date module file ../../../Engine/Plugins/Messaging/TcpMessaging/Binaries/Win64/UE4Editor-TcpMessaging.dll (API version 3709383).
LogModuleManager: Display: Found up-to-date module file ../../../Engine/Plugins/Messaging/UdpMessaging/Binaries/Win64/UE4Editor-UdpMessaging.dll (API version 3709383).
LogModuleManager: Display: Found up-to-date module file ../../../Engine/Plugins/MovieScene/ActorSequence/Binaries/Win64/UE4Editor-ActorSequence.dll (API version 3709383).
LogModuleManager: Display: Found up-to-date module file ../../../Engine/Plugins/MovieScene/LevelSequenceEditor/Binaries/Win64/UE4Editor-LevelSequenceEditor.dll (API version 3709383).
LogModuleManager: Display: Found up-to-date module file ../../../Engine/Plugins/MovieScene/MatineeToLevelSequence/Binaries/Win64/UE4Editor-MatineeToLevelSequence.dll (API version 3709383).
LogModuleManager: Display: Found up-to-date module file ../../../Engine/Plugins/Online/OnlineSubsystem/Binaries/Win64/UE4Editor-OnlineSubsystem.dll (API version 3709383).
LogModuleManager: Display: Found up-to-date module file ../../../Engine/Plugins/Runtime/AndroidPermission/Binaries/Win64/UE4Editor-AndroidPermission.dll (API version 3709383).
LogModuleManager: Display: Found up-to-date module file ../../../Engine/Plugins/Online/OnlineSubsystemNull/Binaries/Win64/UE4Editor-OnlineSubsystemNull.dll (API version 3709383).
LogModuleManager: Display: Found up-to-date module file ../../../Engine/Plugins/Online/OnlineSubsystemUtils/Binaries/Win64/UE4Editor-OnlineSubsystemUtils.dll (API version 3709383).
LogModuleManager: Display: Found up-to-date module file ../../../Engine/Plugins/Online/OnlineSubsystemUtils/Binaries/Win64/UE4Editor-OnlineBlueprintSupport.dll (API version 3709383).
LogModuleManager: Display: Found up-to-date module file ../../../Engine/Plugins/Runtime/AndroidDeviceProfileSelector/Binaries/Win64/UE4Editor-AndroidDeviceProfileSelector.dll (API version 3709383).
LogModuleManager: Display: Found up-to-date module file ../../../Engine/Plugins/Runtime/AppleARKit/Binaries/Win64/UE4Editor-AppleARKit.dll (API version 3709383).
LogModuleManager: Display: Found up-to-date module file ../../../Engine/Plugins/Runtime/ArchVisCharacter/Binaries/Win64/UE4Editor-ArchVisCharacter.dll (API version 3709383).
LogModuleManager: Display: Found up-to-date module file ../../../Engine/Plugins/Runtime/CableComponent/Binaries/Win64/UE4Editor-CableComponent.dll (API version 3709383).
LogModuleManager: Display: Found up-to-date module file ../../../Engine/Plugins/Runtime/CustomMeshComponent/Binaries/Win64/UE4Editor-CustomMeshComponent.dll (API version 3709383).
LogModuleManager: Display: Found up-to-date module file ../../../Engine/Plugins/Runtime/ExampleDeviceProfileSelector/Binaries/Win64/UE4Editor-ExampleDeviceProfileSelector.dll (API version 3709383).
LogModuleManager: Display: Found up-to-date module file ../../../Engine/Plugins/Runtime/ImmediatePhysics/Binaries/Win64/UE4Editor-ImmediatePhysics.dll (API version 3709383).
LogModuleManager: Display: Found up-to-date module file ../../../Engine/Plugins/Runtime/ImmediatePhysics/Binaries/Win64/UE4Editor-ImmediatePhysicsEditor.dll (API version 3709383).
LogModuleManager: Display: Found up-to-date module file ../../../Engine/Plugins/Runtime/LocationServicesBPLibrary/Binaries/Win64/UE4Editor-LocationServicesBPLibrary.dll (API version 3709383).
LogModuleManager: Display: Found up-to-date module file ../../../Engine/Plugins/Runtime/MobilePatchingUtils/Binaries/Win64/UE4Editor-MobilePatchingUtils.dll (API version 3709383).
LogModuleManager: Display: Found up-to-date module file ../../../Engine/Plugins/Runtime/Oculus/OculusVR/Binaries/Win64/UE4Editor-OculusHMD.dll (API version 3709383).
LogModuleManager: Display: Found up-to-date module file ../../../Engine/Plugins/Runtime/Oculus/OculusVR/Binaries/Win64/UE4Editor-OculusInput.dll (API version 3709383).
LogModuleManager: Display: Found up-to-date module file ../../../Engine/Plugins/Runtime/Oculus/OculusVR/Binaries/Win64/UE4Editor-OculusEditor.dll (API version 3709383).
LogModuleManager: Display: Found up-to-date module file ../../../Engine/Plugins/Runtime/PhysXVehicles/Binaries/Win64/UE4Editor-PhysXVehicles.dll (API version 3709383).
LogModuleManager: Display: Found up-to-date module file ../../../Engine/Plugins/Runtime/PhysXVehicles/Binaries/Win64/UE4Editor-PhysXVehiclesEditor.dll (API version 3709383).
LogModuleManager: Display: Found up-to-date module file ../../../Engine/Plugins/Runtime/ProceduralMeshComponent/Binaries/Win64/UE4Editor-ProceduralMeshComponent.dll (API version 3709383).
LogModuleManager: Display: Found up-to-date module file ../../../Engine/Plugins/Runtime/ProceduralMeshComponent/Binaries/Win64/UE4Editor-ProceduralMeshComponentEditor.dll (API version 3709383).
LogModuleManager: Display: Found up-to-date module file ../../../Engine/Plugins/Runtime/RuntimePhysXCooking/Binaries/Win64/UE4Editor-RuntimePhysXCooking.dll (API version 3709383).
LogModuleManager: Display: Found up-to-date module file ../../../Engine/Plugins/Runtime/Steam/SteamVR/Binaries/Win64/UE4Editor-SteamVR.dll (API version 3709383).
LogModuleManager: Display: Found up-to-date module file ../../../Engine/Plugins/Runtime/Steam/SteamVR/Binaries/Win64/UE4Editor-SteamVRController.dll (API version 3709383).
LogModuleManager: Display: Found up-to-date module file ../../../Engine/Plugins/Runtime/WindowsMoviePlayer/Binaries/Win64/UE4Editor-WindowsMoviePlayer.dll (API version 3709383).
LogModuleManager: Display: Found up-to-date module file ../../../Engine/Plugins/UE4Duino/Binaries/Win64/UE4Editor-UE4Duino.dll (API version 3709383).
LogPluginManager: Mounting plugin Paper2D
LogPluginManager: Mounting plugin LightPropagationVolume
LogPluginManager: Mounting plugin CodeLiteSourceCodeAccess
LogPluginManager: Mounting plugin GitSourceControl
LogPluginManager: Mounting plugin KDevelopSourceCodeAccess
LogPluginManager: Mounting plugin NullSourceCodeAccess
LogPluginManager: Mounting plugin PerforceSourceControl
LogPluginManager: Mounting plugin SubversionSourceControl
LogPluginManager: Mounting plugin UObjectPlugin
LogPluginManager: Mounting plugin VisualStudioCodeSourceCodeAccess
LogPluginManager: Mounting plugin VisualStudioSourceCodeAccess
LogPluginManager: Mounting plugin XCodeSourceCodeAccess
LogPluginManager: Mounting plugin AssetManagerEditor
LogPluginManager: Mounting plugin AudioCapture
LogPluginManager: Mounting plugin FacialAnimation
LogPluginManager: Mounting plugin GameplayTagsEditor
LogPluginManager: Mounting plugin MobileLauncherProfileWizard
LogPluginManager: Mounting plugin PluginBrowser
LogPluginManager: Mounting plugin SpeedTreeImporter
LogPluginManager: Mounting plugin AlembicImporter
LogPluginManager: Mounting plugin CharacterAI
LogPluginManager: Mounting plugin HTML5Networking
LogPluginManager: Mounting plugin AndroidMedia
LogPluginManager: Mounting plugin AvfMedia
LogPluginManager: Mounting plugin ImgMedia
LogPluginManager: Mounting plugin MediaCompositing
LogPluginManager: Mounting plugin MediaPlayerEditor
LogPluginManager: Mounting plugin WmfMedia
LogPluginManager: Mounting plugin TcpMessaging
LogPluginManager: Mounting plugin UdpMessaging
LogPluginManager: Mounting plugin ActorSequence
LogPluginManager: Mounting plugin LevelSequenceEditor
LogPluginManager: Mounting plugin MatineeToLevelSequence
LogPluginManager: Mounting plugin OnlineSubsystemGooglePlay
LogPluginManager: Mounting plugin OnlineSubsystemIOS
LogPluginManager: Mounting plugin OnlineSubsystem
LogPluginManager: Mounting plugin OnlineSubsystemNull
LogPluginManager: Mounting plugin OnlineSubsystemUtils
LogPluginManager: Mounting plugin AndroidDeviceProfileSelector
LogPluginManager: Mounting plugin AndroidMoviePlayer
LogPluginManager: Mounting plugin AndroidPermission
LogPluginManager: Mounting plugin AppleARKit
LogPluginManager: Mounting plugin AppleMoviePlayer
LogPluginManager: Mounting plugin ArchVisCharacter
LogPluginManager: Mounting plugin CableComponent
LogPluginManager: Mounting plugin CustomMeshComponent
LogPluginManager: Mounting plugin ExampleDeviceProfileSelector
LogPluginManager: Mounting plugin GoogleCloudMessaging
LogPluginManager: Mounting plugin ImmediatePhysics
LogPluginManager: Mounting plugin IOSDeviceProfileSelector
LogPluginManager: Mounting plugin LinuxDeviceProfileSelector
LogPluginManager: Mounting plugin LocationServicesBPLibrary
LogPluginManager: Mounting plugin MobilePatchingUtils
LogPluginManager: Mounting plugin OculusVR
LogPluginManager: Plugin shader directory ../../../Engine/Plugins/Runtime/Oculus/OculusVR/Shaders found
LogPluginManager: Mapping shader source directory ../../../Engine/Plugins/Runtime/Oculus/OculusVR/Shaders to virtual directory /Plugin/OculusVR
LogPluginManager: Mounting plugin PhysXVehicles
LogPluginManager: Mounting plugin ProceduralMeshComponent
LogPluginManager: Mounting plugin RuntimePhysXCooking
LogPluginManager: Mounting plugin SteamVR
LogPluginManager: Mounting plugin WindowsMoviePlayer
LogPluginManager: Mounting plugin UE4Duino
LogInit: Using libcurl 7.47.1
LogInit:  - built for x86_64-pc-win32
LogInit:  - supports SSL with OpenSSL/1.0.2g
LogInit:  - supports HTTP deflate (compression) using libz 1.2.8
LogInit:  - other features:
LogInit:      CURL_VERSION_SSL
LogInit:      CURL_VERSION_LIBZ
LogInit:      CURL_VERSION_IPV6
LogInit:      CURL_VERSION_ASYNCHDNS
LogInit:      CURL_VERSION_LARGEFILE
LogInit:      CURL_VERSION_IDN
LogInit:  CurlRequestOptions (configurable via config and command line):
LogInit:  - bVerifyPeer = false  - Libcurl will NOT verify peer certificate
LogInit:  - bUseHttpProxy = false  - Libcurl will NOT use HTTP proxy
LogInit:  - bDontReuseConnections = false  - Libcurl will reuse connections
LogInit:  - CertBundlePath = nullptr  - Libcurl will use whatever was configured at build time.
LogInit: Build: ++UE4+Release-4.18-CL-3832480
LogInit: Engine Version: 4.18.3-3832480+++UE4+Release-4.18
LogInit: Compatible Engine Version: 4.18.0-3709383+++UE4+Release-4.18
LogInit: Net CL: 3709383
LogDevObjectVersion: Number of dev versions registered: 16
LogDevObjectVersion:   Dev-Blueprints (B0D832E4-1F89-4F0D-ACCF-7EB736FD4AA2): 10
LogDevObjectVersion:   Dev-Build (E1C64328-A22C-4D53-A36C-8E866417BD8C): 0
LogDevObjectVersion:   Dev-Core (375EC13C-06E4-48FB-B500-84F0262A717E): 2
LogDevObjectVersion:   Dev-Editor (E4B068ED-F494-42E9-A231-DA0B2E46BB41): 20
LogDevObjectVersion:   Dev-Framework (CFFC743F-43B0-4480-9391-14DF171D2073): 30
LogDevObjectVersion:   Dev-Mobile (B02B49B5-BB20-44E9-A304-32B752E40360): 0
LogDevObjectVersion:   Dev-Networking (A4E4105C-59A1-49B5-A7C5-40C4547EDFEE): 0
LogDevObjectVersion:   Dev-Online (39C831C9-5AE6-47DC-9A44-9C173E1C8E7C): 0
LogDevObjectVersion:   Dev-Physics (78F01B33-EBEA-4F98-B9B4-84EACCB95AA2): 0
LogDevObjectVersion:   Dev-Platform (6631380F-2D4D-43E0-8009-CF276956A95A): 0
LogDevObjectVersion:   Dev-Rendering (12F88B9F-8875-4AFC-A67C-D90C383ABD29): 20
LogDevObjectVersion:   Dev-Sequencer (7B5AE74C-D270-4C10-A958-57980B212A5A): 4
LogDevObjectVersion:   Dev-VR (D7296918-1DD6-4BDD-9DE2-64A83CC13884): 0
LogDevObjectVersion:   Dev-LoadTimes (C2A15278-BFE7-4AFE-6C17-90FF531DF755): 1
LogDevObjectVersion:   Private-Geometry (6EACA3D4-40EC-4CC1-B786-8BED09428FC5): 1
LogDevObjectVersion:   Dev-AnimPhys (29E575DD-E0A3-4627-9D10-D276232CDCEA): 12
LogInit: Compiled (64-bit): Jan 12 2018 02:04:55
LogInit: Compiled with Visual C++: 19.00.24215.01
LogInit: Build Configuration: Development
LogInit: Branch Name: ++UE4+Release-4.18
LogInit: Command line: 
LogInit: Base directory: C:/Program Files/Epic Games/UE_4.18/Engine/Binaries/Win64/
LogInit: Installed Engine Build: 1
LogInit: Presizing for max 8388607 objects, including 0 objects not considered by GC, pre-allocating 0 bytes for permanent pool.
LogInit: Object subsystem initialized
[2018.02.24-00.13.08:012][  0]LogInit: Selected Device Profile: [Windows]
[2018.02.24-00.13.08:012][  0]LogInit: Applying CVar settings loaded from the selected device profile: [Windows]
[2018.02.24-00.13.08:039][  0]LogInit: Computer: ACDEC
[2018.02.24-00.13.08:039][  0]LogInit: User: estebancarranza
[2018.02.24-00.13.08:039][  0]LogInit: CPU Page size=4096, Cores=4
[2018.02.24-00.13.08:039][  0]LogInit: High frequency timer resolution =1.852005 MHz
[2018.02.24-00.13.08:039][  0]LogMemory: Memory total: Physical=10.9GB (11GB approx)
[2018.02.24-00.13.08:039][  0]LogMemory: Platform Memory Stats for Windows
[2018.02.24-00.13.08:039][  0]LogMemory: Process Physical Memory: 271.38 MB used, 271.38 MB peak
[2018.02.24-00.13.08:039][  0]LogMemory: Process Virtual Memory: 269.74 MB used, 269.74 MB peak
[2018.02.24-00.13.08:039][  0]LogMemory: Physical Memory: 3893.81 MB used,  7316.45 MB free, 11210.26 MB total
[2018.02.24-00.13.08:039][  0]LogMemory: Virtual Memory: 627.17 MB used,  7316.45 MB free, 134217728.00 MB total
[2018.02.24-00.13.08:391][  0]LogInit: Overriding language with editor language configuration option (en).
[2018.02.24-00.13.08:391][  0]LogInit: Overriding locale with editor culture configuration option ().
[2018.02.24-00.13.08:391][  0]LogInit: Using OS detected locale (es-MX).
[2018.02.24-00.13.09:275][  0]LogInit: Setting process to per monitor DPI aware
[2018.02.24-00.13.09:836][  0]LogD3D11RHI: D3D11 adapters:
[2018.02.24-00.13.09:869][  0]LogD3D11RHI:    0. 'AMD Radeon(TM) R6 Graphics' (Feature Level 11_0)
[2018.02.24-00.13.09:869][  0]LogD3D11RHI:       989/0/3840 MB DedicatedVideo/DedicatedSystem/SharedSystem, Outputs:1, VendorId:0x1002
[2018.02.24-00.13.09:872][  0]LogD3D11RHI:    1. 'Microsoft Basic Render Driver' (Feature Level 11_0)
[2018.02.24-00.13.09:872][  0]LogD3D11RHI:       0/0/256 MB DedicatedVideo/DedicatedSystem/SharedSystem, Outputs:0, VendorId:0x1414
[2018.02.24-00.13.09:872][  0]LogD3D11RHI: Chosen D3D11 Adapter: 0
[2018.02.24-00.13.09:885][  0]LogD3D11RHI: Creating new Direct3DDevice
[2018.02.24-00.13.09:885][  0]LogD3D11RHI:     GPU DeviceId: 0x130a (for the marketing name, search the web for "GPU Device Id")
[2018.02.24-00.13.09:885][  0]LogWindows: EnumDisplayDevices:
[2018.02.24-00.13.09:886][  0]LogWindows:    0. 'AMD Radeon(TM) R6 Graphics' (P:1 D:1)
[2018.02.24-00.13.09:886][  0]LogWindows:    1. 'AMD Radeon(TM) R6 Graphics' (P:0 D:0)
[2018.02.24-00.13.09:887][  0]LogWindows:    2. 'AMD Radeon(TM) R6 Graphics' (P:0 D:0)
[2018.02.24-00.13.09:887][  0]LogWindows:    3. 'AMD Radeon(TM) R6 Graphics' (P:0 D:0)
[2018.02.24-00.13.09:888][  0]LogWindows: DebugString: FoundDriverCount:4 
[2018.02.24-00.13.09:888][  0]LogD3D11RHI:     Adapter Name: AMD Radeon(TM) R6 Graphics
[2018.02.24-00.13.09:888][  0]LogD3D11RHI:   Driver Version: Crimson ReLive 16.12.2 (internal:21.19.407.0, unified:21.19.407.0)
[2018.02.24-00.13.09:888][  0]LogD3D11RHI:      Driver Date: 12-23-2016
[2018.02.24-00.13.09:888][  0]LogRHI: Texture pool is 692 MB (70% of 989 MB)
[2018.02.24-00.13.09:941][  0]LogD3D11RHI: Async texture creation enabled
[2018.02.24-00.13.09:959][  0]LogD3D11RHI: GPU Timing Frequency: 100.000000 (Debug: 2 1)
[2018.02.24-00.13.09:961][  0]LogShaderCompilers: Guid format shader working directory is -19 characters bigger than the processId version (../../../../../../Users/esteban.carranza/Documents/Unreal Projects/VR_PRO_18/Intermediate/Shaders/WorkingDirectory/5796/).
[2018.02.24-00.13.09:961][  0]LogShaderCompilers: Cleaned the shader compiler working directory 'C:/Users/esteban.carranza/AppData/Local/Temp/UnrealShaderWorkingDir/C4C61F874BC34EFF133C73B2309EADDB/'.
[2018.02.24-00.13.09:961][  0]LogShaderCompilers: Display: Using Local Shader Compiler.
[2018.02.24-00.13.12:195][  0]LogTemp: Display: Loaded TP AllDesktopTargetPlatform
[2018.02.24-00.13.12:321][  0]LogTemp: Display: Loaded TP MacClientTargetPlatform
[2018.02.24-00.13.12:444][  0]LogTemp: Display: Loaded TP MacNoEditorTargetPlatform
[2018.02.24-00.13.12:572][  0]LogTemp: Display: Loaded TP MacServerTargetPlatform
[2018.02.24-00.13.12:695][  0]LogTemp: Display: Loaded TP MacTargetPlatform
[2018.02.24-00.13.12:816][  0]LogTemp: Display: Loaded TP WindowsClientTargetPlatform
[2018.02.24-00.13.12:938][  0]LogTemp: Display: Loaded TP WindowsNoEditorTargetPlatform
[2018.02.24-00.13.13:061][  0]LogTemp: Display: Loaded TP WindowsServerTargetPlatform
[2018.02.24-00.13.13:170][  0]LogTemp: Display: Loaded TP WindowsTargetPlatform
[2018.02.24-00.13.13:291][  0]LogTemp: Display: Loaded TP Android_ASTCTargetPlatform
[2018.02.24-00.13.13:413][  0]LogTemp: Display: Loaded TP Android_ATCTargetPlatform
[2018.02.24-00.13.13:530][  0]LogTemp: Display: Loaded TP Android_DXTTargetPlatform
[2018.02.24-00.13.13:652][  0]LogTemp: Display: Loaded TP Android_ETC1TargetPlatform
[2018.02.24-00.13.13:769][  0]LogTemp: Display: Loaded TP Android_ETC2TargetPlatform
[2018.02.24-00.13.14:016][  0]LogTemp: Display: Loaded TP Android_MultiTargetPlatform
[2018.02.24-00.13.14:016][  0]LogTemp: Display: Loaded TP Android_PVRTCTargetPlatform
[2018.02.24-00.13.14:140][  0]LogTemp: Display: Loaded TP AndroidTargetPlatform
[2018.02.24-00.13.14:234][  0]LogTemp: Display: Loaded TP HTML5TargetPlatform
[2018.02.24-00.13.14:426][  0]LogTemp: Display: Loaded TP IOSTargetPlatform
[2018.02.24-00.13.14:497][  0]LogTemp: Display: Loaded TP TVOSTargetPlatform
[2018.02.24-00.13.14:643][  0]LogTemp: Display: Loaded TP LinuxClientTargetPlatform
[2018.02.24-00.13.14:789][  0]LogTemp: Display: Loaded TP LinuxNoEditorTargetPlatform
[2018.02.24-00.13.14:939][  0]LogTemp: Display: Loaded TP LinuxServerTargetPlatform
[2018.02.24-00.13.15:085][  0]LogTemp: Display: Loaded TP LinuxTargetPlatform
[2018.02.24-00.13.15:085][  0]LogTargetPlatformManager: Display: Building Assets For Windows
[2018.02.24-00.13.16:613][  0]LogDerivedDataCache: Display: Max Cache Size: 512 MB
[2018.02.24-00.13.17:025][  0]LogDerivedDataCache: Loaded boot cache 0.41s 92MB C:/Users/esteban.carranza/AppData/Local/UnrealEngine/4.18/DerivedDataCache/Boot.ddc.
[2018.02.24-00.13.17:026][  0]LogDerivedDataCache: Display: Loaded Boot cache: C:/Users/esteban.carranza/AppData/Local/UnrealEngine/4.18/DerivedDataCache/Boot.ddc
[2018.02.24-00.13.17:026][  0]LogDerivedDataCache: FDerivedDataBackendGraph:  Pak pak cache file ../../../../../../Users/esteban.carranza/Documents/Unreal Projects/VR_PRO_18/DerivedDataCache/DDC.ddp not found, will not use a pak cache.
[2018.02.24-00.13.17:026][  0]LogDerivedDataCache: Unable to find inner node Pak for hierarchical cache Hierarchy.
[2018.02.24-00.13.17:026][  0]LogDerivedDataCache: FDerivedDataBackendGraph:  CompressedPak pak cache file ../../../../../../Users/esteban.carranza/Documents/Unreal Projects/VR_PRO_18/DerivedDataCache/Compressed.ddp not found, will not use a pak cache.
[2018.02.24-00.13.17:026][  0]LogDerivedDataCache: Unable to find inner node CompressedPak for hierarchical cache Hierarchy.
[2018.02.24-00.13.17:067][  0]LogDerivedDataCache: Display: Pak cache opened for reading ../../../Engine/DerivedDataCache/Compressed.ddp.
[2018.02.24-00.13.17:082][  0]LogDerivedDataCache: Using Local data cache path C:/Users/esteban.carranza/AppData/Local/UnrealEngine/Common/DerivedDataCache: Writable
[2018.02.24-00.13.17:115][  0]LogMaterial: Verifying Global Shaders for PCD3D_SM5
[2018.02.24-00.13.17:116][  0]LogSlate: Using Freetype 2.6.0
[2018.02.24-00.13.17:117][  0]LogSlate: SlateFontCache - WITH_FREETYPE: 1, WITH_HARFBUZZ: 1
[2018.02.24-00.13.17:118][  0]LogSlate: SlateFontCache - WITH_FREETYPE: 1, WITH_HARFBUZZ: 1
[2018.02.24-00.13.18:409][  0]LogInit: Selected Device Profile: [Windows]
[2018.02.24-00.13.19:356][  0]LogSimplygon: Simplygon DLL not present - disabling.
[2018.02.24-00.13.19:463][  0]LogMeshReduction: Using SimplygonSwarm for distributed automatic mesh merging
[2018.02.24-00.13.19:463][  0]LogMeshReduction: Using QuadricMeshReduction for automatic static mesh reduction
[2018.02.24-00.13.19:463][  0]LogMeshReduction: No automatic skeletal mesh reduction module available
[2018.02.24-00.13.19:463][  0]LogMeshReduction: No automatic mesh merging module available
[2018.02.24-00.13.19:463][  0]LogMeshMerging: No automatic mesh merging module available
[2018.02.24-00.13.19:532][  0]LogNetVersion: VR_PRO_18 , NetCL: 3709383, EngineNetVer: 2, GameNetVer: 0 (Checksum: 3504906314)
[2018.02.24-00.13.20:004][  0]LogAssetRegistry: FAssetRegistry took 0.0373 seconds to start up
[2018.02.24-00.13.21:586][  0]LogPackageLocalizationCache: Processed 7 localized package path(s) for 1 prioritized culture(s) in 0.107994 seconds
[2018.02.24-00.13.21:604][  0]LogUObjectArray: 35870 objects as part of root set at end of initial load.
[2018.02.24-00.13.21:604][  0]LogUObjectAllocator: 7363704 out of 0 bytes used by permanent object pool.
[2018.02.24-00.13.21:604][  0]LogUObjectArray: CloseDisregardForGC: 0/0 objects in disregard for GC pool
[2018.02.24-00.13.21:738][  0]LogInit: WinSock: version 1.1 (2.2), MaxSocks=32767, MaxUdp=65467
[2018.02.24-00.13.28:650][  0]LogTcpMessaging: Initializing TcpMessaging bridge
[2018.02.24-00.13.28:747][  0]LogUdpMessaging: Initializing bridge on interface 0.0.0.0:0 to multicast group 230.0.0.1:6666.
[2018.02.24-00.13.29:882][  0]UE4DuinoLog: Warning: UE4Duino: Log Started
[2018.02.24-00.13.30:458][  0]LogMaterial: Uniform references updated for custom material expression Custom.
[2018.02.24-00.13.31:521][  0]SourceControl: Source control is disabled
[2018.02.24-00.13.31:521][  0]SourceControl: Source control is disabled
[2018.02.24-00.13.31:654][  0]SourceControl: Source control is disabled
[2018.02.24-00.13.31:785][  0]SourceControl: Source control is disabled
[2018.02.24-00.13.33:823][  0]LogAndroidPermission: UAndroidPermissionCallbackProxy::GetInstance
[2018.02.24-00.13.34:502][  0]LogOcInput: OculusInput pre-init called
[2018.02.24-00.13.35:216][  0]LogEngine: Initializing Engine...
[2018.02.24-00.13.35:222][  0]LogHMD: Failed to initialize OpenVR with code 110
[2018.02.24-00.13.35:856][  0]LogStats: UGameplayTagsManager::ConstructGameplayTagTree: Construct from data asset -  0.000 s
[2018.02.24-00.13.35:856][  0]LogStats: UGameplayTagsManager::ConstructGameplayTagTree: GameplayTagTreeChangedEvent.Broadcast -  0.000 s
[2018.02.24-00.13.36:205][  0]LogAIModule: Creating AISystem for world Untitled
[2018.02.24-00.13.36:219][  0]LogInit: XAudio2 using 'Altavoces (Realtek High Definition Audio)' : 2 channels at 48 kHz using 32 bits per sample (channel mask 0x3)
[2018.02.24-00.13.36:270][  0]LogInit: FAudioDevice initialized.
[2018.02.24-00.13.36:528][  0]LogDerivedDataCache: Saved boot cache 0.26s 92MB C:/Users/esteban.carranza/AppData/Local/UnrealEngine/4.18/DerivedDataCache/Boot.ddc.
[2018.02.24-00.13.36:608][  0]LogInit: Texture streaming: Enabled
[2018.02.24-00.13.36:871][  0]LogEngineSessionManager: EngineSessionManager initialized
[2018.02.24-00.13.37:211][  0]LogInit: Transaction tracking system initialized
[2018.02.24-00.13.38:043][  0]BlueprintLog: New page: Editor Load
[2018.02.24-00.13.40:396][  0]LocalizationService: Localization service is disabled
[2018.02.24-00.13.42:288][  0]LogConsoleResponse: Display: 
[2018.02.24-00.13.43:012][  0]LogCook: Display: Max memory allowance for cook 16384mb min free memory 0mb
[2018.02.24-00.13.43:012][  0]LogCook: Display: Mobile HDR setting 1
[2018.02.24-00.13.43:012][  0]LogGameplayTags: Display: UGameplayTagsManager::DoneAddingNativeTags. DelegateIsBound: 0
[2018.02.24-00.13.44:105][  0]LogFileCache: Scanning file cache for directory 'C:/Users/esteban.carranza/Documents/Unreal Projects/VR_PRO_18/Content/' took 0.02s
[2018.02.24-00.13.46:335][  0]SourceControl: Source control is disabled
[2018.02.24-00.13.46:336][  0]Cmd: MAP LOAD FILE="../../../../../../Users/esteban.carranza/Documents/Unreal Projects/VR_PRO_18/Content/VirtualRealityBP/Maps/StartupMap.umap" TEMPLATE=0 SHOWPROGRESS=1 FEATURELEVEL=3
[2018.02.24-00.13.46:338][  0]LightingResults: New page: Lighting Build
[2018.02.24-00.13.46:471][  0]MapCheck: New page: Map Check
[2018.02.24-00.13.46:471][  0]LightingResults: New page: Lighting Build
[2018.02.24-00.13.46:857][  0]LogAIModule: Creating AISystem for world StartupMap
[2018.02.24-00.13.46:879][  0]LogEditorServer: Finished looking for orphan Actors (0.000 secs)
[2018.02.24-00.13.46:920][  0]Cmd: MAP CHECKDEP NOCLEARLOG
[2018.02.24-00.13.47:091][  0]MapCheck: Map check complete: 0 Error(s), 0 Warning(s), took 170.711ms to complete.
[2018.02.24-00.13.47:091][  0]LogFileHelpers: Loading map 'StartupMap' took 0.755
[2018.02.24-00.13.47:164][  0]LogWindowsTextInputMethodSystem: Display: IME system now deactivated.
[2018.02.24-00.13.47:509][  0]LogCollectionManager: Loaded 0 collections in 0.004735 seconds
[2018.02.24-00.13.47:677][  0]LogFileCache: Scanning file cache for directory 'C:/Users/esteban.carranza/Documents/Unreal Projects/VR_PRO_18/Saved/Collections/' took 0.01s
[2018.02.24-00.13.47:677][  0]LogFileCache: Scanning file cache for directory 'C:/Users/esteban.carranza/Documents/Unreal Projects/VR_PRO_18/Content/Developers/estebancarranza/Collections/' took 0.01s
[2018.02.24-00.13.47:677][  0]LogFileCache: Scanning file cache for directory 'C:/Users/esteban.carranza/Documents/Unreal Projects/VR_PRO_18/Content/Collections/' took 0.01s
[2018.02.24-00.13.47:677][  0]LogCollectionManager: Rebuilt the GUID cache for 0 collections in 0.000001 seconds
[2018.02.24-00.13.47:699][  0]LogContentBrowser: Native class hierarchy populated in 0.0217 seconds. Added 2364 classes and 522 folders.
[2018.02.24-00.13.47:895][  0]LogContentBrowser: Native class hierarchy updated for 'WidgetCarousel' in 0.0005 seconds. Added 0 classes and 0 folders.
[2018.02.24-00.13.48:953][  0]LogContentBrowser: Native class hierarchy updated for 'AddContentDialog' in 0.0007 seconds. Added 0 classes and 0 folders.
[2018.02.24-00.13.49:072][  0]LogContentBrowser: Native class hierarchy updated for 'SceneOutliner' in 0.0007 seconds. Added 1 classes and 2 folders.
[2018.02.24-00.13.49:110][  0]LogSlate: Took 0.000769 seconds to synchronously load lazily loaded font '../../../Engine/Content/Slate/Fonts/Roboto-Regular.ttf' (155K)
[2018.02.24-00.13.49:114][  0]LogSlate: Took 0.000720 seconds to synchronously load lazily loaded font '../../../Engine/Content/Slate/Fonts/Roboto-Bold.ttf' (160K)
[2018.02.24-00.13.49:141][  0]LogSlate: Took 0.016545 seconds to synchronously load lazily loaded font '../../../Engine/Content/Editor/Slate/Fonts/FontAwesome.ttf' (139K)
[2018.02.24-00.13.49:375][  0]LogRenderer: Reallocating scene render targets to support 784x296 Format 26 NumSamples 1 (Frame:1).
[2018.02.24-00.13.49:825][  0]LogContentBrowser: Native class hierarchy updated for 'HierarchicalLODOutliner' in 0.0008 seconds. Added 1 classes and 2 folders.
[2018.02.24-00.13.49:825][  0]LogLoad: (Engine Initialization) Total time: 47.82 seconds
[2018.02.24-00.13.49:825][  0]LogLoad: (Engine Initialization) Total Blueprint compile time: 0.00 seconds
[2018.02.24-00.13.49:825][  0]LogExternalProfiler: Found external profiler: VSPerf
[2018.02.24-00.13.49:825][  0]LogExternalProfiler: Using external profiler: VSPerf
[2018.02.24-00.13.49:861][  0]LogContentStreaming: Texture pool size now 1000 MB
[2018.02.24-00.13.49:983][  0]LogSlate: Took 0.029118 seconds to synchronously load lazily loaded font '../../../Engine/Content/Slate/Fonts/Roboto-Light.ttf' (159K)
[2018.02.24-00.13.50:249][  3]LogAssetRegistry: Asset discovery search completed in 30.2693 seconds
[2018.02.24-00.13.50:254][  3]LogCollectionManager: Rebuilt the object cache for 0 collections in 0.000002 seconds (found 0 objects)
[2018.02.24-00.13.50:254][  3]LogCollectionManager: Fixed up redirectors for 0 collections in 0.000195 seconds (updated 0 objects)
[2018.02.24-00.14.01:238][548]LogSlate: Took 0.001100 seconds to synchronously load lazily loaded font '../../../Engine/Content/Slate/Fonts/Roboto-Light.ttf' (159K)
[2018.02.24-00.14.01:827][548]LogAIModule: Creating AISystem for world isla
[2018.02.24-00.15.14:372][348]LogSlate: Took 0.000661 seconds to synchronously load lazily loaded font '../../../Engine/Content/Slate/Fonts/Roboto-Regular.ttf' (155K)
[2018.02.24-00.15.14:589][348]LogContentBrowser: Native class hierarchy updated for 'BlueprintGraph' in 0.0020 seconds. Added 116 classes and 0 folders.
[2018.02.24-00.15.16:470][348]LogSlate: Took 0.001100 seconds to synchronously load lazily loaded font '../../../Engine/Content/Editor/Slate/Fonts/Roboto-BoldCondensed.ttf' (158K)
[2018.02.24-00.15.17:121][349]LogSlate: Took 0.001456 seconds to synchronously load lazily loaded font '../../../Engine/Content/Editor/Slate/Fonts/Roboto-Italic.ttf' (157K)
[2018.02.24-00.15.36:235][913]LogRenderer: Reallocating scene render targets to support 784x588 Format 26 NumSamples 1 (Frame:1).
[2018.02.24-00.15.42:013][147]LogContentBrowser: Native class hierarchy updated for 'MaterialEditor' in 0.0007 seconds. Added 1 classes and 0 folders.
[2018.02.24-00.15.42:019][147]LogMaterial: Missing cached shader map for material M_Sky_Panning_Clouds2, compiling. 
[2018.02.24-00.15.43:036][147]LogMaterial: Missing cached shader map for material M_SkyBox, compiling. 
[2018.02.24-00.15.43:405][147]LogMaterial: Missing cached shader map for material M_Sky_Panning_Clouds2, compiling. 
[2018.02.24-00.15.43:458][147]LogMaterial: Missing cached shader map for material FMatExpressionPreview MaterialExpressionVectorParameter_12, compiling. 
[2018.02.24-00.15.43:473][147]LogMaterial: Missing cached shader map for material FMatExpressionPreview MaterialExpressionVectorParameter_13, compiling. 
[2018.02.24-00.15.43:506][147]LogMaterial: Missing cached shader map for material FMatExpressionPreview MaterialExpressionVectorParameter_14, compiling. 
[2018.02.24-00.15.43:522][147]LogMaterial: Missing cached shader map for material FMatExpressionPreview MaterialExpressionVectorParameter_15, compiling. 
[2018.02.24-00.15.43:539][147]LogMaterial: Missing cached shader map for material FMatExpressionPreview MaterialExpressionConstant3Vector_3, compiling. 
[2018.02.24-00.15.43:554][147]LogMaterial: Missing cached shader map for material FMatExpressionPreview MaterialExpressionVectorParameter_16, compiling. 
[2018.02.24-00.15.43:571][147]LogMaterial: Missing cached shader map for material FMatExpressionPreview MaterialExpressionVectorParameter_17, compiling. 
[2018.02.24-00.15.43:588][147]LogMaterial: Missing cached shader map for material FMatExpressionPreview MaterialExpressionTextureSample_7, compiling. 
[2018.02.24-00.15.43:603][147]LogMaterial: Missing cached shader map for material FMatExpressionPreview MaterialExpressionTextureSample_5, compiling. 
[2018.02.24-00.15.43:619][147]LogMaterial: Missing cached shader map for material FMatExpressionPreview MaterialExpressionTextureSample_8, compiling. 
[2018.02.24-00.15.43:635][147]LogMaterial: Missing cached shader map for material FMatExpressionPreview MaterialExpressionTextureSample_0, compiling. 
[2018.02.24-00.15.50:895][449]MaterialEditorStats: Base pass shader without light map: 124 instructions
[2018.02.24-00.15.50:895][449]MaterialEditorStats: Vertex shader: 86 instructions
[2018.02.24-00.15.50:895][449]MaterialEditorStats: Texture samplers: 3/16
[2018.02.24-00.15.50:895][449]MaterialEditorStats: User interpolators: 4/4 Scalars (1/4 Vectors) (TexCoords: 4, Custom: 0)
[2018.02.24-00.16.12:703][266]LightingResults: New page: Lighting Build
[2018.02.24-00.16.12:706][266]MapCheck: New page: Map Check
[2018.02.24-00.16.12:706][266]LightingResults: New page: Lighting Build
[2018.02.24-00.16.12:822][266]LogAIModule: Creating AISystem for world Untitled
[2018.02.24-00.16.12:829][266]LoadErrors: New page: New Map
[2018.02.24-00.20.24:848][558]LogEditorActor: Deleted Actor: DirectionalLight
[2018.02.24-00.20.24:937][558]LogEditorActor: Deleted 1 Actors (0.132 secs)
[2018.02.24-00.20.38:929][290]LogEditorActor: Deleted Actor: SkyLight
[2018.02.24-00.20.38:999][290]LogEditorActor: Deleted 1 Actors (0.074 secs)
[2018.02.24-00.20.49:567][818]LogEditorActor: Deleted Actor: SpotLight
[2018.02.24-00.20.49:649][818]LogEditorActor: Deleted 1 Actors (0.085 secs)
[2018.02.24-00.21.04:290][536]Cmd: CAMERA ALIGN ACTIVEVIEWPORTONLY
[2018.02.24-00.21.06:593][637]Cmd: CAMERA ALIGN ACTIVEVIEWPORTONLY
[2018.02.24-00.21.53:176][766]LogEditorActor: Actor DirectionalLight is referenced by BP_Sky_Sphere.
[2018.02.24-00.21.55:172][766]LogEditorActor: Deleted 0 Actors (2.000 secs)
[2018.02.24-00.21.59:424][940]LogEditorActor: Deleted Actor: DirectionalLight
[2018.02.24-00.21.59:508][940]LogEditorActor: Deleted 1 Actors (0.088 secs)
[2018.02.24-00.26.04:098][840]LogSlate: Took 0.000950 seconds to synchronously load lazily loaded font '../../../Engine/Content/Slate/Fonts/Roboto-Light.ttf' (159K)
[2018.02.24-00.26.13:376][309]LogSavePackage: Save=44.37ms
[2018.02.24-00.26.13:376][309]LogSavePackage: Moving '../../../../../../Users/esteban.carranza/Documents/Unreal Projects/VR_PRO_18/Saved/Untitled_1_Auto113DF56F046E5F161886497A5CF06CF53.tmp' to '../../../../../../Users/esteban.carranza/Documents/Unreal Projects/VR_PRO_18/Saved/Autosaves/Temp/Untitled_1_Auto1.umap'
[2018.02.24-00.26.13:384][309]LogSavePackage: Display: Finished SavePackage ../../../../../../Users/esteban.carranza/Documents/Unreal Projects/VR_PRO_18/Saved/Autosaves/Temp/Untitled_1_Auto1.umap
[2018.02.24-00.26.13:395][309]LogFileHelpers: Editor autosave (incl. sublevels) for '/Temp/Untitled_1' took 0.187
[2018.02.24-00.26.13:395][309]LogFileHelpers: Editor autosave (incl. sublevels) for all levels took 0.187
[2018.02.24-00.26.13:440][309]OBJ SavePackage: Generating thumbnails for [1] asset(s) in package [/Game/RV_MAPA/cielo/BP_Sky_Sphere] ([1] browsable assets)...
[2018.02.24-00.26.13:488][309]OBJ SavePackage:     Rendered thumbnail for [Blueprint /Game/RV_MAPA/cielo/BP_Sky_Sphere.BP_Sky_Sphere]
[2018.02.24-00.26.13:488][309]OBJ SavePackage: Finished generating thumbnails for package [/Game/RV_MAPA/cielo/BP_Sky_Sphere]
[2018.02.24-00.26.14:249][309]LogSavePackage: Save=569.79ms
[2018.02.24-00.26.14:249][309]LogSavePackage: Moving '../../../../../../Users/esteban.carranza/Documents/Unreal Projects/VR_PRO_18/Saved/BP_Sky_Sphere_Auto1C120DAD44EFF0CD960187EAE25815A39.tmp' to '../../../../../../Users/esteban.carranza/Documents/Unreal Projects/VR_PRO_18/Saved/Autosaves/Game/RV_MAPA/cielo/BP_Sky_Sphere_Auto1.uasset'
[2018.02.24-00.26.14:257][309]LogSavePackage: Display: Finished SavePackage ../../../../../../Users/esteban.carranza/Documents/Unreal Projects/VR_PRO_18/Saved/Autosaves/Game/RV_MAPA/cielo/BP_Sky_Sphere_Auto1.uasset
[2018.02.24-00.26.14:257][309]LogFileHelpers: Auto-saving content packages took 0.859
[2018.02.24-00.34.26:339][975]Cmd: OBJ SAVEPACKAGE PACKAGE="/Game/RV_MAPA/cielo/BP_Sky_Sphere" FILE="../../../../../../Users/esteban.carranza/Documents/Unreal Projects/VR_PRO_18/Content/RV_MAPA/cielo/BP_Sky_Sphere.uasset" SILENT=true
[2018.02.24-00.34.26:842][975]LogSavePackage: Save=479.65ms
[2018.02.24-00.34.26:842][975]LogSavePackage: Moving '../../../../../../Users/esteban.carranza/Documents/Unreal Projects/VR_PRO_18/Saved/BP_Sky_Sphere0199E907469A0B78F71C2EB8D88DB098.tmp' to '../../../../../../Users/esteban.carranza/Documents/Unreal Projects/VR_PRO_18/Content/RV_MAPA/cielo/BP_Sky_Sphere.uasset'
[2018.02.24-00.34.26:864][975]LogSavePackage: Display: Finished SavePackage ../../../../../../Users/esteban.carranza/Documents/Unreal Projects/VR_PRO_18/Content/RV_MAPA/cielo/BP_Sky_Sphere.uasset
[2018.02.24-00.34.27:782][ 15]BlueprintLog: New page: Compile BP_Sky_Sphere
[2018.02.24-00.34.29:228][ 15]Cmd: OBJ SAVEPACKAGE PACKAGE="/Game/RV_MAPA/cielo/BP_Sky_Sphere" FILE="../../../../../../Users/esteban.carranza/Documents/Unreal Projects/VR_PRO_18/Content/RV_MAPA/cielo/BP_Sky_Sphere.uasset" SILENT=true
[2018.02.24-00.34.29:714][ 15]LogSavePackage: Save=470.37ms
[2018.02.24-00.34.29:714][ 15]LogSavePackage: Moving '../../../../../../Users/esteban.carranza/Documents/Unreal Projects/VR_PRO_18/Saved/BP_Sky_Sphere82B444834A87BC2BCE0C2285F1FE0B51.tmp' to '../../../../../../Users/esteban.carranza/Documents/Unreal Projects/VR_PRO_18/Content/RV_MAPA/cielo/BP_Sky_Sphere.uasset'
[2018.02.24-00.34.29:723][ 15]LogSavePackage: Display: Finished SavePackage ../../../../../../Users/esteban.carranza/Documents/Unreal Projects/VR_PRO_18/Content/RV_MAPA/cielo/BP_Sky_Sphere.uasset
[2018.02.24-00.36.14:873][540]LogSavePackage: Save=27.99ms
[2018.02.24-00.36.14:873][540]LogSavePackage: Moving '../../../../../../Users/esteban.carranza/Documents/Unreal Projects/VR_PRO_18/Saved/Untitled_1_Auto286B15E374B3DFBB3DAE3BC8884CE5F29.tmp' to '../../../../../../Users/esteban.carranza/Documents/Unreal Projects/VR_PRO_18/Saved/Autosaves/Temp/Untitled_1_Auto2.umap'
[2018.02.24-00.36.14:880][540]LogSavePackage: Display: Finished SavePackage ../../../../../../Users/esteban.carranza/Documents/Unreal Projects/VR_PRO_18/Saved/Autosaves/Temp/Untitled_1_Auto2.umap
[2018.02.24-00.36.14:888][540]LogFileHelpers: Editor autosave (incl. sublevels) for '/Temp/Untitled_1' took 0.133
[2018.02.24-00.36.14:888][540]LogFileHelpers: Editor autosave (incl. sublevels) for all levels took 0.133
[2018.02.24-00.37.10:716][732]LogSavePackage: Save=22.97ms
[2018.02.24-00.37.10:717][732]LogSavePackage: Moving '../../../../../../Users/esteban.carranza/Documents/Unreal Projects/VR_PRO_18/Saved/ejemplo7F079E634BA75658FCAE15AC7C324286.tmp' to '../../../../../../Users/esteban.carranza/Documents/Unreal Projects/VR_PRO_18/Content/RV_MAPA/ejemplo.umap'
[2018.02.24-00.37.10:729][732]LogSavePackage: Display: Finished SavePackage ../../../../../../Users/esteban.carranza/Documents/Unreal Projects/VR_PRO_18/Content/RV_MAPA/ejemplo.umap
[2018.02.24-00.37.10:838][732]LogFileHelpers: Saving map 'ejemplo' took 0.551
[2018.02.24-00.37.11:117][732]LogWindowsTextInputMethodSystem: Display: IME system now deactivated.
[2018.02.24-00.37.11:429][733]Cmd: QUIT_EDITOR
[2018.02.24-00.37.11:502][733]LogExit: Preparing to exit.
[2018.02.24-00.37.12:455][733]LogDirectoryWatcher: A directory notification failed for 'C:/Users/esteban.carranza/Documents/Unreal Projects/VR_PRO_18/Content/', and we were unable to create a new request.
[2018.02.24-00.37.12:577][733]LogExit: Editor shut down
[2018.02.24-00.37.12:604][733]LogExit: Transaction tracking system shut down
[2018.02.24-00.37.12:914][733]LogDirectoryWatcher: A directory notification for '../../../Engine/Content/' was aborted.
[2018.02.24-00.37.12:915][733]LogDirectoryWatcher: A directory notification for '../../../../../../Users/esteban.carranza/Documents/Unreal Projects/VR_PRO_18/Content/' was aborted.
[2018.02.24-00.37.12:915][733]LogDirectoryWatcher: A directory notification for '../../../Engine/Plugins/2D/Paper2D/Content/' was aborted.
[2018.02.24-00.37.12:915][733]LogDirectoryWatcher: A directory notification for '../../../Engine/Plugins/Media/MediaCompositing/Content/' was aborted.
[2018.02.24-00.37.12:915][733]LogDirectoryWatcher: A directory notification for '../../../Engine/Plugins/Runtime/AppleARKit/Content/' was aborted.
[2018.02.24-00.37.12:915][733]LogDirectoryWatcher: A directory notification for '../../../Engine/Plugins/Runtime/Oculus/OculusVR/Content/' was aborted.
[2018.02.24-00.37.12:915][733]LogDirectoryWatcher: A directory notification for '../../../Engine/Plugins/Runtime/Steam/SteamVR/Content/' was aborted.
[2018.02.24-00.37.13:154][733]LogExit: Object subsystem successfully closed.
[2018.02.24-00.37.13:198][733]LogD3D11RHI: Shutdown
[2018.02.24-00.37.13:198][733]LogD3D11RHI: CleanupD3DDevice
[2018.02.24-00.37.13:213][733]LogD3D11RHI: ~FD3D11DynamicRHI
[2018.02.24-00.37.13:300][733]LogModuleManager: Shutting down and abandoning module HierarchicalLODUtilities (558)
[2018.02.24-00.37.13:300][733]LogModuleManager: Shutting down and abandoning module NewLevelDialog (556)
[2018.02.24-00.37.13:300][733]LogModuleManager: Shutting down and abandoning module MaterialEditor (554)
[2018.02.24-00.37.13:300][733]LogModuleManager: Shutting down and abandoning module BlueprintGraph (552)
[2018.02.24-00.37.13:300][733]LogModuleManager: Shutting down and abandoning module HierarchicalLODOutliner (550)
[2018.02.24-00.37.13:301][733]LogModuleManager: Shutting down and abandoning module SceneOutliner (548)
[2018.02.24-00.37.13:301][733]LogModuleManager: Shutting down and abandoning module AddContentDialog (546)
[2018.02.24-00.37.13:301][733]LogDirectoryWatcher: A directory notification for 'C:/Program Files/Epic Games/UE_4.18/FeaturePacks/' was aborted.
[2018.02.24-00.37.13:306][733]LogModuleManager: Shutting down and abandoning module WidgetCarousel (545)
[2018.02.24-00.37.13:306][733]LogModuleManager: Shutting down and abandoning module EditorWidgets (542)
[2018.02.24-00.37.13:306][733]LogModuleManager: Shutting down and abandoning module CollectionManager (540)
[2018.02.24-00.37.13:307][733]LogDirectoryWatcher: A directory notification for 'C:/Users/esteban.carranza/Documents/Unreal Projects/VR_PRO_18/Content/Collections/' was aborted.
[2018.02.24-00.37.13:307][733]LogDirectoryWatcher: A directory notification for 'C:/Users/esteban.carranza/Documents/Unreal Projects/VR_PRO_18/Content/Developers/estebancarranza/Collections/' was aborted.
[2018.02.24-00.37.13:307][733]LogDirectoryWatcher: A directory notification for 'C:/Users/esteban.carranza/Documents/Unreal Projects/VR_PRO_18/Saved/Collections/' was aborted.
[2018.02.24-00.37.13:308][733]LogModuleManager: Shutting down and abandoning module StatsViewer (538)
[2018.02.24-00.37.13:308][733]LogModuleManager: Shutting down and abandoning module FoliageEdit (536)
[2018.02.24-00.37.13:308][733]LogModuleManager: Shutting down and abandoning module LandscapeEditor (534)
[2018.02.24-00.37.13:309][733]LogModuleManager: Shutting down and abandoning module MeshPaintMode (532)
[2018.02.24-00.37.13:309][733]LogModuleManager: Shutting down and abandoning module SceneDepthPickerMode (530)
[2018.02.24-00.37.13:309][733]LogModuleManager: Shutting down and abandoning module ActorPickerMode (528)
[2018.02.24-00.37.13:309][733]LogModuleManager: Shutting down and abandoning module GeometryMode (526)
[2018.02.24-00.37.13:309][733]LogModuleManager: Shutting down and abandoning module TextureAlignMode (524)
[2018.02.24-00.37.13:309][733]LogModuleManager: Shutting down and abandoning module BspMode (522)
[2018.02.24-00.37.13:309][733]LogModuleManager: Shutting down and abandoning module PIEPreviewDeviceProfileSelector (520)
[2018.02.24-00.37.13:309][733]LogModuleManager: Shutting down and abandoning module HardwareSurvey (518)
[2018.02.24-00.37.13:309][733]LogModuleManager: Shutting down and abandoning module SequenceRecorderSections (516)
[2018.02.24-00.37.13:309][733]LogModuleManager: Shutting down and abandoning module AutomationWorker (514)
[2018.02.24-00.37.13:309][733]LogModuleManager: Shutting down and abandoning module MatineeToLevelSequence (512)
[2018.02.24-00.37.13:309][733]LogModuleManager: Shutting down and abandoning module LevelSequenceEditor (510)
[2018.02.24-00.37.13:310][733]LogModuleManager: Shutting down and abandoning module PlacementMode (509)
[2018.02.24-00.37.13:310][733]LogModuleManager: Shutting down and abandoning module WmfMediaFactory (506)
[2018.02.24-00.37.13:310][733]LogModuleManager: Shutting down and abandoning module WmfMediaEditor (504)
[2018.02.24-00.37.13:310][733]LogModuleManager: Shutting down and abandoning module OpenExrWrapper (502)
[2018.02.24-00.37.13:310][733]LogModuleManager: Shutting down and abandoning module ImgMediaFactory (500)
[2018.02.24-00.37.13:310][733]LogModuleManager: Shutting down and abandoning module ImgMediaEditor (498)
[2018.02.24-00.37.13:310][733]LogModuleManager: Shutting down and abandoning module AvfMediaFactory (496)
[2018.02.24-00.37.13:310][733]LogModuleManager: Shutting down and abandoning module AvfMediaEditor (494)
[2018.02.24-00.37.13:310][733]LogModuleManager: Shutting down and abandoning module AndroidMediaFactory (492)
[2018.02.24-00.37.13:310][733]LogModuleManager: Shutting down and abandoning module AndroidMediaEditor (490)
[2018.02.24-00.37.13:310][733]LogModuleManager: Shutting down and abandoning module CharacterAI (488)
[2018.02.24-00.37.13:310][733]LogModuleManager: Shutting down and abandoning module AudioCapture (486)
[2018.02.24-00.37.13:310][733]LogModuleManager: Shutting down and abandoning module SequenceRecorder (485)
[2018.02.24-00.37.13:311][733]LogModuleManager: Shutting down and abandoning module SmartSnapping (482)
[2018.02.24-00.37.13:311][733]LogModuleManager: Shutting down and abandoning module SessionServices (480)
[2018.02.24-00.37.13:311][733]LogModuleManager: Shutting down and abandoning module ViewportSnapping (478)
[2018.02.24-00.37.13:311][733]LogModuleManager: Shutting down and abandoning module ViewportInteraction (476)
[2018.02.24-00.37.13:311][733]LogModuleManager: Shutting down and abandoning module ClothPainter (474)
[2018.02.24-00.37.13:311][733]LogModuleManager: Shutting down and abandoning module SkeletalMeshEditor (473)
[2018.02.24-00.37.13:311][733]LogModuleManager: Shutting down and abandoning module LogVisualizer (470)
[2018.02.24-00.37.13:311][733]LogModuleManager: Shutting down and abandoning module IntroTutorials (468)
[2018.02.24-00.37.13:311][733]LogModuleManager: Shutting down and abandoning module GameProjectGeneration (467)
[2018.02.24-00.37.13:312][733]LogModuleManager: Shutting down and abandoning module IOSPlatformEditor (464)
[2018.02.24-00.37.13:312][733]LogModuleManager: Shutting down and abandoning module HTML5PlatformEditor (462)
[2018.02.24-00.37.13:312][733]LogModuleManager: Shutting down and abandoning module AndroidPlatformEditor (460)
[2018.02.24-00.37.13:312][733]LogModuleManager: Shutting down and abandoning module AndroidDeviceDetection (459)
[2018.02.24-00.37.14:262][733]LogModuleManager: Shutting down and abandoning module WindowsPlatformEditor (456)
[2018.02.24-00.37.14:262][733]LogModuleManager: Shutting down and abandoning module IOSRuntimeSettings (454)
[2018.02.24-00.37.14:262][733]LogModuleManager: Shutting down and abandoning module AndroidRuntimeSettings (452)
[2018.02.24-00.37.14:262][733]LogModuleManager: Shutting down and abandoning module InputBindingEditor (450)
[2018.02.24-00.37.14:262][733]LogModuleManager: Shutting down and abandoning module MergeActors (448)
[2018.02.24-00.37.14:262][733]LogModuleManager: Shutting down and abandoning module SizeMap (446)
[2018.02.24-00.37.14:262][733]LogModuleManager: Shutting down and abandoning module TreeMap (444)
[2018.02.24-00.37.14:262][733]LogModuleManager: Shutting down and abandoning module ReferenceViewer (442)
[2018.02.24-00.37.14:262][733]LogModuleManager: Shutting down and abandoning module LocalizationDashboard (440)
[2018.02.24-00.37.14:263][733]LogModuleManager: Shutting down and abandoning module LocalizationService (439)
[2018.02.24-00.37.14:263][733]LogModuleManager: Shutting down and abandoning module HardwareTargeting (436)
[2018.02.24-00.37.14:263][733]LogModuleManager: Shutting down and abandoning module DeviceProfileEditor (434)
[2018.02.24-00.37.14:263][733]LogModuleManager: Shutting down and abandoning module UndoHistory (432)
[2018.02.24-00.37.14:263][733]LogModuleManager: Shutting down and abandoning module XmlParser (430)
[2018.02.24-00.37.14:263][733]LogModuleManager: Shutting down and abandoning module Blutility (428)
[2018.02.24-00.37.14:263][733]LogModuleManager: Shutting down and abandoning module ProjectSettingsViewer (426)
[2018.02.24-00.37.14:263][733]LogModuleManager: Shutting down and abandoning module ProjectTargetPlatformEditor (425)
[2018.02.24-00.37.14:263][733]LogModuleManager: Shutting down and abandoning module EditorSettingsViewer (422)
[2018.02.24-00.37.14:263][733]LogModuleManager: Shutting down and abandoning module SettingsEditor (420)
[2018.02.24-00.37.14:263][733]LogModuleManager: Shutting down and abandoning module ProjectLauncher (418)
[2018.02.24-00.37.14:263][733]LogModuleManager: Shutting down and abandoning module SessionFrontend (416)
[2018.02.24-00.37.14:263][733]LogModuleManager: Shutting down and abandoning module ProfilerClient (414)
[2018.02.24-00.37.14:263][733]LogModuleManager: Shutting down and abandoning module DeviceManager (412)
[2018.02.24-00.37.14:264][733]LogModuleManager: Shutting down and abandoning module TargetDeviceServices (411)
[2018.02.24-00.37.14:320][733]LogModuleManager: Shutting down and abandoning module AutomationController (408)
[2018.02.24-00.37.14:320][733]LogModuleManager: Shutting down and abandoning module AutomationWindow (406)
[2018.02.24-00.37.14:320][733]LogModuleManager: Shutting down and abandoning module Layers (404)
[2018.02.24-00.37.14:320][733]LogModuleManager: Shutting down and abandoning module ComponentVisualizers (402)
[2018.02.24-00.37.14:320][733]LogModuleManager: Shutting down and abandoning module DetailCustomizations (400)
[2018.02.24-00.37.14:320][733]LogModuleManager: Shutting down and abandoning module PackagesDialog (398)
[2018.02.24-00.37.14:321][733]LogModuleManager: Shutting down and abandoning module Persona (396)
[2018.02.24-00.37.14:321][733]LogModuleManager: Shutting down and abandoning module AdvancedPreviewScene (395)
[2018.02.24-00.37.14:321][733]LogModuleManager: Shutting down and abandoning module AnimGraph (393)
[2018.02.24-00.37.14:321][733]LogModuleManager: Shutting down and abandoning module Kismet (390)
[2018.02.24-00.37.14:342][733]LogModuleManager: Shutting down and abandoning module ClassViewer (388)
[2018.02.24-00.37.14:342][733]LogModuleManager: Shutting down and abandoning module Toolbox (386)
[2018.02.24-00.37.14:342][733]LogModuleManager: Shutting down and abandoning module ModuleUI (384)
[2018.02.24-00.37.14:342][733]LogModuleManager: Shutting down and abandoning module MovieSceneTools (382)
[2018.02.24-00.37.14:342][733]LogModuleManager: Shutting down and abandoning module OutputLog (380)
[2018.02.24-00.37.14:342][733]LogModuleManager: Shutting down and abandoning module GammaUI (378)
[2018.02.24-00.37.14:342][733]LogModuleManager: Shutting down and abandoning module Documentation (376)
[2018.02.24-00.37.14:342][733]LogModuleManager: Shutting down and abandoning module MovieSceneTracks (374)
[2018.02.24-00.37.14:342][733]LogModuleManager: Shutting down and abandoning module MovieScene (372)
[2018.02.24-00.37.14:342][733]LogModuleManager: Shutting down and abandoning module StreamingPauseRendering (370)
[2018.02.24-00.37.14:342][733]LogModuleManager: Shutting down and abandoning module LauncherPlatform (368)
[2018.02.24-00.37.14:343][733]LogModuleManager: Shutting down and abandoning module AnalyticsET (366)
[2018.02.24-00.37.14:343][733]LogModuleManager: Shutting down and abandoning module PortalServices (364)
[2018.02.24-00.37.14:343][733]LogModuleManager: Shutting down and abandoning module PortalRpc (362)
[2018.02.24-00.37.14:343][733]LogModuleManager: Shutting down and abandoning module MessagingRpc (360)
[2018.02.24-00.37.14:343][733]LogModuleManager: Shutting down and abandoning module AIModule (358)
[2018.02.24-00.37.14:343][733]LogModuleManager: Shutting down and abandoning module GameplayDebugger (357)
[2018.02.24-00.37.14:343][733]LogModuleManager: Shutting down and abandoning module AITestSuite (355)
[2018.02.24-00.37.14:343][733]LogModuleManager: Shutting down and abandoning module DesktopPlatform (352)
[2018.02.24-00.37.14:343][733]LogModuleManager: Shutting down and abandoning module ProfilerService (350)
[2018.02.24-00.37.14:472][733]LogModuleManager: Shutting down and abandoning module TaskGraph (348)
[2018.02.24-00.37.14:472][733]LogModuleManager: Shutting down and abandoning module SteamVRController (346)
[2018.02.24-00.37.14:472][733]LogModuleManager: Shutting down and abandoning module ProceduralMeshComponentEditor (344)
[2018.02.24-00.37.14:472][733]LogModuleManager: Shutting down and abandoning module ProceduralMeshComponent (342)
[2018.02.24-00.37.14:472][733]LogModuleManager: Shutting down and abandoning module OculusInput (340)
[2018.02.24-00.37.14:472][733]LogModuleManager: Shutting down and abandoning module MobilePatchingUtils (338)
[2018.02.24-00.37.14:472][733]LogModuleManager: Shutting down and abandoning module CustomMeshComponent (336)
[2018.02.24-00.37.14:472][733]LogModuleManager: Shutting down and abandoning module CableComponent (334)
[2018.02.24-00.37.14:473][733]LogModuleManager: Shutting down and abandoning module ArchVisCharacter (332)
[2018.02.24-00.37.14:473][733]LogModuleManager: Shutting down and abandoning module AndroidPermission (330)
[2018.02.24-00.37.14:473][733]LogModuleManager: Shutting down and abandoning module ActorSequence (326)
[2018.02.24-00.37.14:473][733]LogModuleManager: Shutting down and abandoning module MediaPlayerEditor (324)
[2018.02.24-00.37.14:474][733]LogModuleManager: Shutting down and abandoning module MediaCompositingEditor (322)
[2018.02.24-00.37.14:475][733]LogModuleManager: Shutting down and abandoning module MediaCompositing (320)
[2018.02.24-00.37.14:475][733]LogModuleManager: Shutting down and abandoning module HTML5Networking (318)
[2018.02.24-00.37.14:475][733]LogModuleManager: Shutting down and abandoning module AlembicImporter (316)
[2018.02.24-00.37.14:475][733]LogModuleManager: Shutting down and abandoning module AlembicLibrary (315)
[2018.02.24-00.37.14:475][733]LogModuleManager: Shutting down and abandoning module GeometryCache (314)
[2018.02.24-00.37.14:475][733]LogModuleManager: Shutting down and abandoning module GeometryCacheEd (313)
[2018.02.24-00.37.14:475][733]LogModuleManager: Shutting down and abandoning module SpeedTreeImporter (308)
[2018.02.24-00.37.14:475][733]LogModuleManager: Shutting down and abandoning module PluginBrowser (306)
[2018.02.24-00.37.14:475][733]LogModuleManager: Shutting down and abandoning module MobileLauncherProfileWizard (304)
[2018.02.24-00.37.14:475][733]LogModuleManager: Shutting down and abandoning module VisualStudioSourceCodeAccess (302)
[2018.02.24-00.37.14:475][733]LogModuleManager: Shutting down and abandoning module VisualStudioCodeSourceCodeAccess (300)
[2018.02.24-00.37.14:476][733]LogModuleManager: Shutting down and abandoning module UObjectPlugin (298)
[2018.02.24-00.37.14:476][733]LogModuleManager: Shutting down and abandoning module SubversionSourceControl (296)
[2018.02.24-00.37.14:476][733]LogModuleManager: Shutting down and abandoning module PerforceSourceControl (294)
[2018.02.24-00.37.14:476][733]LogModuleManager: Shutting down and abandoning module GitSourceControl (292)
[2018.02.24-00.37.14:476][733]LogModuleManager: Shutting down and abandoning module SourceControl (291)
[2018.02.24-00.37.14:476][733]LogModuleManager: Shutting down and abandoning module LightPropagationVolumeEditor (288)
[2018.02.24-00.37.14:476][733]LogModuleManager: Shutting down and abandoning module PaperTiledImporter (286)
[2018.02.24-00.37.14:476][733]LogModuleManager: Shutting down and abandoning module PaperSpriteSheetImporter (284)
[2018.02.24-00.37.14:476][733]LogModuleManager: Shutting down and abandoning module Paper2DEditor (282)
[2018.02.24-00.37.14:476][733]LogModuleManager: Shutting down and abandoning module MeshPaint (281)
[2018.02.24-00.37.14:476][733]LogModuleManager: Shutting down and abandoning module LevelEditor (279)
[2018.02.24-00.37.14:481][733]LogModuleManager: Shutting down and abandoning module PixelInspectorModule (278)
[2018.02.24-00.37.14:481][733]LogModuleManager: Shutting down and abandoning module MainFrame (276)
[2018.02.24-00.37.14:482][733]LogModuleManager: Shutting down and abandoning module HotReload (275)
[2018.02.24-00.37.14:483][733]LogModuleManager: Shutting down and abandoning module UE4Duino (270)
[2018.02.24-00.37.14:483][733]UE4DuinoLog: Warning: UE4Duino: Log Ended
[2018.02.24-00.37.14:483][733]LogModuleManager: Shutting down and abandoning module RuntimePhysXCooking (268)
[2018.02.24-00.37.14:484][733]LogModuleManager: Shutting down and abandoning module PhysXVehiclesEditor (266)
[2018.02.24-00.37.14:484][733]LogModuleManager: Shutting down and abandoning module PhysXVehicles (264)
[2018.02.24-00.37.14:484][733]LogModuleManager: Shutting down and abandoning module OculusEditor (262)
[2018.02.24-00.37.14:484][733]LogModuleManager: Shutting down and abandoning module LocationServicesBPLibrary (260)
[2018.02.24-00.37.14:484][733]LogModuleManager: Shutting down and abandoning module ImmediatePhysicsEditor (258)
[2018.02.24-00.37.14:484][733]LogModuleManager: Shutting down and abandoning module ImmediatePhysics (256)
[2018.02.24-00.37.14:484][733]LogModuleManager: Shutting down and abandoning module UdpMessaging (254)
[2018.02.24-00.37.14:585][733]LogModuleManager: Shutting down and abandoning module TcpMessaging (252)
[2018.02.24-00.37.14:685][733]LogModuleManager: Shutting down and abandoning module GameplayTagsEditor (250)
[2018.02.24-00.37.14:686][733]LogModuleManager: Shutting down and abandoning module FacialAnimationEditor (248)
[2018.02.24-00.37.14:686][733]LogModuleManager: Shutting down and abandoning module FacialAnimation (246)
[2018.02.24-00.37.14:686][733]LogModuleManager: Shutting down and abandoning module AssetManagerEditor (244)
[2018.02.24-00.37.14:686][733]LogModuleManager: Shutting down and abandoning module GraphEditor (243)
[2018.02.24-00.37.14:687][733]LogModuleManager: Shutting down and abandoning module ContentBrowser (241)
[2018.02.24-00.37.14:695][733]LogModuleManager: Shutting down and abandoning module LightPropagationVolumeRuntime (238)
[2018.02.24-00.37.14:695][733]LogModuleManager: Shutting down and abandoning module Paper2D (236)
[2018.02.24-00.37.14:695][733]LogModuleManager: Shutting down and abandoning module WindowsMoviePlayer (234)
[2018.02.24-00.37.14:695][733]LogModuleManager: Shutting down and abandoning module WmfMedia (232)
[2018.02.24-00.37.14:696][733]LogModuleManager: Shutting down and abandoning module ImgMedia (230)
[2018.02.24-00.37.14:696][733]LogModuleManager: Shutting down and abandoning module PacketHandler (228)
[2018.02.24-00.37.14:696][733]LogModuleManager: Shutting down and abandoning module ClothingSystemEditor (226)
[2018.02.24-00.37.14:696][733]LogModuleManager: Shutting down and abandoning module ClothingSystemRuntime (224)
[2018.02.24-00.37.14:696][733]LogModuleManager: Shutting down and abandoning module MediaAssets (222)
[2018.02.24-00.37.14:697][733]LogModuleManager: Shutting down and abandoning module Media (221)
[2018.02.24-00.37.14:705][733]LogModuleManager: Shutting down and abandoning module Overlay (218)
[2018.02.24-00.37.14:705][733]LogModuleManager: Shutting down and abandoning module OverlayEditor (217)
[2018.02.24-00.37.14:705][733]LogModuleManager: Shutting down and abandoning module VREditor (214)
[2018.02.24-00.37.14:706][733]LogModuleManager: Shutting down and abandoning module StringTableEditor (212)
[2018.02.24-00.37.14:706][733]LogModuleManager: Shutting down and abandoning module GameplayTasksEditor (210)
[2018.02.24-00.37.14:706][733]LogModuleManager: Shutting down and abandoning module BehaviorTreeEditor (208)
[2018.02.24-00.37.14:706][733]LogModuleManager: Shutting down and abandoning module FunctionalTesting (206)
[2018.02.24-00.37.14:706][733]LogModuleManager: Shutting down and abandoning module CollisionAnalyzer (204)
[2018.02.24-00.37.14:706][733]LogModuleManager: Shutting down and abandoning module WorkspaceMenuStructure (203)
[2018.02.24-00.37.14:706][733]LogModuleManager: Shutting down and abandoning module UMG (200)
[2018.02.24-00.37.14:707][733]LogModuleManager: Shutting down and abandoning module UMGEditor (199)
[2018.02.24-00.37.14:707][733]LogModuleManager: Shutting down and abandoning module Sequencer (198)
[2018.02.24-00.37.14:708][733]LogModuleManager: Shutting down and abandoning module MessageLog (195)
[2018.02.24-00.37.14:708][733]LogModuleManager: Shutting down and abandoning module SlateReflector (190)
[2018.02.24-00.37.14:708][733]LogModuleManager: Shutting down and abandoning module Slate (188)
[2018.02.24-00.37.14:708][733]LogModuleManager: Shutting down and abandoning module EditorStyle (186)
[2018.02.24-00.37.14:719][733]LogModuleManager: Shutting down and abandoning module MRMesh (184)
[2018.02.24-00.37.14:719][733]LogModuleManager: Shutting down and abandoning module SourceCodeAccess (182)
[2018.02.24-00.37.14:719][733]LogModuleManager: Shutting down and abandoning module HeadMountedDisplay (180)
[2018.02.24-00.37.14:719][733]LogModuleManager: Shutting down and abandoning module XAudio2 (178)
[2018.02.24-00.37.14:720][733]LogModuleManager: Shutting down and abandoning module Networking (176)
[2018.02.24-00.37.14:720][733]LogModuleManager: Shutting down and abandoning module Core (172)
[2018.02.24-00.37.14:720][733]LogModuleManager: Shutting down and abandoning module LevelSequence (168)
[2018.02.24-00.37.14:720][733]LogModuleManager: Shutting down and abandoning module DirectoryWatcher (166)
[2018.02.24-00.37.14:724][733]LogModuleManager: Shutting down and abandoning module KismetCompiler (164)
[2018.02.24-00.37.14:724][733]LogModuleManager: Shutting down and abandoning module MeshUtilities (162)
[2018.02.24-00.37.14:724][733]LogModuleManager: Shutting down and abandoning module MeshMergeUtilities (161)
[2018.02.24-00.37.14:725][733]LogModuleManager: Shutting down and abandoning module MeshReductionInterface (160)
[2018.02.24-00.37.14:725][733]LogModuleManager: Shutting down and abandoning module SimplygonSwarm (159)
[2018.02.24-00.37.14:726][733]LogModuleManager: Shutting down and abandoning module SimplygonMeshReduction (157)
[2018.02.24-00.37.14:726][733]LogModuleManager: Shutting down and abandoning module QuadricMeshReduction (155)
[2018.02.24-00.37.14:726][733]LogModuleManager: Shutting down and abandoning module MaterialBaking (151)
[2018.02.24-00.37.14:726][733]LogModuleManager: Shutting down and abandoning module DerivedDataCache (148)
[2018.02.24-00.37.14:737][733]LogDerivedDataCache: Shutdown
[2018.02.24-00.37.14:737][733]LogModuleManager: Shutting down and abandoning module TargetPlatform (146)
[2018.02.24-00.37.14:737][733]LogModuleManager: Shutting down and abandoning module VulkanShaderFormat (145)
[2018.02.24-00.37.14:737][733]LogModuleManager: Shutting down and abandoning module ShaderFormatVectorVM (143)
[2018.02.24-00.37.14:737][733]LogModuleManager: Shutting down and abandoning module ShaderFormatOpenGL (141)
[2018.02.24-00.37.14:737][733]LogModuleManager: Shutting down and abandoning module ShaderFormatD3D (139)
[2018.02.24-00.37.14:737][733]LogModuleManager: Shutting down and abandoning module MetalShaderFormat (137)
[2018.02.24-00.37.14:737][733]LogModuleManager: Shutting down and abandoning module TextureFormatUncompressed (135)
[2018.02.24-00.37.14:737][733]LogModuleManager: Shutting down and abandoning module TextureFormatPVR (133)
[2018.02.24-00.37.14:737][733]LogModuleManager: Shutting down and abandoning module TextureFormatDXT (131)
[2018.02.24-00.37.14:737][733]LogModuleManager: Shutting down and abandoning module TextureFormatIntelISPCTexComp (129)
[2018.02.24-00.37.14:737][733]LogModuleManager: Shutting down and abandoning module TextureFormatASTC (127)
[2018.02.24-00.37.14:737][733]LogModuleManager: Shutting down and abandoning module ImageWrapper (126)
[2018.02.24-00.37.14:737][733]LogModuleManager: Shutting down and abandoning module TextureFormatAndroid (123)
[2018.02.24-00.37.14:737][733]LogModuleManager: Shutting down and abandoning module AudioFormatOpus (121)
[2018.02.24-00.37.14:737][733]LogModuleManager: Shutting down and abandoning module AudioFormatOgg (119)
[2018.02.24-00.37.14:737][733]LogModuleManager: Shutting down and abandoning module AudioFormatADPCM (117)
[2018.02.24-00.37.14:737][733]LogModuleManager: Shutting down and abandoning module LinuxTargetPlatform (115)
[2018.02.24-00.37.14:737][733]LogModuleManager: Shutting down and abandoning module LinuxServerTargetPlatform (113)
[2018.02.24-00.37.14:737][733]LogModuleManager: Shutting down and abandoning module LinuxNoEditorTargetPlatform (111)
[2018.02.24-00.37.14:738][733]LogModuleManager: Shutting down and abandoning module LinuxClientTargetPlatform (109)
[2018.02.24-00.37.14:738][733]LogModuleManager: Shutting down and abandoning module TVOSTargetPlatform (107)
[2018.02.24-00.37.14:738][733]LogModuleManager: Shutting down and abandoning module Messaging (105)
[2018.02.24-00.37.14:738][733]LogModuleManager: Shutting down and abandoning module IOSTargetPlatform (103)
[2018.02.24-00.37.14:738][733]LogModuleManager: Shutting down and abandoning module HTML5TargetPlatform (101)
[2018.02.24-00.37.14:738][733]LogModuleManager: Shutting down and abandoning module AndroidTargetPlatform (99)
[2018.02.24-00.37.14:738][733]LogModuleManager: Shutting down and abandoning module Android_PVRTCTargetPlatform (97)
[2018.02.24-00.37.14:738][733]LogModuleManager: Shutting down and abandoning module Android_MultiTargetPlatform (95)
[2018.02.24-00.37.14:738][733]LogModuleManager: Shutting down and abandoning module Android_ETC2TargetPlatform (93)
[2018.02.24-00.37.14:738][733]LogModuleManager: Shutting down and abandoning module Android_ETC1TargetPlatform (91)
[2018.02.24-00.37.14:738][733]LogModuleManager: Shutting down and abandoning module Android_DXTTargetPlatform (89)
[2018.02.24-00.37.14:738][733]LogModuleManager: Shutting down and abandoning module Android_ATCTargetPlatform (87)
[2018.02.24-00.37.14:738][733]LogModuleManager: Shutting down and abandoning module Android_ASTCTargetPlatform (85)
[2018.02.24-00.37.14:738][733]LogModuleManager: Shutting down and abandoning module WindowsTargetPlatform (83)
[2018.02.24-00.37.14:738][733]LogModuleManager: Shutting down and abandoning module WindowsServerTargetPlatform (81)
[2018.02.24-00.37.14:738][733]LogModuleManager: Shutting down and abandoning module WindowsNoEditorTargetPlatform (79)
[2018.02.24-00.37.14:738][733]LogModuleManager: Shutting down and abandoning module WindowsClientTargetPlatform (77)
[2018.02.24-00.37.14:738][733]LogModuleManager: Shutting down and abandoning module MacTargetPlatform (75)
[2018.02.24-00.37.14:738][733]LogModuleManager: Shutting down and abandoning module MacServerTargetPlatform (73)
[2018.02.24-00.37.14:738][733]LogModuleManager: Shutting down and abandoning module MacNoEditorTargetPlatform (71)
[2018.02.24-00.37.14:739][733]LogModuleManager: Shutting down and abandoning module MacClientTargetPlatform (69)
[2018.02.24-00.37.14:739][733]LogModuleManager: Shutting down and abandoning module AllDesktopTargetPlatform (67)
[2018.02.24-00.37.14:739][733]LogModuleManager: Shutting down and abandoning module InputCore (64)
[2018.02.24-00.37.14:739][733]LogModuleManager: Shutting down and abandoning module Settings (62)
[2018.02.24-00.37.14:739][733]LogModuleManager: Shutting down and abandoning module PhysXCooking (60)
[2018.02.24-00.37.14:739][733]LogModuleManager: Shutting down and abandoning module SteamVR (58)
[2018.02.24-00.37.14:739][733]LogModuleManager: Shutting down and abandoning module OculusHMD (56)
[2018.02.24-00.37.14:739][733]LogModuleManager: Shutting down and abandoning module ExampleDeviceProfileSelector (54)
[2018.02.24-00.37.14:739][733]LogModuleManager: Shutting down and abandoning module AppleARKit (52)
[2018.02.24-00.37.14:739][733]LogModuleManager: Shutting down and abandoning module AugmentedReality (51)
[2018.02.24-00.37.14:739][733]LogModuleManager: Shutting down and abandoning module OnlineBlueprintSupport (48)
[2018.02.24-00.37.14:739][733]LogModuleManager: Shutting down and abandoning module OnlineSubsystem (44)
[2018.02.24-00.37.14:740][733]LogModuleManager: Shutting down and abandoning module XMPP (43)
[2018.02.24-00.37.14:740][733]LogModuleManager: Shutting down and abandoning module HTTP (41)
[2018.02.24-00.37.14:740][733]LogHttp: Display: Http module shutting down, but needs to wait on 1 outstanding Http requests:
[2018.02.24-00.37.14:740][733]LogHttp: Display: 	verb=[POST] url=[https://datarouter.ol.epicgames.com/datarouter/api/v1/public/data?SessionID=%7B66DC44BF-4664-C47F-74D7-B5B1176157DC%7D&AppID=UEEditor.Rocket.Release&AppVersion=4.18.3-3832480%2B%2B%2BUE4%2BRelease-4.18&UserID=915d635a4579fc537f044ab8e64ed013%7C002c4ca9bc2045268f2c52cab84c1cbe%7C7803239d-59ff-4edf-84e8-3fe14d75a807&AppEnvironment=datacollector-binary&UploadType=eteventstream] status=Processing
[2018.02.24-00.37.14:760][733]LogModuleManager: Shutting down and abandoning module SSL (40)
[2018.02.24-00.37.14:764][733]LogModuleManager: Shutting down and abandoning module AnimationModifiers (36)
[2018.02.24-00.37.14:764][733]LogModuleManager: Shutting down and abandoning module PropertyEditor (35)
[2018.02.24-00.37.14:764][733]LogModuleManager: Shutting down and abandoning module AudioEditor (32)
[2018.02.24-00.37.14:764][733]LogModuleManager: Shutting down and abandoning module TextureCompressor (30)
[2018.02.24-00.37.14:765][733]LogModuleManager: Shutting down and abandoning module ShaderCore (28)
[2018.02.24-00.37.14:765][733]LogModuleManager: Shutting down and abandoning module Landscape (26)
[2018.02.24-00.37.14:765][733]LogModuleManager: Shutting down and abandoning module SlateRHIRenderer (24)
[2018.02.24-00.37.14:771][733]LogModuleManager: Shutting down and abandoning module OpenGLDrv (22)
[2018.02.24-00.37.14:771][733]LogModuleManager: Shutting down and abandoning module D3D11RHI (20)
[2018.02.24-00.37.14:771][733]LogModuleManager: Shutting down and abandoning module AnimGraphRuntime (18)
[2018.02.24-00.37.14:771][733]LogModuleManager: Shutting down and abandoning module Renderer (16)
[2018.02.24-00.37.14:771][733]LogModuleManager: Shutting down and abandoning module Engine (14)
[2018.02.24-00.37.14:771][733]LogModuleManager: Shutting down and abandoning module CoreUObject (12)
[2018.02.24-00.37.14:771][733]LogModuleManager: Shutting down and abandoning module NetworkFile (10)
[2018.02.24-00.37.14:771][733]LogModuleManager: Shutting down and abandoning module CookedIterativeFile (8)
[2018.02.24-00.37.14:772][733]LogModuleManager: Shutting down and abandoning module StreamingFile (6)
[2018.02.24-00.37.14:772][733]LogModuleManager: Shutting down and abandoning module SandboxFile (4)
[2018.02.24-00.37.14:772][733]LogModuleManager: Shutting down and abandoning module PakFile (2)
[2018.02.24-00.37.14:802][733]LogExit: Exiting.
[2018.02.24-00.37.14:843][733]Log file closed, 02/23/18 18:37:14
