"../../../VR_PRO_18/Content/logo.uasset" 0
"../../../VR_PRO_18/Content/Geometry/Meshes/CubeMaterial.uasset" 1
"../../../VR_PRO_18/Content/Geometry/Meshes/1M_Cube_Chamfer.uasset" 2
"../../../VR_PRO_18/Content/Geometry/Meshes/TemplateFloor.uasset" 3
"../../../Engine/Content/Functions/Engine_MaterialFunctions01/Opacity/CameraDepthFade.uasset" 4
"../../../VR_PRO_18/Content/GTFreeMaterials/Textures/Concrete_FlatSurface/Concrete_FlatSurface_2k_alb.uasset" 5
"../../../VR_PRO_18/Content/GTFreeMaterials/Textures/Concrete_FlatSurface/Concrete_FlatSurface_2k_n.uasset" 6
"../../../VR_PRO_18/Content/GTFreeMaterials/Textures/Concrete_Square/Concrete_Square_2k_ao.uasset" 7
"../../../VR_PRO_18/Content/GTFreeMaterials/Textures/Concrete_Square/Concrete_Square_2k_h.uasset" 8
"../../../VR_PRO_18/Content/GTFreeMaterials/Textures/T_MacroVariation2.uasset" 9
"../../../VR_PRO_18/Content/GTFreeMaterials/Textures/wood_JFfantasyWoodPlanksNailedClean/wood_JFfantasyWoodPlanksNailedClean_2k_mask.uasset" 10
"../../../VR_PRO_18/Content/GTFreeMaterials/Materials/MasterMaterial.uasset" 11
"../../../VR_PRO_18/Content/GTFreeMaterials/Textures/Concrete_Square/Concrete_Square_2k_alb.uasset" 12
"../../../VR_PRO_18/Content/GTFreeMaterials/Textures/Concrete_Square/Concrete_Square_2k_n.uasset" 13
"../../../VR_PRO_18/Content/GTFreeMaterials/Materials/Concrete_Square.uasset" 14
"../../../VR_PRO_18/Content/GTFreeMaterials/Textures/brick_ancientDiagonal/brick_ancientDiagonal_2k_ao.uasset" 15
"../../../VR_PRO_18/Content/GTFreeMaterials/Textures/brick_ancientDiagonal/brick_ancientDiagonal_2k_d.uasset" 16
"../../../VR_PRO_18/Content/GTFreeMaterials/Textures/brick_ancientDiagonal/brick_ancientDiagonal_2k_g.uasset" 17
"../../../VR_PRO_18/Content/GTFreeMaterials/Textures/brick_ancientDiagonal/brick_ancientDiagonal_2k_h.uasset" 18
"../../../VR_PRO_18/Content/GTFreeMaterials/Textures/brick_ancientDiagonal/brick_ancientDiagonal_2k_s.uasset" 19
"../../../VR_PRO_18/Content/GTFreeMaterials/Textures/Brick_BathStone/Brick_BathStone_2k_d.uasset" 20
"../../../VR_PRO_18/Content/GTFreeMaterials/Textures/Brick_BathStone/Brick_BathStone_2k_g.uasset" 21
"../../../VR_PRO_18/Content/GTFreeMaterials/Textures/Brick_BathStone/Brick_BathStone_2k_h.uasset" 22
"../../../VR_PRO_18/Content/GTFreeMaterials/Textures/Brick_BathStone/Brick_BathStone_2k_s.uasset" 23
"../../../VR_PRO_18/Content/GTFreeMaterials/Textures/Brick_chicagoStyle/Brick_chicagoStyle_2k_d.uasset" 24
"../../../VR_PRO_18/Content/GTFreeMaterials/Textures/Brick_chicagoStyle/Brick_chicagoStyle_2k_g.uasset" 25
"../../../VR_PRO_18/Content/GTFreeMaterials/Textures/Brick_chicagoStyle/Brick_chicagoStyle_2k_s.uasset" 26
"../../../VR_PRO_18/Content/GTFreeMaterials/Textures/Brick_GuiBigCastleWall/Brick_GuiBigCastleWall_2k_ao.uasset" 27
"../../../VR_PRO_18/Content/GTFreeMaterials/Textures/Brick_GuiBigCastleWall/Brick_GuiBigCastleWall_2k_d.uasset" 28
"../../../VR_PRO_18/Content/GTFreeMaterials/Textures/Brick_GuiBigCastleWall/Brick_GuiBigCastleWall_2k_g.uasset" 29
"../../../VR_PRO_18/Content/GTFreeMaterials/Textures/Brick_GuiBigCastleWall/Brick_GuiBigCastleWall_2k_mask.uasset" 30
"../../../VR_PRO_18/Content/GTFreeMaterials/Textures/brick_guiGen/brick_guiGen_2k_alb.uasset" 31
"../../../VR_PRO_18/Content/GTFreeMaterials/Textures/brick_guiGen/brick_guiGen_2k_g.uasset" 32
"../../../VR_PRO_18/Content/GTFreeMaterials/Textures/brick_guiGen/brick_guiGen_2k_h.uasset" 33
"../../../VR_PRO_18/Content/GTFreeMaterials/Textures/Concrete_FlatSurface/Concrete_FlatSurface_2k_g.uasset" 34
"../../../VR_PRO_18/Content/GTFreeMaterials/Textures/Concrete_FlatSurface/Concrete_FlatSurface_2k_s.uasset" 35
"../../../VR_PRO_18/Content/GTFreeMaterials/Textures/Concrete_Square/Concrete_Square_2k_d.uasset" 36
"../../../VR_PRO_18/Content/GTFreeMaterials/Textures/Concrete_Square/Concrete_Square_2k_g.uasset" 37
"../../../VR_PRO_18/Content/GTFreeMaterials/Textures/Concrete_Square/Concrete_Square_2k_s.uasset" 38
"../../../VR_PRO_18/Content/GTFreeMaterials/Textures/Ground_ClumpySnow/Ground_ClumpySnow_2k_alb.uasset" 39
"../../../VR_PRO_18/Content/GTFreeMaterials/Textures/Ground_ClumpySnow/Ground_ClumpySnow_2k_ao.uasset" 40
"../../../VR_PRO_18/Content/GTFreeMaterials/Textures/Ground_ClumpySnow/Ground_ClumpySnow_2k_d.uasset" 41
"../../../VR_PRO_18/Content/GTFreeMaterials/Textures/Ground_ClumpySnow/Ground_ClumpySnow_2k_g.uasset" 42
"../../../VR_PRO_18/Content/GTFreeMaterials/Textures/Ground_ClumpySnow/Ground_ClumpySnow_2k_h.uasset" 43
"../../../VR_PRO_18/Content/GTFreeMaterials/Textures/Ground_ClumpySnow/Ground_ClumpySnow_2k_n.uasset" 44
"../../../VR_PRO_18/Content/GTFreeMaterials/Textures/Ground_ClumpySnow/Ground_ClumpySnow_2k_s.uasset" 45
"../../../VR_PRO_18/Content/GTFreeMaterials/Textures/Ground_Dirt/Ground_Dirt_2k_g.uasset" 46
"../../../VR_PRO_18/Content/GTFreeMaterials/Textures/Ground_DirtBrownTan/Ground_DirtBrownTan_2k_ao.uasset" 47
"../../../VR_PRO_18/Content/GTFreeMaterials/Textures/Ground_DirtBrownTan/Ground_DirtBrownTan_2k_s.uasset" 48
"../../../VR_PRO_18/Content/GTFreeMaterials/Textures/Ground_GrassThickGreen/Ground_GrassThickGreen_2k_ao.uasset" 49
"../../../VR_PRO_18/Content/GTFreeMaterials/Textures/Ground_GrassThickGreen/Ground_GrassThickGreen_2k_s.uasset" 50
"../../../VR_PRO_18/Content/GTFreeMaterials/Textures/Ground_guiFloodedMud/Ground_guiFloodedMud_2k_ao.uasset" 51
"../../../VR_PRO_18/Content/GTFreeMaterials/Textures/Ground_guiFloodedMud/Ground_guiFloodedMud_2k_s.uasset" 52
"../../../VR_PRO_18/Content/GTFreeMaterials/Textures/Ground_MuddyGrass/Ground_MuddyGrass_2k_ao.uasset" 53
"../../../VR_PRO_18/Content/GTFreeMaterials/Textures/Ground_MuddyGrass/Ground_MuddyGrass_2k_g.uasset" 54
"../../../VR_PRO_18/Content/GTFreeMaterials/Textures/Ground_MuddyGrass/Ground_MuddyGrass_2k_h.uasset" 55
"../../../VR_PRO_18/Content/GTFreeMaterials/Textures/Metal_BrushedCopper/Metal_BrushedCopper_2k_alb.uasset" 56
"../../../VR_PRO_18/Content/GTFreeMaterials/Textures/Metal_BrushedSteel/Metal_BrushedSteel_2k_alb.uasset" 57
"../../../VR_PRO_18/Content/GTFreeMaterials/Textures/Metal_DiamondPlateSciFi/Metal_DiamondPlateSciFi_2k_ao.uasset" 58
"../../../VR_PRO_18/Content/GTFreeMaterials/Textures/Metal_Gold/Metal_Gold_2k_alb.uasset" 59
"../../../VR_PRO_18/Content/GTFreeMaterials/Textures/Metal_Gold/Metal_Gold_2k_n.uasset" 60
"../../../VR_PRO_18/Content/GTFreeMaterials/Textures/Metal_LeadRough/Metal_LeadRough_2k_h.uasset" 61
"../../../VR_PRO_18/Content/GTFreeMaterials/Textures/Metal_RustedSolid/Metal_RustedSolid_2k_alb.uasset" 62
"../../../VR_PRO_18/Content/GTFreeMaterials/Textures/Metal_sciFiCurveyWall/Metal_sciFiCurveyWall_2k_alb.uasset" 63
"../../../VR_PRO_18/Content/GTFreeMaterials/Textures/Metal_sciFiCurveyWall/Metal_sciFiCurveyWall_2k_d.uasset" 64
"../../../VR_PRO_18/Content/GTFreeMaterials/Textures/Metal_sciFiCurveyWall/Metal_sciFiCurveyWall_2k_h.uasset" 65
"../../../VR_PRO_18/Content/GTFreeMaterials/Textures/Metal_SciFiMetalWalkWayPowered/Metal_SciFiMetalWalkWayPowered_2k_alb.uasset" 66
"../../../VR_PRO_18/Content/GTFreeMaterials/Textures/Metal_SciFiMetalWalkWayPowered/Metal_SciFiMetalWalkWayPowered_2k_ao.uasset" 67
"../../../VR_PRO_18/Content/GTFreeMaterials/Textures/Metal_SciFiMetalWalkWayPowered/Metal_SciFiMetalWalkWayPowered_2k_g.uasset" 68
"../../../VR_PRO_18/Content/GTFreeMaterials/Textures/Metal_SciFiMetalWalkWayPowered/Metal_SciFiMetalWalkWayPowered_2k_h.uasset" 69
"../../../VR_PRO_18/Content/GTFreeMaterials/Textures/Metal_SciFiMetalWalkWayPowered/Metal_SciFiMetalWalkWayPowered_2k_mask.uasset" 70
"../../../VR_PRO_18/Content/GTFreeMaterials/Textures/Metal_SciFiMetalWalkWayPowered/Metal_SciFiMetalWalkWayPowered_2k_n.uasset" 71
"../../../VR_PRO_18/Content/GTFreeMaterials/Textures/Metal_SciFiMetalWalkWayPowered/Metal_SciFiMetalWalkWayPowered_2k_s.uasset" 72
"../../../VR_PRO_18/Content/GTFreeMaterials/Textures/Rock_JaggedCaveWall/Rock_JaggedCaveWall_2k_ao.uasset" 73
"../../../VR_PRO_18/Content/GTFreeMaterials/Textures/Rock_JaggedCaveWall/Rock_JaggedCaveWall_2k_s.uasset" 74
"../../../VR_PRO_18/Content/GTFreeMaterials/Textures/Tile_WoodAndTileOffsetPattern/Tile_WoodAndTileOffsetPattern_2k_ao.uasset" 75
"../../../VR_PRO_18/Content/GTFreeMaterials/Textures/Wood_GeofwoodenPlankClean/Wood_GeofwoodenPlankClean_2k_g.uasset" 76
"../../../VR_PRO_18/Content/GTFreeMaterials/Textures/Wood_GeofwoodenPlankClean/Wood_GeofwoodenPlankClean_2k_h.uasset" 77
"../../../VR_PRO_18/Content/GTFreeMaterials/Textures/Wood_GeofwoodenPlankClean/Wood_GeofwoodenPlankClean_2k_s.uasset" 78
"../../../VR_PRO_18/Content/GTFreeMaterials/Textures/Wood_InterlockingFloor/Wood_InterlockingFloor_2k_s.uasset" 79
"../../../VR_PRO_18/Content/GTFreeMaterials/Textures/wood_JFfantasyWoodPlanksNailedClean/wood_JFfantasyWoodPlanksNailedClean_2k_d.uasset" 80
"../../../VR_PRO_18/Content/GTFreeMaterials/Textures/wood_JFfantasyWoodPlanksNailedClean/wood_JFfantasyWoodPlanksNailedClean_2k_g.uasset" 81
"../../../VR_PRO_18/Content/RV_MAPA/Assets/LowPolyRainforest/audio/Nature_Birds_01.uasset" 82
"../../../VR_PRO_18/Content/RV_MAPA/Assets/LowPolyRainforest/audio/Sound_Cues/Nature_Birds_01_Cue.uasset" 83
"../../../VR_PRO_18/Content/RV_MAPA/Assets/LowPolyRainforest/audio/Nature_Birds_02.uasset" 84
"../../../VR_PRO_18/Content/RV_MAPA/Assets/LowPolyRainforest/audio/Sound_Cues/Nature_Birds_02_Cue.uasset" 85
"../../../VR_PRO_18/Content/RV_MAPA/Assets/LowPolyRainforest/Ground_Plants/Dead_Plants_01.uasset" 86
"../../../VR_PRO_18/Content/RV_MAPA/Assets/LowPolyRainforest/Textures/Leaves_01.uasset" 87
"../../../VR_PRO_18/Content/RV_MAPA/Assets/LowPolyRainforest/Textures/Leaves_01_NRM.uasset" 88
"../../../VR_PRO_18/Content/RV_MAPA/Assets/LowPolyRainforest/Textures/Leaves_01_SPEC.uasset" 89
"../../../VR_PRO_18/Content/RV_MAPA/Assets/LowPolyRainforest/Materials/Leaves_01_mat.uasset" 90
"../../../VR_PRO_18/Content/RV_MAPA/Assets/LowPolyRainforest/Ground_Plants/Fern_01.uasset" 91
"../../../VR_PRO_18/Content/RV_MAPA/Assets/LowPolyRainforest/Ground_Plants/Flat_Palm_01.uasset" 92
"../../../VR_PRO_18/Content/RV_MAPA/Assets/LowPolyRainforest/Ground_Plants/Flat_Palm_02.uasset" 93
"../../../VR_PRO_18/Content/RV_MAPA/Assets/LowPolyRainforest/Ground_Plants/Flat_Palm_03.uasset" 94
"../../../VR_PRO_18/Content/RV_MAPA/Assets/LowPolyRainforest/Ground_Plants/Ground_Plant_01.uasset" 95
"../../../VR_PRO_18/Content/RV_MAPA/Assets/LowPolyRainforest/Ground_Plants/Ground_Plant_03.uasset" 96
"../../../VR_PRO_18/Content/RV_MAPA/Assets/LowPolyRainforest/Ground_Plants/Ground_Plant_04.uasset" 97
"../../../VR_PRO_18/Content/RV_MAPA/Assets/LowPolyRainforest/Ground_Plants/Ground_Plant_05.uasset" 98
"../../../VR_PRO_18/Content/RV_MAPA/Assets/LowPolyRainforest/Ground_Plants/Large_Leaf_01.uasset" 99
"../../../VR_PRO_18/Content/RV_MAPA/Assets/LowPolyRainforest/Ground_Plants/Large_Leaf_02.uasset" 100
"../../../VR_PRO_18/Content/RV_MAPA/Assets/LowPolyRainforest/Textures/rock_detail_01.uasset" 101
"../../../VR_PRO_18/Content/RV_MAPA/Assets/LowPolyRainforest/Textures/rock_detail_01_NRM.uasset" 102
"../../../VR_PRO_18/Content/RV_MAPA/Assets/LowPolyRainforest/Textures/rock_detail_01_SPEC.uasset" 103
"../../../VR_PRO_18/Content/RV_MAPA/Assets/LowPolyRainforest/Materials/Rock_01_mat.uasset" 104
"../../../VR_PRO_18/Content/RV_MAPA/Assets/LowPolyRainforest/Ground_Plants/Rock_01.uasset" 105
"../../../VR_PRO_18/Content/RV_MAPA/Assets/LowPolyRainforest/Ground_Plants/Roots_01.uasset" 106
"../../../VR_PRO_18/Content/RV_MAPA/Assets/LowPolyRainforest/Ground_Plants/Vines_01.uasset" 107
"../../../Engine/Content/Functions/Engine_MaterialFunctions01/WorldPositionOffset/SimpleGrassWind.uasset" 108
"../../../VR_PRO_18/Content/RV_MAPA/Assets/LowPolyRainforest/Materials/00_Parent_Alpha_Mat.uasset" 109
"../../../VR_PRO_18/Content/RV_MAPA/Assets/LowPolyRainforest/Materials/00_Parent_Mat.uasset" 110
"../../../VR_PRO_18/Content/RV_MAPA/Assets/LowPolyRainforest/Materials/Bark_01.uasset" 111
"../../../VR_PRO_18/Content/RV_MAPA/Assets/LowPolyRainforest/Textures/Bark_01.uasset" 112
"../../../VR_PRO_18/Content/RV_MAPA/Assets/LowPolyRainforest/Textures/Bark_01_NRM.uasset" 113
"../../../VR_PRO_18/Content/RV_MAPA/Assets/LowPolyRainforest/Textures/Bark_01_SPEC.uasset" 114
"../../../VR_PRO_18/Content/RV_MAPA/Assets/LowPolyRainforest/Materials/Bark_01_mat.uasset" 115
"../../../VR_PRO_18/Content/RV_MAPA/Assets/LowPolyRainforest/Materials/Leaves_01_Inst.uasset" 116
"../../../VR_PRO_18/Content/RV_MAPA/Assets/LowPolyRainforest/Materials/Murky_Water_01.uasset" 117
"../../../VR_PRO_18/Content/RV_MAPA/Assets/LowPolyRainforest/Materials/Rock_01.uasset" 118
"../../../VR_PRO_18/Content/RV_MAPA/Assets/LowPolyRainforest/Materials/Shack_Wood_01.uasset" 119
"../../../VR_PRO_18/Content/RV_MAPA/Assets/LowPolyRainforest/Materials/Thatch_01.uasset" 120
"../../../VR_PRO_18/Content/RV_MAPA/Assets/LowPolyRainforest/Materials/Thatch_Edge_01.uasset" 121
"../../../VR_PRO_18/Content/RV_MAPA/Assets/LowPolyRainforest/Materials/Landscape/Dead_Leaves_01_LayerInfo.uasset" 122
"../../../VR_PRO_18/Content/RV_MAPA/Assets/LowPolyRainforest/Materials/Landscape/Grass_01_LayerInfo.uasset" 123
"../../../VR_PRO_18/Content/RV_MAPA/Assets/LowPolyRainforest/Materials/Landscape/GreenGrass_LayerInfo.uasset" 124
"../../../VR_PRO_18/Content/RV_MAPA/Assets/LowPolyRainforest/Materials/Landscape/Landscape_01.uasset" 125
"../../../VR_PRO_18/Content/RV_MAPA/Assets/LowPolyRainforest/Materials/Landscape/Mud_01_LayerInfo.uasset" 126
"../../../VR_PRO_18/Content/RV_MAPA/Assets/LowPolyRainforest/Materials/Landscape/Rock_01_LayerInfo.uasset" 127
"../../../VR_PRO_18/Content/RV_MAPA/Assets/LowPolyRainforest/Shack/Balcony_01.uasset" 128
"../../../VR_PRO_18/Content/RV_MAPA/Assets/LowPolyRainforest/Shack/Balcony_Corner_01.uasset" 129
"../../../VR_PRO_18/Content/RV_MAPA/Assets/LowPolyRainforest/Shack/Ladder_01.uasset" 130
"../../../VR_PRO_18/Content/RV_MAPA/Assets/LowPolyRainforest/Shack/Platform_01.uasset" 131
"../../../Engine/Content/EngineMaterials/T_Default_Material_Grid_M.uasset" 132
"../../../Engine/Content/EngineMaterials/T_Default_Material_Grid_N.uasset" 133
"../../../Engine/Content/EngineMaterials/WorldGridMaterial.uasset" 134
"../../../VR_PRO_18/Content/RV_MAPA/Assets/LowPolyRainforest/Shack/Rope_Bridge_01.uasset" 135
"../../../VR_PRO_18/Content/RV_MAPA/Assets/LowPolyRainforest/Shack/Rope_Bridge_End_01.uasset" 136
"../../../VR_PRO_18/Content/RV_MAPA/Assets/LowPolyRainforest/Shack/Rope_Bridge_Rope_Bit_01.uasset" 137
"../../../VR_PRO_18/Content/RV_MAPA/Assets/LowPolyRainforest/Textures/Thatch_01.uasset" 138
"../../../VR_PRO_18/Content/RV_MAPA/Assets/LowPolyRainforest/Textures/Thatch_01_NRM.uasset" 139
"../../../VR_PRO_18/Content/RV_MAPA/Assets/LowPolyRainforest/Textures/Thatch_01_SPEC.uasset" 140
"../../../VR_PRO_18/Content/RV_MAPA/Assets/LowPolyRainforest/Materials/Thatch_01_mat.uasset" 141
"../../../VR_PRO_18/Content/RV_MAPA/Assets/LowPolyRainforest/Shack/Shack_Floor_01.uasset" 142
"../../../VR_PRO_18/Content/RV_MAPA/Assets/LowPolyRainforest/Shack/Shack_Floor_Tree_Support_01.uasset" 143
"../../../VR_PRO_18/Content/RV_MAPA/Assets/LowPolyRainforest/Shack/Shack_Roof_01.uasset" 144
"../../../VR_PRO_18/Content/RV_MAPA/Assets/LowPolyRainforest/Shack/Shack_Roof_Side_01.uasset" 145
"../../../VR_PRO_18/Content/RV_MAPA/Assets/LowPolyRainforest/Shack/Shack_Roof_Side_02.uasset" 146
"../../../VR_PRO_18/Content/RV_MAPA/Assets/LowPolyRainforest/Shack/Shack_Support_01.uasset" 147
"../../../VR_PRO_18/Content/RV_MAPA/Assets/LowPolyRainforest/Shack/Shack_Wall_01.uasset" 148
"../../../VR_PRO_18/Content/RV_MAPA/Assets/LowPolyRainforest/Shack/Shack_Wall_Door_01.uasset" 149
"../../../VR_PRO_18/Content/RV_MAPA/Assets/LowPolyRainforest/Shack/Shack_Wall_Win_01.uasset" 150
"../../../VR_PRO_18/Content/RV_MAPA/Assets/LowPolyRainforest/Shack/Shack_Wall_Win_Shade_01.uasset" 151
"../../../VR_PRO_18/Content/RV_MAPA/Assets/LowPolyRainforest/Textures/DeadLeaves_01.uasset" 152
"../../../VR_PRO_18/Content/RV_MAPA/Assets/LowPolyRainforest/Textures/DeadLeaves_01_NRM.uasset" 153
"../../../VR_PRO_18/Content/RV_MAPA/Assets/LowPolyRainforest/Textures/DeadLeaves_01_SPEC.uasset" 154
"../../../VR_PRO_18/Content/RV_MAPA/Assets/LowPolyRainforest/Textures/Grass_01.uasset" 155
"../../../VR_PRO_18/Content/RV_MAPA/Assets/LowPolyRainforest/Textures/Grass_01_NRM.uasset" 156
"../../../VR_PRO_18/Content/RV_MAPA/Assets/LowPolyRainforest/Textures/Grass_01_SPEC.uasset" 157
"../../../VR_PRO_18/Content/RV_MAPA/Assets/LowPolyRainforest/Textures/Mud_01.uasset" 158
"../../../VR_PRO_18/Content/RV_MAPA/Assets/LowPolyRainforest/Textures/Mud_01_NRM.uasset" 159
"../../../VR_PRO_18/Content/RV_MAPA/Assets/LowPolyRainforest/Textures/Mud_01_SPEC.uasset" 160
"../../../VR_PRO_18/Content/RV_MAPA/Assets/LowPolyRainforest/Textures/Shack_Wood_01.uasset" 161
"../../../VR_PRO_18/Content/RV_MAPA/Assets/LowPolyRainforest/Textures/Shack_Wood_01_NRM.uasset" 162
"../../../VR_PRO_18/Content/RV_MAPA/Assets/LowPolyRainforest/Textures/Shack_Wood_01_SPEC.uasset" 163
"../../../VR_PRO_18/Content/RV_MAPA/Assets/LowPolyRainforest/Textures/Thatch_Edge_01.uasset" 164
"../../../VR_PRO_18/Content/RV_MAPA/Assets/LowPolyRainforest/Textures/Thatch_Edge_01_NRM.uasset" 165
"../../../VR_PRO_18/Content/RV_MAPA/Assets/LowPolyRainforest/Textures/Thatch_Edge_01_SPEC.uasset" 166
"../../../VR_PRO_18/Content/RV_MAPA/Assets/LowPolyRainforest/Textures/Water_Reflexion_01_NRM.uasset" 167
"../../../VR_PRO_18/Content/RV_MAPA/Assets/LowPolyRainforest/Trees/Bamboo_01.uasset" 168
"../../../VR_PRO_18/Content/RV_MAPA/Assets/LowPolyRainforest/Trees/Bamboo_02.uasset" 169
"../../../VR_PRO_18/Content/RV_MAPA/Assets/LowPolyRainforest/Trees/Bamboo_03.uasset" 170
"../../../VR_PRO_18/Content/RV_MAPA/Assets/LowPolyRainforest/Trees/Large_Tree_01.uasset" 171
"../../../VR_PRO_18/Content/RV_MAPA/Assets/LowPolyRainforest/Trees/Large_Tree_02.uasset" 172
"../../../VR_PRO_18/Content/RV_MAPA/Assets/LowPolyRainforest/Trees/Palm_Tree_01.uasset" 173
"../../../VR_PRO_18/Content/RV_MAPA/Assets/LowPolyRainforest/Trees/Palm_Tree_03.uasset" 174
"../../../VR_PRO_18/Content/RV_MAPA/Assets/LowPolyRainforest/Trees/Palm_Tree_04.uasset" 175
"../../../VR_PRO_18/Content/RV_MAPA/Assets/Seagull/Meshes/SK_Seagull_Skeleton.uasset" 176
"../../../VR_PRO_18/Content/RV_MAPA/Assets/Seagull/Animations/ANIM_Seagull_Death.uasset" 177
"../../../VR_PRO_18/Content/RV_MAPA/Assets/Seagull/Animations/ANIM_Seagull_DeathHitTheGround.uasset" 178
"../../../VR_PRO_18/Content/RV_MAPA/Assets/Seagull/Animations/ANIM_Seagull_Falling.uasset" 179
"../../../VR_PRO_18/Content/RV_MAPA/Assets/Seagull/Animations/ANIM_Seagull_Fly.uasset" 180
"../../../VR_PRO_18/Content/RV_MAPA/Assets/Seagull/Animations/ANIM_Seagull_Hop_RM.uasset" 181
"../../../VR_PRO_18/Content/RV_MAPA/Assets/Seagull/Animations/ANIM_Seagull_IdlePickWings.uasset" 182
"../../../VR_PRO_18/Content/RV_MAPA/Assets/Seagull/Animations/ANIM_Seagull_InAirGetHitToFalling.uasset" 183
"../../../VR_PRO_18/Content/RV_MAPA/Assets/Seagull/Animations/ANIM_Seagull_Landing.uasset" 184
"../../../VR_PRO_18/Content/RV_MAPA/Assets/Seagull/Animations/ANIM_Seagull_StretchWings.uasset" 185
"../../../VR_PRO_18/Content/RV_MAPA/Assets/Seagull/Animations/ANIM_Seagull_TakeOff.uasset" 186
"../../../VR_PRO_18/Content/RV_MAPA/Assets/Seagull/Animations/ANIM_Seagull_Walk.uasset" 187
"../../../VR_PRO_18/Content/RV_MAPA/Assets/Seagull/Animations/ANIM_Seagull_Walk_RM.uasset" 188
"../../../VR_PRO_18/Content/RV_MAPA/Assets/Seagull/Maps/Overview_BuiltData.uasset" 189
"../../../VR_PRO_18/Content/RV_MAPA/Assets/Seagull/Meshes/SK_Seagull_PhysicsAsset.uasset" 190
"../../../VR_PRO_18/Content/RV_MAPA/cielo/C_Sky_Cloud_Color.uasset" 191
"../../../VR_PRO_18/Content/RV_MAPA/cielo/C_Sky_Horizon_Color.uasset" 192
"../../../VR_PRO_18/Content/RV_MAPA/cielo/C_Sky_Zenith_Color.uasset" 193
"../../../Engine/Content/EngineSky/T_Sky_Blue.uasset" 194
"../../../Engine/Content/EngineSky/T_Sky_Clouds_M.uasset" 195
"../../../Engine/Content/EngineSky/T_Sky_Stars.uasset" 196
"../../../VR_PRO_18/Content/RV_MAPA/cielo/M_Sky_Panning_Clouds2.uasset" 197
"../../../Engine/Content/EngineSky/M_Sky_Panning_Clouds2.uasset" 198
"../../../VR_PRO_18/Content/RV_MAPA/cielo/M_Sky_Panning_Clouds2_Inst.uasset" 199
"../../../VR_PRO_18/Content/RV_MAPA/cielo/SM_SkySphere.uasset" 200
"../../../VR_PRO_18/Content/RV_MAPA/cielo/T_Sky_Blue.uasset" 201
"../../../VR_PRO_18/Content/RV_MAPA/cielo/T_Sky_Clouds_M.uasset" 202
"../../../VR_PRO_18/Content/RV_MAPA/cielo/T_Sky_Stars.uasset" 203
"../../../VR_PRO_18/Content/RV_MAPA/Assets/LowPolyRainforest/Trees/Palm_Tree_02.uasset" 204
"../../../VR_PRO_18/Content/RV_MAPA/Folliage/Palm_Tree_02_FoliageType.uasset" 205
"../../../VR_PRO_18/Content/RV_MAPA/SFX/SFX_OceanWavesSound__2_.uasset" 206
"../../../VR_PRO_18/Content/RV_MAPA/SFX/SFX_OceanWavesSound__2__Cue.uasset" 207
"../../../VR_PRO_18/Content/RV_MAPA/SFX/SFX_Sonido_del_Mar_y_sus_Gaviotas__2_.uasset" 208
"../../../VR_PRO_18/Content/RV_MAPA/SFX/SFX_Sonido_del_Mar_y_sus_Gaviotas__2__Cue.uasset" 209
"../../../VR_PRO_18/Content/WaterPlane/Ocean/Materials/FakedCaustics.uasset" 210
"../../../VR_PRO_18/Content/WaterPlane/Ocean/Textures/T_MicroWaves_N.uasset" 211
"../../../VR_PRO_18/Content/WaterPlane/Ocean/Textures/T_OceanFoam_01.uasset" 212
"../../../Engine/Content/EngineMaterials/DefaultMaterial.uasset" 213
"../../../Engine/Content/BasicShapes/Cone.uasset" 214
"../../../Engine/Content/BasicShapes/Plane.uasset" 215
"../../../Engine/Content/EditorLandscapeResources/DataLayer.uasset" 216
"../../../Engine/Content/EditorMaterials/GizmoMaterial.uasset" 217
"../../../Engine/Content/EditorMaterials/MAT_Groups_Toggle.uasset" 218
"../../../Engine/Content/EditorMaterials/MAT_Groups_Visibility.uasset" 219
"../../../Engine/Content/EditorMaterials/PreviewShadowIndicator.uasset" 220
"../../../Engine/Content/EditorMaterials/PreviewShadowIndicatorMaterial.uasset" 221
"../../../Engine/Content/EditorMaterials/MatineeGroups/MAT_ColorTrack.uasset" 222
"../../../Engine/Content/EditorMaterials/MatineeGroups/MAT_Groups_Anim.uasset" 223
"../../../Engine/Content/EditorMaterials/MatineeGroups/MAT_Groups_AudioMaster.uasset" 224
"../../../Engine/Content/EditorMaterials/MatineeGroups/MAT_Groups_Director.uasset" 225
"../../../Engine/Content/EditorMaterials/MatineeGroups/MAT_Groups_Event.uasset" 226
"../../../Engine/Content/EditorMaterials/MatineeGroups/MAT_Groups_Fade.uasset" 227
"../../../Engine/Content/EditorMaterials/MatineeGroups/MAT_Groups_Float.uasset" 228
"../../../Engine/Content/EditorMaterials/MatineeGroups/MAT_Groups_Move.uasset" 229
"../../../Engine/Content/EditorMaterials/MatineeGroups/MAT_Groups_Slomo.uasset" 230
"../../../Engine/Content/EditorMaterials/MatineeGroups/MAT_Groups_Sound.uasset" 231
"../../../Engine/Content/EditorMaterials/MatineeGroups/MAT_Groups_Vector.uasset" 232
"../../../Engine/Content/EditorMaterials/ParticleSystems/PSysThumbnail_NoImage.uasset" 233
"../../../Engine/Content/EditorMaterials/ParticleSystems/PSysThumbnail_OOD.uasset" 234
"../../../Engine/Content/EditorMaterials/Camera/CineMat.uasset" 235
"../../../Engine/Content/EditorMaterials/Camera/MI_CineMat_Rig.uasset" 236
"../../../Engine/Content/EditorMeshes/Camera/SM_CraneRig_Arm.uasset" 237
"../../../Engine/Content/EditorMeshes/Camera/SM_CraneRig_Base.uasset" 238
"../../../Engine/Content/EditorMeshes/Camera/SM_CraneRig_Body.uasset" 239
"../../../Engine/Content/EditorMeshes/Camera/SM_CraneRig_Mount.uasset" 240
"../../../Engine/Content/EditorMeshes/Camera/SM_RailRig_Mount.uasset" 241
"../../../Engine/Content/EditorMeshes/Camera/SM_RailRig_Track.uasset" 242
"../../../Engine/Content/EditorMeshes/ColorCalibrator/M_ChromeBall.uasset" 243
"../../../Engine/Content/EditorMeshes/ColorCalibrator/M_ClearCoat.uasset" 244
"../../../Engine/Content/EditorMeshes/ColorCalibrator/M_ClearCoatBlack.uasset" 245
"../../../Engine/Content/EditorMeshes/ColorCalibrator/Color_checker.uasset" 246
"../../../Engine/Content/EditorMeshes/ColorCalibrator/M_ColorGrid.uasset" 247
"../../../Engine/Content/EditorMeshes/ColorCalibrator/M_GreyBall.uasset" 248
"../../../Engine/Content/EditorMeshes/ColorCalibrator/SM_ColorCalibrator.uasset" 249
"../../../Engine/Content/EditorResources/BSPVertex.uasset" 250
"../../../Engine/Content/EditorResources/EmptyActor.uasset" 251
"../../../Engine/Content/EditorResources/S_Actor.uasset" 252
"../../../Engine/Content/EditorResources/S_Trigger.uasset" 253
"../../../Engine/Content/EditorResources/AudioIcons/S_AudioComponent_AutoActivate.uasset" 254
"../../../Engine/Content/EditorResources/LightIcons/S_LightError.uasset" 255
"../../../Engine/Content/EditorResources/SequenceRecorder/Countdown.uasset" 256
"../../../Engine/Content/EditorResources/SequenceRecorder/RecordingIndicator.uasset" 257
"../../../Engine/Content/EditorSounds/Notifications/CompileFailed.uasset" 258
"../../../Engine/Content/EditorSounds/Notifications/CompileFailed_Cue.uasset" 259
"../../../Engine/Content/EditorSounds/Notifications/CompileSuccess.uasset" 260
"../../../Engine/Content/EditorSounds/Notifications/CompileStart_Cue.uasset" 261
"../../../Engine/Content/EditorSounds/Notifications/CompileSuccess_Cue.uasset" 262
"../../../Engine/Content/EngineDamageTypes/DmgTypeBP_Environmental.uasset" 263
"../../../Engine/Content/EngineDebugMaterials/HeatmapGradient.uasset" 264
"../../../Engine/Content/EngineDebugMaterials/BoneWeightMaterial.uasset" 265
"../../../Engine/Content/EngineDebugMaterials/ClothMaterial.uasset" 266
"../../../Engine/Content/EngineDebugMaterials/ClothMaterial_WF.uasset" 267
"../../../Engine/Content/EngineDebugMaterials/DebugEditorMaterial.uasset" 268
"../../../Engine/Content/EngineDebugMaterials/DebugMeshMaterial.uasset" 269
"../../../Engine/Content/EngineDebugMaterials/GeomMaterial.uasset" 270
"../../../Engine/Content/EngineFonts/Faces/RobotoBold.uasset" 271
"../../../Engine/Content/EngineFonts/Faces/RobotoBoldItalic.uasset" 272
"../../../Engine/Content/EngineFonts/Faces/RobotoItalic.uasset" 273
"../../../Engine/Content/EngineFonts/Faces/RobotoLight.uasset" 274
"../../../Engine/Content/EngineFonts/Faces/RobotoRegular.uasset" 275
"../../../Engine/Content/EngineFonts/Roboto.uasset" 276
"../../../Engine/Content/EngineFonts/Faces/RobotoTiny.uasset" 277
"../../../Engine/Content/EngineFonts/RobotoTiny.uasset" 278
"../../../Engine/Content/EngineMaterials/DefaultBloomKernel.uasset" 279
"../../../Engine/Content/EngineMaterials/DefaultBokeh.uasset" 280
"../../../Engine/Content/EngineMaterials/DefaultDiffuse.uasset" 281
"../../../Engine/Content/EngineMaterials/DefaultDeferredDecalMaterial.uasset" 282
"../../../Engine/Content/EngineMaterials/DefaultLightFunctionMaterial.uasset" 283
"../../../Engine/Content/Functions/Engine_MaterialFunctions02/Utility/BreakOutFloat2Components.uasset" 284
"../../../Engine/Content/EngineMaterials/DefaultPostProcessMaterial.uasset" 285
"../../../Engine/Content/EngineFonts/RobotoDistanceField.uasset" 286
"../../../Engine/Content/EngineMaterials/DefaultTextMaterialOpaque.uasset" 287
"../../../Engine/Content/EngineMaterials/DefaultWhiteGrid.uasset" 288
"../../../Engine/Content/EngineMaterials/EditorBrushMaterial.uasset" 289
"../../../Engine/Content/EngineMaterials/MiniFont.uasset" 290
"../../../Engine/Content/EngineMaterials/InvalidLightmapSettings.uasset" 291
"../../../Engine/Content/EngineMaterials/M_InvalidLightmapSettings.uasset" 292
"../../../Engine/Content/Functions/Engine_MaterialFunctions02/WorldPositionOffset/CameraOffset.uasset" 293
"../../../Engine/Content/EngineMaterials/PhAT_JointLimitMaterial.uasset" 294
"../../../Engine/Content/EngineMaterials/PreintegratedSkinBRDF.uasset" 295
"../../../Engine/Content/EngineMaterials/RemoveSurfaceMaterial.uasset" 296
"../../../Engine/Content/EngineMaterials/WeightMapPlaceholderTexture.uasset" 297
"../../../Engine/Content/EngineResources/WhiteSquareTexture.uasset" 298
"../../../Engine/Content/EngineMaterials/Widget3DPassThrough.uasset" 299
"../../../Engine/Content/EngineMaterials/Widget3DPassThrough_Masked.uasset" 300
"../../../Engine/Content/EngineMaterials/Widget3DPassThrough_Opaque.uasset" 301
"../../../Engine/Content/EngineMaterials/Widget3DPassThrough_Masked_OneSided.uasset" 302
"../../../Engine/Content/EngineMaterials/Widget3DPassThrough_Opaque_OneSided.uasset" 303
"../../../Engine/Content/EngineMaterials/Widget3DPassThrough_Translucent.uasset" 304
"../../../Engine/Content/EngineMaterials/Widget3DPassThrough_Translucent_OneSided.uasset" 305
"../../../Engine/Content/EngineMeshes/Cube.uasset" 306
"../../../Engine/Content/EngineMeshes/Cylinder.uasset" 307
"../../../Engine/Content/EngineMeshes/Sphere.uasset" 308
"../../../Engine/Content/EngineResources/Black.uasset" 309
"../../../Engine/Content/EngineResources/DefaultTexture.uasset" 310
"../../../Engine/Content/EngineResources/DefaultTextureCube.uasset" 311
"../../../Engine/Content/EngineResources/GradientTexture0.uasset" 312
"../../../Engine/Content/EngineSounds/Master.uasset" 313
"../../../Engine/Content/Functions/Engine_MaterialFunctions01/Shading/ConvertFromDiffSpec.uasset" 314
"../../../Engine/Content/Functions/Engine_MaterialFunctions01/Shading/PowerToRoughness.uasset" 315
"../../../Engine/Content/Maps/Templates/Thumbnails/Default.uasset" 316
"../../../Engine/Content/Maps/Templates/Thumbnails/VR-Basic.uasset" 317
"../../../Engine/Content/MobileResources/T_MobileControls_texture.uasset" 318
"../../../Engine/Content/MobileResources/T_MobileMenu2.uasset" 319
"../../../Engine/Content/MobileResources/HUD/AnalogHat.uasset" 320
"../../../Engine/Content/MobileResources/HUD/VirtualJoystick_Background.uasset" 321
"../../../Engine/Content/MobileResources/HUD/VirtualJoystick_Thumb.uasset" 322
"../../../Engine/Content/MobileResources/HUD/DefaultVirtualJoysticks.uasset" 323
"../../../Engine/Content/MobileResources/HUD/LeftVirtualJoystickOnly.uasset" 324
"../../../Engine/Content/MobileResources/HUD/MobileHUDButton1_off.uasset" 325
"../../../Engine/Content/MobileResources/HUD/MobileHUDButton1_on.uasset" 326
"../../../Engine/Content/MobileResources/HUD/MobileHUDButton2_off.uasset" 327
"../../../Engine/Content/MobileResources/HUD/MobileHUDButton2_on.uasset" 328
"../../../Engine/Content/MobileResources/HUD/MobileHUDButton3.uasset" 329
"../../../Engine/Content/MobileResources/HUD/MobileHUDButtonFire.uasset" 330
"../../../Engine/Content/MobileResources/HUD/MobileHUDDirectionPad.uasset" 331
"../../../Engine/Content/MobileResources/HUD/MobileHUDDirectionPad2.uasset" 332
"../../../Engine/Content/MobileResources/HUD/MobileHUDDirectionPad3.uasset" 333
"../../../Engine/Content/MobileResources/HUD/MobileHUDDirectionStick.uasset" 334
"../../../Engine/Content/MobileResources/HUD/T_Castle_ThumbstickInner.uasset" 335
"../../../Engine/Content/MobileResources/HUD/T_Castle_ThumbstickOutter.uasset" 336
"../../../Engine/Content/Tutorial/ContentIntroCurve.uasset" 337
"../../../Engine/Content/Tutorial/Basics/TutorialAssets/icon_tab_Levels_40x.uasset" 338
"../../../Engine/Content/Tutorial/BlueprintTutorials/TutorialAssets/BlueprintInterface_64x.uasset" 339
"../../../Engine/Content/Tutorial/BlueprintTutorials/TutorialAssets/BlueprintMacroLibrary_64x.uasset" 340
"../../../Engine/Content/Tutorial/BlueprintTutorials/TutorialAssets/Blueprint_64x.uasset" 341
"../../../Engine/Content/Tutorial/BlueprintTutorials/TutorialAssets/Tutorial_BP_Interface.uasset" 342
"../../../Engine/Content/Tutorial/Foliage/TutorialAssets/Foliage.uasset" 343
"../../../Engine/Content/Tutorial/Landscape/TutorialAssets/Landscape.uasset" 344
"../../../Engine/Content/Tutorial/Paper2D/TutorialAssets/Paper2DFlipbook_TutorialIcon.uasset" 345
"../../../Engine/Content/Tutorial/Paper2D/TutorialAssets/Paper2DSprite_TutorialIcon.uasset" 346
"../../../Engine/Content/Tutorial/SubEditors/TutorialAssets/icon_Editor_Preferences_General_40x.uasset" 347
"../../../Engine/Content/Tutorial/SubEditors/TutorialAssets/icon_ShowSkeletalMeshes_40x.uasset" 348
"../../../Engine/Content/Tutorial/SubEditors/TutorialAssets/TutorialMaterial.uasset" 349
"../../../Engine/Content/Tutorial/SubEditors/TutorialAssets/T_SmokeSubUV_8X8.uasset" 350
"../../../Engine/Content/Tutorial/SubEditors/TutorialAssets/T_soft_smoke.uasset" 351
"../../../Engine/Content/Tutorial/SubEditors/TutorialAssets/M_smoke_subUV_blackbody.uasset" 352
"../../../Engine/Content/Tutorial/SubEditors/TutorialAssets/TutorialParticleSystem.uasset" 353
"../../../Engine/Content/VREditor/Devices/Generic/GenericHMDMaterial.uasset" 354
"../../../Engine/Content/VREditor/Devices/Generic/GenericHMD.uasset" 355
"../../../Engine/Content/VREditor/FloatingText/LineMaterial.uasset" 356
"../../../Engine/Content/VREditor/FloatingText/JointSphere.uasset" 357
"../../../Engine/Content/VREditor/FloatingText/LineSegmentCylinder.uasset" 358
"../../../Engine/Content/VREditor/Fonts/VRText_RobotoLarge.uasset" 359
"../../../Engine/Content/VREditor/Fonts/VRTextMaterial.uasset" 360
"../../../Engine/Content/VREditor/Fonts/TranslucentVRTextMaterial.uasset" 361
"../../../Engine/Content/VREditor/LaserPointer/CursorPointer.uasset" 362
"../../../Engine/Content/VREditor/LaserPointer/VR_LaserPower_01.uasset" 363
"../../../Engine/Content/VREditor/TransformGizmo/TransformGizmoMaterial.uasset" 364
"../../../Engine/Content/VREditor/LaserPointer/HoverMaterial.uasset" 365
"../../../Engine/Content/VREditor/TransformGizmo/TranslucentTransformGizmoMaterial.uasset" 366
"../../../Engine/Content/VREditor/LaserPointer/TranslucentHoverMaterial.uasset" 367
"../../../Engine/Content/VREditor/LaserPointer/HoverMesh.uasset" 368
"../../../Engine/Content/VREditor/LaserPointer/LaserPointerMaterial.uasset" 369
"../../../Engine/Content/VREditor/LaserPointer/LaserPointerMaterialInst.uasset" 370
"../../../Engine/Content/VREditor/LaserPointer/TranslucentLaserPointerMaterialInst.uasset" 371
"../../../Engine/Content/VREditor/LaserPointer/LaserPointerMesh.uasset" 372
"../../../Engine/Content/VREditor/LaserPointer/LaserPointerMesh_End.uasset" 373
"../../../Engine/Content/VREditor/LaserPointer/LaserPointerMesh_Start.uasset" 374
"../../../Engine/Content/Functions/Engine_MaterialFunctions02/Utility/BreakOutFloat3Components.uasset" 375
"../../../Engine/Content/Functions/Engine_MaterialFunctions02/Math/Transform3x3Matrix.uasset" 376
"../../../Engine/Content/Functions/Engine_MaterialFunctions02/SplitComponents.uasset" 377
"../../../Engine/Content/Functions/Engine_MaterialFunctions02/Utility/MakeFloat3.uasset" 378
"../../../Engine/Content/VREditor/SnapGrid/SnapGridMaterial.uasset" 379
"../../../Engine/Content/VREditor/SnapGrid/SnapGridPlaneMesh.uasset" 380
"../../../Engine/Content/VREditor/Sounds/VR_teleport.uasset" 381
"../../../Engine/Content/VREditor/Sounds/UI/Click_on_Button_Cue.uasset" 382
"../../../Engine/Content/VREditor/Sounds/UI/Dockable_Window_Close.uasset" 383
"../../../Engine/Content/VREditor/Sounds/UI/Dockable_Window_Drop.uasset" 384
"../../../Engine/Content/VREditor/Sounds/UI/Dockable_Window_Open.uasset" 385
"../../../Engine/Content/VREditor/Sounds/UI/Dockable_Window_Pick_Up.uasset" 386
"../../../Engine/Content/VREditor/Sounds/UI/Drop_Item_From_ContentBrowser.uasset" 387
"../../../Engine/Content/VREditor/Sounds/UI/Floating_UI_Open-001.uasset" 388
"../../../Engine/Content/VREditor/Sounds/UI/Gizmo_Handle_Clicked.uasset" 389
"../../../Engine/Content/VREditor/Sounds/UI/Object_PickUp.uasset" 390
"../../../Engine/Content/VREditor/Sounds/UI/Object_Snaps_To_Another_Actor.uasset" 391
"../../../Engine/Content/VREditor/Sounds/UI/Object_Snaps_To_Grid.uasset" 392
"../../../Engine/Content/VREditor/Sounds/UI/Radial_Menu_FadeOut.uasset" 393
"../../../Engine/Content/VREditor/Sounds/UI/Scaling_Down.uasset" 394
"../../../Engine/Content/VREditor/Sounds/UI/Scaling_Up.uasset" 395
"../../../Engine/Content/VREditor/Sounds/UI/Selection_Changes.uasset" 396
"../../../Engine/Content/VREditor/Sounds/UI/Teleport_Mode_Entered.uasset" 397
"../../../Engine/Content/VREditor/Teleport/TeleportDirectionMaterial.uasset" 398
"../../../Engine/Content/VREditor/Teleport/TeleportDirectionMaterial_Inst.uasset" 399
"../../../Engine/Content/VREditor/Teleport/TeleportDirectionMesh.uasset" 400
"../../../Engine/Content/VREditor/TransformGizmo/BoundingBoxCorner.uasset" 401
"../../../Engine/Content/VREditor/TransformGizmo/BoundingBoxEdge.uasset" 402
"../../../Engine/Content/VREditor/TransformGizmo/PlaneTranslationHandle.uasset" 403
"../../../Engine/Content/VREditor/TransformGizmo/RotationHandleFull.uasset" 404
"../../../Engine/Content/VREditor/TransformGizmo/RotationHandleIndicator.uasset" 405
"../../../Engine/Content/VREditor/TransformGizmo/RotationHandleQuarter.uasset" 406
"../../../Engine/Content/VREditor/TransformGizmo/Main.uasset" 407
"../../../Engine/Content/VREditor/TransformGizmo/Xray.uasset" 408
"../../../Engine/Content/VREditor/TransformGizmo/SM_Dialog_Close.uasset" 409
"../../../Engine/Content/VREditor/TransformGizmo/SM_Dialog_Move.uasset" 410
"../../../Engine/Content/VREditor/TransformGizmo/SM_Sequencer_Key.uasset" 411
"../../../Engine/Content/VREditor/TransformGizmo/SM_Sequencer_Node.uasset" 412
"../../../Engine/Content/VREditor/TransformGizmo/StartRotationHandleIndicator.uasset" 413
"../../../Engine/Content/VREditor/TransformGizmo/TranslucentTransformGizmoMaterial_Inst.uasset" 414
"../../../Engine/Content/VREditor/TransformGizmo/TransformGizmoFreeRotation.uasset" 415
"../../../Engine/Content/VREditor/TransformGizmo/TransformGizmoMaterial_Inst.uasset" 416
"../../../Engine/Content/VREditor/TransformGizmo/TranslateArrowHandle.uasset" 417
"../../../Engine/Content/VREditor/TransformGizmo/UniformScaleHandle.uasset" 418
"../../../Engine/Content/VREditor/UI/KeyDiskMaterial.uasset" 419
"../../../Engine/Content/VREditor/UI/DiscMaterial.uasset" 420
"../../../Engine/Content/VREditor/UI/SM_Radial_Disk.uasset" 421
"../../../Engine/Content/Functions/Engine_MaterialFunctions01/Gradient/RadialGradient.uasset" 422
"../../../Engine/Content/VREditor/WorldMovementGrid/SimpleGrid.uasset" 423
"../../../Engine/Content/VREditor/WorldMovementGrid/GridMaterial.uasset" 424
"../../../Engine/Content/Functions/Engine_MaterialFunctions01/Density/ExponentialDensity.uasset" 425
"../../../Engine/Content/VREditor/WorldMovementGrid/GridPostProcess.uasset" 426
"../../../Engine/Content/EditorLandscapeResources/FlattenHeightMat.uasset" 427
"../../../Engine/Content/VREditor/WorldMovementGrid/PlaneMesh.uasset" 428
"../../../Engine/Plugins/2D/Paper2D/Content/PlaceholderTextures/DummySpriteTexture.uasset" 429
"../../../Engine/Plugins/2D/Paper2D/Content/DummySprite.uasset" 430
"../../../Engine/Plugins/2D/Paper2D/Content/DefaultPaperTerrainMaterial.uasset" 431
"../../../Engine/Plugins/2D/Paper2D/Content/DefaultSpriteMaterial.uasset" 432
"../../../Engine/Plugins/2D/Paper2D/Content/MaskedUnlitSpriteMaterial.uasset" 433
"../../../Engine/Plugins/2D/Paper2D/Content/OpaqueUnlitSpriteMaterial.uasset" 434
"../../../Engine/Plugins/Media/MediaCompositing/Content/DefaultMediaPlaneMaterial.uasset" 435
"../../../Engine/Content/Functions/Engine_MaterialFunctions02/Utility/MakeFloat4.uasset" 436
"../../../Engine/Plugins/Runtime/AppleARKit/Content/ARKitCameraMaterial.uasset" 437
"../../../Engine/Plugins/Runtime/Oculus/OculusVR/Content/Textures/GearVRController_AO.uasset" 438
"../../../Engine/Plugins/Runtime/Oculus/OculusVR/Content/Textures/GearVRController_Color.uasset" 439
"../../../Engine/Plugins/Runtime/Oculus/OculusVR/Content/Textures/GearVRController_Normal.uasset" 440
"../../../Engine/Plugins/Runtime/Oculus/OculusVR/Content/Materials/GearVRControllerMaterial.uasset" 441
"../../../Engine/Plugins/Runtime/Oculus/OculusVR/Content/Meshes/GearVrController.uasset" 442
"../../../Engine/Content/EditorBlueprintResources/StandardMacros.uasset" 443
"../../../Engine/Content/EngineSky/C_Sky_Cloud_Color.uasset" 444
"../../../Engine/Content/EngineSky/C_Sky_Horizon_Color.uasset" 445
"../../../Engine/Content/EngineSky/C_Sky_Zenith_Color.uasset" 446
"../../../Engine/Content/EngineSky/SM_SkySphere.uasset" 447
"../../../Engine/Content/EngineSky/BP_Sky_Sphere.uasset" 448
"../../../VR_PRO_18/Content/GTFreeMaterials/Showcase_BuiltData.uasset" 449
"../../../Engine/Content/EditorMaterials/Cascade/CASC_Cross.uasset" 450
"../../../Engine/Content/EditorMaterials/Cascade/CASC_None.uasset" 451
"../../../Engine/Content/Functions/Engine_MaterialFunctions03/Blends/Blend_Overlay.uasset" 452
"../../../VR_PRO_18/Content/GTFreeMaterials/Textures/brick_ancientDiagonal/brick_ancientDiagonal_2k_alb.uasset" 453
"../../../VR_PRO_18/Content/GTFreeMaterials/Textures/brick_ancientDiagonal/brick_ancientDiagonal_2k_n.uasset" 454
"../../../VR_PRO_18/Content/GTFreeMaterials/Materials/brick_ancientDiagonal.uasset" 455
"../../../VR_PRO_18/Content/GTFreeMaterials/Textures/Brick_BathStone/Brick_BathStone_2k_alb.uasset" 456
"../../../VR_PRO_18/Content/GTFreeMaterials/Textures/Brick_BathStone/Brick_BathStone_2k_ao.uasset" 457
"../../../VR_PRO_18/Content/GTFreeMaterials/Textures/Brick_BathStone/Brick_BathStone_2k_n.uasset" 458
"../../../VR_PRO_18/Content/GTFreeMaterials/Materials/Brick_BathStone.uasset" 459
"../../../VR_PRO_18/Content/GTFreeMaterials/Textures/Brick_GuiBigCastleWall/Brick_GuiBigCastleWall_2k_alb.uasset" 460
"../../../VR_PRO_18/Content/GTFreeMaterials/Textures/Brick_GuiBigCastleWall/Brick_GuiBigCastleWall_2k_h.uasset" 461
"../../../VR_PRO_18/Content/GTFreeMaterials/Textures/Brick_GuiBigCastleWall/Brick_GuiBigCastleWall_2k_n.uasset" 462
"../../../VR_PRO_18/Content/GTFreeMaterials/Textures/Brick_GuiBigCastleWall/Brick_GuiBigCastleWall_2k_s.uasset" 463
"../../../VR_PRO_18/Content/GTFreeMaterials/Materials/Brick_GuiBigCastleWall.uasset" 464
"../../../VR_PRO_18/Content/GTFreeMaterials/Textures/brick_guiGen/brick_guiGen_2k_d.uasset" 465
"../../../VR_PRO_18/Content/GTFreeMaterials/Textures/brick_guiGen/brick_guiGen_2k_n.uasset" 466
"../../../VR_PRO_18/Content/GTFreeMaterials/Textures/brick_guiGen/brick_guiGen_2k_s.uasset" 467
"../../../VR_PRO_18/Content/GTFreeMaterials/Materials/brick_guiGen.uasset" 468
"../../../VR_PRO_18/Content/GTFreeMaterials/Textures/Ground_Dirt/Ground_Dirt_2k_alb.uasset" 469
"../../../VR_PRO_18/Content/GTFreeMaterials/Textures/Ground_Dirt/Ground_Dirt_2k_n.uasset" 470
"../../../VR_PRO_18/Content/GTFreeMaterials/Textures/Ground_Dirt/Ground_Dirt_2k_s.uasset" 471
"../../../VR_PRO_18/Content/GTFreeMaterials/Materials/Ground_Dirt.uasset" 472
"../../../VR_PRO_18/Content/GTFreeMaterials/Textures/Ground_DirtBrownTan/Ground_DirtBrownTan_2k_alb.uasset" 473
"../../../VR_PRO_18/Content/GTFreeMaterials/Textures/Ground_DirtBrownTan/Ground_DirtBrownTan_2k_g.uasset" 474
"../../../VR_PRO_18/Content/GTFreeMaterials/Textures/Ground_DirtBrownTan/Ground_DirtBrownTan_2k_n.uasset" 475
"../../../VR_PRO_18/Content/GTFreeMaterials/Materials/Ground_DirtBrownTan.uasset" 476
"../../../VR_PRO_18/Content/GTFreeMaterials/Textures/Ground_GrassThickGreen/Ground_GrassThickGreen_2k_alb.uasset" 477
"../../../VR_PRO_18/Content/GTFreeMaterials/Textures/Ground_GrassThickGreen/Ground_GrassThickGreen_2k_g.uasset" 478
"../../../VR_PRO_18/Content/GTFreeMaterials/Textures/Ground_GrassThickGreen/Ground_GrassThickGreen_2k_h1.uasset" 479
"../../../VR_PRO_18/Content/GTFreeMaterials/Textures/Ground_GrassThickGreen/Ground_GrassThickGreen_2k_n.uasset" 480
"../../../VR_PRO_18/Content/GTFreeMaterials/Materials/Ground_GrassThickGreen.uasset" 481
"../../../VR_PRO_18/Content/GTFreeMaterials/Textures/Ground_guiFloodedMud/Ground_guiFloodedMud_2k_alb.uasset" 482
"../../../VR_PRO_18/Content/GTFreeMaterials/Textures/Ground_guiFloodedMud/Ground_guiFloodedMud_2k_g.uasset" 483
"../../../VR_PRO_18/Content/GTFreeMaterials/Textures/Ground_guiFloodedMud/Ground_guiFloodedMud_2k_mask.uasset" 484
"../../../VR_PRO_18/Content/GTFreeMaterials/Textures/Ground_guiFloodedMud/Ground_guiFloodedMud_2k_n.uasset" 485
"../../../VR_PRO_18/Content/GTFreeMaterials/Materials/Ground_guiFloodedMud.uasset" 486
"../../../VR_PRO_18/Content/GTFreeMaterials/Textures/Ground_MuddyGrass/Ground_MuddyGrass_2k_alb.uasset" 487
"../../../VR_PRO_18/Content/GTFreeMaterials/Textures/Ground_MuddyGrass/Ground_MuddyGrass_2k_mask.uasset" 488
"../../../VR_PRO_18/Content/GTFreeMaterials/Textures/Ground_MuddyGrass/Ground_MuddyGrass_2k_n.uasset" 489
"../../../VR_PRO_18/Content/GTFreeMaterials/Textures/Ground_MuddyGrass/Ground_MuddyGrass_2k_s.uasset" 490
"../../../VR_PRO_18/Content/GTFreeMaterials/Materials/Ground_MuddyGrass_DRY.uasset" 491
"../../../VR_PRO_18/Content/GTFreeMaterials/Materials/Ground_MuddyGrass_WET.uasset" 492
"../../../VR_PRO_18/Content/GTFreeMaterials/Textures/Metal_BrushedCopper/Metal_BrushedCopper_2k_g.uasset" 493
"../../../VR_PRO_18/Content/GTFreeMaterials/Textures/Metal_BrushedCopper/Metal_BrushedCopper_2k_n.uasset" 494
"../../../VR_PRO_18/Content/GTFreeMaterials/Textures/Metal_BrushedCopper/Metal_BrushedCopper_2k_s.uasset" 495
"../../../VR_PRO_18/Content/GTFreeMaterials/Materials/Metal_BrushedCopper.uasset" 496
"../../../VR_PRO_18/Content/GTFreeMaterials/Textures/Metal_BrushedSteel/Metal_BrushedSteel_2k_g.uasset" 497
"../../../VR_PRO_18/Content/GTFreeMaterials/Textures/Metal_BrushedSteel/Metal_BrushedSteel_2k_n.uasset" 498
"../../../VR_PRO_18/Content/GTFreeMaterials/Textures/Metal_BrushedSteel/Metal_BrushedSteel_2k_s.uasset" 499
"../../../VR_PRO_18/Content/GTFreeMaterials/Materials/Metal_BrushedSteel.uasset" 500
"../../../VR_PRO_18/Content/GTFreeMaterials/Textures/Metal_CyberCube/Metal_CyberCube_2k_ao.uasset" 501
"../../../VR_PRO_18/Content/GTFreeMaterials/Textures/Metal_CyberCube/Metal_CyberCube_2k_g.uasset" 502
"../../../VR_PRO_18/Content/GTFreeMaterials/Textures/Metal_CyberCube/Metal_CyberCube_2k_n.uasset" 503
"../../../VR_PRO_18/Content/GTFreeMaterials/Textures/Metal_CyberCube/Metal_CyberCube_2k_s.uasset" 504
"../../../VR_PRO_18/Content/GTFreeMaterials/Textures/Metal_CyberCube/Metal_CyberCube_2k_t.uasset" 505
"../../../VR_PRO_18/Content/GTFreeMaterials/Materials/Metal_CyberCube.uasset" 506
"../../../VR_PRO_18/Content/GTFreeMaterials/Textures/Metal_DiamondPlateSciFi/Metal_DiamondPlateSciFi_2k_alb.uasset" 507
"../../../VR_PRO_18/Content/GTFreeMaterials/Textures/Metal_DiamondPlateSciFi/Metal_DiamondPlateSciFi_2k_g.uasset" 508
"../../../VR_PRO_18/Content/GTFreeMaterials/Textures/Metal_DiamondPlateSciFi/Metal_DiamondPlateSciFi_2k_mask.uasset" 509
"../../../VR_PRO_18/Content/GTFreeMaterials/Textures/Metal_DiamondPlateSciFi/Metal_DiamondPlateSciFi_2k_n.uasset" 510
"../../../VR_PRO_18/Content/GTFreeMaterials/Textures/Metal_DiamondPlateSciFi/Metal_DiamondPlateSciFi_2k_s.uasset" 511
"../../../VR_PRO_18/Content/GTFreeMaterials/Materials/Metal_DiamondPlateSciFi.uasset" 512
"../../../VR_PRO_18/Content/GTFreeMaterials/Textures/Metal_Gold/Metal_Gold_2k_g.uasset" 513
"../../../VR_PRO_18/Content/GTFreeMaterials/Textures/Metal_Gold/Metal_Gold_2k_s.uasset" 514
"../../../VR_PRO_18/Content/GTFreeMaterials/Materials/Metal_Gold.uasset" 515
"../../../VR_PRO_18/Content/GTFreeMaterials/Textures/Metal_LeadRough/Metal_LeadRough_2k_alb.uasset" 516
"../../../VR_PRO_18/Content/GTFreeMaterials/Textures/Metal_LeadRough/Metal_LeadRough_2k_g.uasset" 517
"../../../VR_PRO_18/Content/GTFreeMaterials/Textures/Metal_LeadRough/Metal_LeadRough_2k_n.uasset" 518
"../../../VR_PRO_18/Content/GTFreeMaterials/Textures/Metal_LeadRough/Metal_LeadRough_2k_s.uasset" 519
"../../../VR_PRO_18/Content/GTFreeMaterials/Materials/Metal_LeadRough.uasset" 520
"../../../VR_PRO_18/Content/GTFreeMaterials/Textures/4ChannelGrunge.uasset" 521
"../../../VR_PRO_18/Content/GTFreeMaterials/Textures/Metal_ReinforcedGridWall/Metal_ReinforcedGridWall_2k_ao.uasset" 522
"../../../VR_PRO_18/Content/GTFreeMaterials/Textures/Metal_ReinforcedGridWall/Metal_ReinforcedGridWall_2k_g.uasset" 523
"../../../VR_PRO_18/Content/GTFreeMaterials/Textures/Metal_ReinforcedGridWall/Metal_ReinforcedGridWall_2k_mask.uasset" 524
"../../../VR_PRO_18/Content/GTFreeMaterials/Textures/Metal_ReinforcedGridWall/Metal_ReinforcedGridWall_2k_n.uasset" 525
"../../../VR_PRO_18/Content/GTFreeMaterials/Textures/Metal_ReinforcedGridWall/Metal_ReinforcedGridWall_2k_s.uasset" 526
"../../../VR_PRO_18/Content/GTFreeMaterials/Materials/Metal_ReinforcedGridWall.uasset" 527
"../../../VR_PRO_18/Content/GTFreeMaterials/Textures/Metal_RustedSolid/Metal_RustedSolid_2k_g.uasset" 528
"../../../VR_PRO_18/Content/GTFreeMaterials/Textures/Metal_RustedSolid/Metal_RustedSolid_2k_n.uasset" 529
"../../../VR_PRO_18/Content/GTFreeMaterials/Textures/Metal_RustedSolid/Metal_RustedSolid_2k_s.uasset" 530
"../../../VR_PRO_18/Content/GTFreeMaterials/Materials/Metal_RustedSolid.uasset" 531
"../../../VR_PRO_18/Content/GTFreeMaterials/Textures/Metal_sciFiCurveyWall/Metal_sciFiCurveyWall_2k_ao.uasset" 532
"../../../VR_PRO_18/Content/GTFreeMaterials/Textures/Metal_sciFiCurveyWall/Metal_sciFiCurveyWall_2k_g.uasset" 533
"../../../VR_PRO_18/Content/GTFreeMaterials/Textures/Metal_sciFiCurveyWall/Metal_sciFiCurveyWall_2k_mask.uasset" 534
"../../../VR_PRO_18/Content/GTFreeMaterials/Textures/Metal_sciFiCurveyWall/Metal_sciFiCurveyWall_2k_n.uasset" 535
"../../../VR_PRO_18/Content/GTFreeMaterials/Textures/Metal_sciFiCurveyWall/Metal_sciFiCurveyWall_2k_s.uasset" 536
"../../../VR_PRO_18/Content/GTFreeMaterials/Materials/Metal_sciFiCurveyWall.uasset" 537
"../../../VR_PRO_18/Content/GTFreeMaterials/Textures/misc_WoodenCrate/misc_WoodenCrate_2k_alb2.uasset" 538
"../../../VR_PRO_18/Content/GTFreeMaterials/Textures/misc_WoodenCrate/misc_WoodenCrate_2k_ao.uasset" 539
"../../../VR_PRO_18/Content/GTFreeMaterials/Textures/misc_WoodenCrate/misc_WoodenCrate_2k_g.uasset" 540
"../../../VR_PRO_18/Content/GTFreeMaterials/Textures/misc_WoodenCrate/misc_WoodenCrate_2k_h.uasset" 541
"../../../VR_PRO_18/Content/GTFreeMaterials/Textures/misc_WoodenCrate/misc_WoodenCrate_2k_mask.uasset" 542
"../../../VR_PRO_18/Content/GTFreeMaterials/Textures/misc_WoodenCrate/misc_WoodenCrate_2k_n.uasset" 543
"../../../VR_PRO_18/Content/GTFreeMaterials/Materials/misc_WoodenCrate.uasset" 544
"../../../VR_PRO_18/Content/GTFreeMaterials/Textures/Rock_HoleyWall/Rock_HoleyWall_2k_alb2.uasset" 545
"../../../VR_PRO_18/Content/GTFreeMaterials/Textures/Rock_HoleyWall/Rock_HoleyWall_2k_ao.uasset" 546
"../../../VR_PRO_18/Content/GTFreeMaterials/Textures/Rock_HoleyWall/Rock_HoleyWall_2k_g.uasset" 547
"../../../VR_PRO_18/Content/GTFreeMaterials/Textures/Rock_HoleyWall/Rock_HoleyWall_2k_h.uasset" 548
"../../../VR_PRO_18/Content/GTFreeMaterials/Textures/Rock_HoleyWall/Rock_HoleyWall_2k_n.uasset" 549
"../../../VR_PRO_18/Content/GTFreeMaterials/Materials/Rock_HoleyWall.uasset" 550
"../../../VR_PRO_18/Content/GTFreeMaterials/Textures/Rock_JaggedCaveWall/Rock_JaggedCaveWall_2k_alb.uasset" 551
"../../../VR_PRO_18/Content/GTFreeMaterials/Textures/Rock_JaggedCaveWall/Rock_JaggedCaveWall_2k_g.uasset" 552
"../../../VR_PRO_18/Content/GTFreeMaterials/Textures/Rock_JaggedCaveWall/Rock_JaggedCaveWall_2k_h.uasset" 553
"../../../VR_PRO_18/Content/GTFreeMaterials/Textures/Rock_JaggedCaveWall/Rock_JaggedCaveWall_2k_n.uasset" 554
"../../../VR_PRO_18/Content/GTFreeMaterials/Materials/Rock_JaggedCaveWall.uasset" 555
"../../../VR_PRO_18/Content/GTFreeMaterials/Textures/Tile_Coloredtiles/Tile_ColoredTiles_2k_alb1.uasset" 556
"../../../VR_PRO_18/Content/GTFreeMaterials/Textures/Tile_Coloredtiles/Tile_ColoredTiles_2k_g.uasset" 557
"../../../VR_PRO_18/Content/GTFreeMaterials/Textures/Tile_Coloredtiles/Tile_ColoredTiles_2k_mask.uasset" 558
"../../../VR_PRO_18/Content/GTFreeMaterials/Textures/Tile_Coloredtiles/Tile_ColoredTiles_2k_n.uasset" 559
"../../../VR_PRO_18/Content/GTFreeMaterials/Materials/Tile_Coloredtiles.uasset" 560
"../../../VR_PRO_18/Content/GTFreeMaterials/Textures/Tile_WoodAndTileOffsetPattern/Tile_WoodAndTileOffsetPattern_2k_alb.uasset" 561
"../../../VR_PRO_18/Content/GTFreeMaterials/Textures/Tile_WoodAndTileOffsetPattern/Tile_WoodAndTileOffsetPattern_2k_mask.uasset" 562
"../../../VR_PRO_18/Content/GTFreeMaterials/Textures/Tile_WoodAndTileOffsetPattern/Tile_WoodAndTileOffsetPattern_2k_n.uasset" 563
"../../../VR_PRO_18/Content/GTFreeMaterials/Textures/Tile_WoodAndTileOffsetPattern/Tile_WoodAndTileOffsetPattern_2k_s.uasset" 564
"../../../VR_PRO_18/Content/GTFreeMaterials/Materials/Tile_WoodAndTileOffsetPattern.uasset" 565
"../../../VR_PRO_18/Content/GTFreeMaterials/Textures/Wood_GeofwoodenPlankClean/Wood_GeofwoodenPlankClean_2k_ao.uasset" 566
"../../../VR_PRO_18/Content/GTFreeMaterials/Textures/Wood_GeofwoodenPlankClean/Wood_GeofwoodenPlankClean_2k_d.uasset" 567
"../../../VR_PRO_18/Content/GTFreeMaterials/Textures/Wood_GeofwoodenPlankClean/Wood_GeofwoodenPlankClean_2k_n.uasset" 568
"../../../VR_PRO_18/Content/GTFreeMaterials/Materials/Wood_GeofwoodenPlankClean.uasset" 569
"../../../VR_PRO_18/Content/GTFreeMaterials/Textures/Wood_InterlockingFloor/Wood_InterlockingFloor_2k_alb1.uasset" 570
"../../../VR_PRO_18/Content/GTFreeMaterials/Textures/Wood_InterlockingFloor/Wood_InterlockingFloor_2k_ao.uasset" 571
"../../../VR_PRO_18/Content/GTFreeMaterials/Textures/Wood_InterlockingFloor/Wood_InterlockingFloor_2k_g.uasset" 572
"../../../VR_PRO_18/Content/GTFreeMaterials/Textures/Wood_InterlockingFloor/Wood_InterlockingFloor_2k_n.uasset" 573
"../../../VR_PRO_18/Content/GTFreeMaterials/Materials/Wood_InterlockingFloor.uasset" 574
"../../../VR_PRO_18/Content/GTFreeMaterials/Textures/Brick_chicagoStyle/Brick_chicagoStyle_2k_alb.uasset" 575
"../../../VR_PRO_18/Content/GTFreeMaterials/Textures/Brick_chicagoStyle/Brick_chicagoStyle_2k_ao.uasset" 576
"../../../VR_PRO_18/Content/GTFreeMaterials/Textures/Brick_chicagoStyle/Brick_chicagoStyle_2k_h.uasset" 577
"../../../VR_PRO_18/Content/GTFreeMaterials/Textures/Brick_chicagoStyle/Brick_chicagoStyle_2k_n.uasset" 578
"../../../VR_PRO_18/Content/GTFreeMaterials/Materials/Brick_chicagoStyle.uasset" 579
"../../../VR_PRO_18/Content/GTFreeMaterials/Materials/Concrete_FlatSurface.uasset" 580
"../../../VR_PRO_18/Content/GTFreeMaterials/Textures/wood_JFfantasyWoodPlanksNailedClean/wood_JFfantasyWoodPlanksNailedClean_2k_alb.uasset" 581
"../../../VR_PRO_18/Content/GTFreeMaterials/Textures/wood_JFfantasyWoodPlanksNailedClean/wood_JFfantasyWoodPlanksNailedClean_2k_h.uasset" 582
"../../../VR_PRO_18/Content/GTFreeMaterials/Textures/wood_JFfantasyWoodPlanksNailedClean/wood_JFfantasyWoodPlanksNailedClean_2k_n.uasset" 583
"../../../VR_PRO_18/Content/GTFreeMaterials/Materials/wood_JFfantasyWoodPlanksNailedClean.uasset" 584
"../../../Engine/Content/EditorMeshes/EditorSphere.uasset" 585
"../../../VR_PRO_18/Content/GTFreeMaterials/Showcase.umap" 586
"../../../VR_PRO_18/Content/menu/widMenu.uasset" 587
"../../../VR_PRO_18/Content/menu/menu.umap" 588
"../../../VR_PRO_18/Content/RV_MAPA/cielo/BP_Sky_Sphere.uasset" 589
"../../../VR_PRO_18/Content/RV_MAPA/ejemplo.umap" 590
"../../../VR_PRO_18/Content/RV_MAPA/Assets/Seagull/Animations/ANIM_Seagull_Glide.uasset" 591
"../../../VR_PRO_18/Content/RV_MAPA/Assets/Seagull/Animations/ANIM_Seagull_Hop.uasset" 592
"../../../VR_PRO_18/Content/RV_MAPA/Assets/Seagull/Animations/ANIM_Seagull_IdleEat.uasset" 593
"../../../VR_PRO_18/Content/RV_MAPA/Assets/Seagull/Animations/ANIM_Seagull_IdleLookAround.uasset" 594
"../../../Engine/Content/Functions/Engine_MaterialFunctions03/ComplexMotion/Motion_4WayChaos.uasset" 595
"../../../Engine/Content/Engine_MI_Shaders/T_Base_Tile_Normal.uasset" 596
"../../../Engine/Content/Functions/Engine_MaterialFunctions03/ComplexMotion/Motion_4WayChaos_Normal.uasset" 597
"../../../Engine/Content/MapTemplates/Sky/DaylightAmbientCubemap.uasset" 598
"../../../VR_PRO_18/Content/WaterPlane/Lake/Textures/T_SmallWaves_N.uasset" 599
"../../../VR_PRO_18/Content/WaterPlane/Ocean/Materials/OceanWater_SS.uasset" 600
"../../../VR_PRO_18/Content/WaterPlane/Ocean/Textures/T_LargeWaves_H.uasset" 601
"../../../VR_PRO_18/Content/WaterPlane/Ocean/Textures/T_LargeWaves_N.uasset" 602
"../../../VR_PRO_18/Content/WaterPlane/Ocean/Textures/T_Seafoam_01.uasset" 603
"../../../VR_PRO_18/Content/WaterPlane/Ocean/Materials/M_OceanWater_1.uasset" 604
"../../../Engine/Content/MapTemplates/Sky/Desert_Outer_HDR.uasset" 605
"../../../VR_PRO_18/Content/WaterPlane/Ocean/Materials/M_OceanWater_1_Inst.uasset" 606
"../../../VR_PRO_18/Content/WaterPlane/Meshes/SM_OceanWater.uasset" 607
"../../../VR_PRO_18/Content/WaterPlane/Ocean/Blueprint/BP_OceanWater.uasset" 608
"../../../VR_PRO_18/Content/RV_MAPA/Assets/LowPolyRainforest/Ground_Plants/Ground_Plant_02.uasset" 609
"../../../VR_PRO_18/Content/RV_MAPA/Folliage/Ground_Plant_02_FoliageType.uasset" 610
"../../../VR_PRO_18/Content/RV_MAPA/isla_sharedassets/GrassThickGreen_LayerInfo.uasset" 611
"../../../VR_PRO_18/Content/RV_MAPA/isla_sharedassets/Ground_dirt_LayerInfo.uasset" 612
"../../../VR_PRO_18/Content/RV_MAPA/isla_sharedassets/Ground_grass_LayerInfo.uasset" 613
"../../../Engine/Content/BasicShapes/BasicShapeMaterial.uasset" 614
"../../../VR_PRO_18/Content/RV_MAPA/landscape_multitexture.uasset" 615
"../../../Engine/Content/BasicShapes/Cube.uasset" 616
"../../../Engine/Content/EngineMaterials/DefaultPhysicalMaterial.uasset" 617
"../../../VR_PRO_18/Content/RV_MAPA/Assets/Seagull/Textures/T_Seagull_BaseColor.uasset" 618
"../../../VR_PRO_18/Content/RV_MAPA/Assets/Seagull/Textures/T_Seagull_Nml.uasset" 619
"../../../VR_PRO_18/Content/RV_MAPA/Assets/Seagull/Textures/T_Seagull_OcclusionRoughnessMetallic.uasset" 620
"../../../VR_PRO_18/Content/RV_MAPA/Assets/Seagull/Textures/T_Seagull_Specular.uasset" 621
"../../../VR_PRO_18/Content/RV_MAPA/Assets/Seagull/Materials/M_Seagull.uasset" 622
"../../../VR_PRO_18/Content/RV_MAPA/Assets/Seagull/Meshes/SK_Seagull.uasset" 623
"../../../VR_PRO_18/Content/RV_MAPA/SFX/SFX_Sound_of_The_Sea_Waves__2_.uasset" 624
"../../../VR_PRO_18/Content/RV_MAPA/SFX/SFX_Sound_of_The_Sea_Waves__2__Cue.uasset" 625
"../../../VR_PRO_18/Content/RV_MAPA/isla.umap" 626
"../../../VR_PRO_18/Content/RV_MAPA/Assets/LowPolyRainforest/Maps/Demo_Map.umap" 627
"../../../Engine/Content/TemplateResources/M_Template_Master.uasset" 628
"../../../Engine/Content/TemplateResources/MI_Template_BaseGray_03_Metal.uasset" 629
"../../../VR_PRO_18/Content/RV_MAPA/Assets/LowPolyRainforest/Maps/Overview.umap" 630
"../../../Engine/Content/MapTemplates/SM_Template_Map_Floor.uasset" 631
"../../../VR_PRO_18/Content/RV_MAPA/Assets/Seagull/Maps/Overview.umap" 632
"../../../Engine/Content/Functions/Engine_MaterialFunctions01/Texturing/ScaleUVsByCenter.uasset" 633
"../../../Engine/Content/Functions/Engine_MaterialFunctions02/ScreenResolution.uasset" 634
"../../../Engine/Content/Functions/Engine_MaterialFunctions02/Texturing/ScreenAlignedUVs.uasset" 635
"../../../Engine/Content/Functions/Engine_MaterialFunctions02/Utility/CameraDirectionVector.uasset" 636
"../../../Engine/Content/Functions/Engine_MaterialFunctions02/Utility/DepthFromWorldPosition.uasset" 637
"../../../VR_PRO_18/Content/VirtualReality/Materials/MF_OccludedPixels.uasset" 638
"../../../VR_PRO_18/Content/VirtualReality/Materials/TeleportMCP.uasset" 639
"../../../Engine/Content/EngineMaterials/Good64x64TilingNoiseHighFreq.uasset" 640
"../../../VR_PRO_18/Content/VirtualReality/Materials/M_ArcEndpoint.uasset" 641
"../../../VR_PRO_18/Content/VirtualReality/Materials/M_TeleportPreviews.uasset" 642
"../../../VR_PRO_18/Content/VirtualReality/Materials/MI_TeleportCylinderPreview.uasset" 643
"../../../Engine/Content/BasicShapes/Cylinder.uasset" 644
"../../../VR_PRO_18/Content/VirtualReality/Meshes/BeaconDirection.uasset" 645
"../../../VR_PRO_18/Content/VirtualReality/Meshes/SM_FatCylinder.uasset" 646
"../../../VR_PRO_18/Content/VirtualRealityBP/Blueprints/HMDLocomotionPawn.uasset" 647
"../../../VR_PRO_18/Content/VirtualRealityBP/Maps/HMDLocomotionMap_BuiltData.uasset" 648
"../../../VR_PRO_18/Content/VirtualReality/Materials/M_BaseMaterial.uasset" 649
"../../../VR_PRO_18/Content/VirtualReality/Materials/MI_BaseMaterial2.uasset" 650
"../../../VR_PRO_18/Content/VirtualReality/Materials/MI_BaseMaterial3.uasset" 651
"../../../VR_PRO_18/Content/Geometry/Meshes/1M_Cube.uasset" 652
"../../../VR_PRO_18/Content/VirtualRealityBP/Maps/HMDLocomotionMap.umap" 653
"../../../VR_PRO_18/Content/VirtualRealityBP/Blueprints/PickupActorInterface.uasset" 654
"../../../VR_PRO_18/Content/VirtualReality/Materials/MI_SmallCubes.uasset" 655
"../../../VR_PRO_18/Content/VirtualRealityBP/Blueprints/BP_PickupCube.uasset" 656
"../../../VR_PRO_18/Content/VirtualReality/Mannequin/Character/Mesh/MannequinHand_Right_Skeleton.uasset" 657
"../../../VR_PRO_18/Content/VirtualReality/Mannequin/Animations/MannequinHand_Right_CanGrab.uasset" 658
"../../../VR_PRO_18/Content/VirtualReality/Mannequin/Animations/MannequinHand_Right_Grab.uasset" 659
"../../../VR_PRO_18/Content/VirtualReality/Mannequin/Animations/MannequinHand_Right_Open.uasset" 660
"../../../VR_PRO_18/Content/VirtualReality/Mannequin/Animations/RightGrip_BS.uasset" 661
"../../../VR_PRO_18/Content/VirtualRealityBP/Blueprints/GripEnum.uasset" 662
"../../../VR_PRO_18/Content/VirtualReality/Mannequin/Animations/RightHand_AnimBP.uasset" 663
"../../../VR_PRO_18/Content/VirtualRealityBP/Blueprints/MotionControllerHaptics.uasset" 664
"../../../VR_PRO_18/Content/VirtualReality/Materials/M_SplineArcMat.uasset" 665
"../../../VR_PRO_18/Content/VirtualReality/Materials/MI_ChaperoneOutline.uasset" 666
"../../../Engine/Content/BasicShapes/Sphere.uasset" 667
"../../../VR_PRO_18/Content/VirtualReality/Mannequin/Character/Textures/UE4_Mannequin__normals.uasset" 668
"../../../VR_PRO_18/Content/VirtualReality/Mannequin/Character/Textures/UE4_Mannequin_MAT_MASKA.uasset" 669
"../../../VR_PRO_18/Content/VirtualReality/Mannequin/Character/Materials/M_HandMat.uasset" 670
"../../../VR_PRO_18/Content/VirtualReality/Mannequin/Character/Mesh/MannequinHand_Right_PhysicsAsset.uasset" 671
"../../../VR_PRO_18/Content/VirtualReality/Mannequin/Character/Mesh/MannequinHand_Right.uasset" 672
"../../../VR_PRO_18/Content/VirtualReality/Meshes/1x1_cube.uasset" 673
"../../../VR_PRO_18/Content/VirtualReality/Meshes/BeamMesh.uasset" 674
"../../../VR_PRO_18/Content/VirtualRealityBP/Blueprints/BP_MotionController.uasset" 675
"../../../VR_PRO_18/Content/VirtualRealityBP/Blueprints/MotionControllerPawn.uasset" 676
"../../../VR_PRO_18/Content/VirtualRealityBP/Maps/MotionControllerMap_BuiltData.uasset" 677
"../../../VR_PRO_18/Content/VirtualRealityBP/Maps/MotionControllerMap.umap" 678
"../../../VR_PRO_18/Content/VirtualRealityBP/Maps/StartupMap_BuiltData.uasset" 679
"../../../VR_PRO_18/Content/VirtualReality/Materials/GenericHMDMaterial.uasset" 680
"../../../VR_PRO_18/Content/VirtualReality/Meshes/GenericHMD.uasset" 681
"../../../VR_PRO_18/Content/VirtualRealityBP/Maps/StartupMap.umap" 682
"../../../VR_PRO_18/Content/WaterPlane/Lake/Textures/T_MediumWaves_H.uasset" 683
"../../../VR_PRO_18/Content/WaterPlane/Lake/Textures/T_MediumWaves_N.uasset" 684
"../../../VR_PRO_18/Content/WaterPlane/Lake/Materials/M_LakeWater_01.uasset" 685
"../../../VR_PRO_18/Content/WaterPlane/Lake/Materials/M_LakeWater_01_Inst.uasset" 686
"../../../VR_PRO_18/Content/WaterPlane/Lake/Blueprint/BP_LakeWater.uasset" 687
"../../../Engine/Content/Functions/Engine_MaterialFunctions02/Utility/BlendAngleCorrectedNormals.uasset" 688
"../../../VR_PRO_18/Content/WaterPlane/Environment/Textures/T_Detail_Rocky_N.uasset" 689
"../../../VR_PRO_18/Content/WaterPlane/Environment/Textures/T_Rock_Basalt_D.uasset" 690
"../../../VR_PRO_18/Content/WaterPlane/Environment/Textures/T_RockMesh_M.uasset" 691
"../../../VR_PRO_18/Content/WaterPlane/Environment/Textures/T_RockMesh_N.uasset" 692
"../../../VR_PRO_18/Content/WaterPlane/Environment/Props/Materials/M_Rock.uasset" 693
"../../../VR_PRO_18/Content/WaterPlane/Environment/Props/SM_Rock.uasset" 694
"../../../VR_PRO_18/Content/WaterPlane/Maps/LakeWater_Example.umap" 695
"../../../VR_PRO_18/Content/WaterPlane/Maps/OceanWater_Example.umap" 696
"../../../VR_PRO_18/Content/WaterPlane/Environment/HDRI/HDRI_Epic_Courtyard_Daylight.uasset" 697
"../../../VR_PRO_18/Content/WaterPlane/Translucent/Materials/M_TranslucentWater.uasset" 698
"../../../VR_PRO_18/Content/WaterPlane/Translucent/Materials/M_TranslucentWater_Inst.uasset" 699
"../../../VR_PRO_18/Content/WaterPlane/Translucent/Blueprint/BP_TranslucentWater.uasset" 700
"../../../VR_PRO_18/Content/WaterPlane/Environment/Textures/T_MacroVariation.uasset" 701
"../../../VR_PRO_18/Content/WaterPlane/Environment/Textures/T_Perlin_Noise_M.uasset" 702
"../../../VR_PRO_18/Content/WaterPlane/Environment/Textures/T_Rock_Basalt_N.uasset" 703
"../../../VR_PRO_18/Content/WaterPlane/Environment/Materials/M_Rock_Basalt.uasset" 704
"../../../VR_PRO_18/Content/WaterPlane/Maps/TranslucentWater_Example.umap" 705
"../../../Engine/Content/Maps/Entry.umap" 706
